#
# There is insufficient memory for the Java Runtime Environment to continue.
# Native memory allocation (mmap) failed to map 65536 bytes for committing reserved memory.
# Possible reasons:
#   The system is out of physical RAM or swap space
#   In 32 bit mode, the process size limit was hit
# Possible solutions:
#   Reduce memory load on the system
#   Increase physical memory or swap space
#   Check if swap backing store is full
#   Use 64 bit Java on a 64 bit OS
#   Decrease Java heap size (-Xmx/-Xms)
#   Decrease number of Java threads
#   Decrease Java thread stack sizes (-Xss)
#   Set larger code cache with -XX:ReservedCodeCacheSize=
# This output file may be truncated or incomplete.
#
#  Out of Memory Error (os_linux.cpp:2671), pid=10236, tid=140196017698560
#
# JRE version: Java(TM) SE Runtime Environment (8.0_25-b17) (build 1.8.0_25-b17)
# Java VM: Java HotSpot(TM) 64-Bit Server VM (25.25-b02 mixed mode linux-amd64 compressed oops)
# Core dump written. Default location: /home/lrochette/GitHub/EC-Zendesk/src/core or core.10236
#

---------------  T H R E A D  ---------------

Current thread (0x00007f82040b1000):  JavaThread "C1 CompilerThread2" daemon [_thread_in_vm, id=10251, stack(0x00007f81edc57000,0x00007f81edd58000)]

Stack: [0x00007f81edc57000,0x00007f81edd58000],  sp=0x00007f81edd55b20,  free space=1018k
Native frames: (J=compiled Java code, j=interpreted, Vv=VM code, C=native code)
V  [libjvm.so+0xa7923a]  VMError::report_and_die()+0x2ca
V  [libjvm.so+0x4e552b]  report_vm_out_of_memory(char const*, int, unsigned long, VMErrorType, char const*)+0x8b
V  [libjvm.so+0x8e5613]  os::Linux::commit_memory_impl(char*, unsigned long, bool)+0x103
V  [libjvm.so+0x8e5b69]  os::pd_commit_memory(char*, unsigned long, unsigned long, bool)+0x29
V  [libjvm.so+0x8df83a]  os::commit_memory(char*, unsigned long, unsigned long, bool)+0x2a
V  [libjvm.so+0xa75169]  VirtualSpace::expand_by(unsigned long, bool)+0x1c9
V  [libjvm.so+0x5f1aec]  CodeHeap::expand_by(unsigned long)+0x8c
V  [libjvm.so+0x46f0b0]  CodeCache::allocate(int, bool)+0x60
V  [libjvm.so+0x8b1ebc]  nmethod::new_nmethod(methodHandle, int, int, CodeOffsets*, int, DebugInformationRecorder*, Dependencies*, CodeBuffer*, int, OopMapSet*, ExceptionHandlerTable*, ImplicitExceptionTable*, AbstractCompiler*, int)+0x1fc
V  [libjvm.so+0x409204]  ciEnv::register_method(ciMethod*, int, CodeOffsets*, int, CodeBuffer*, int, OopMapSet*, ExceptionHandlerTable*, ImplicitExceptionTable*, AbstractCompiler*, int, bool, bool, RTMState)+0x6e4
V  [libjvm.so+0x34def9]  Compilation::install_code(int)+0xc9
V  [libjvm.so+0x34f3ec]  Compilation::compile_method()+0xec
V  [libjvm.so+0x34f6bb]  Compilation::Compilation(AbstractCompiler*, ciEnv*, ciMethod*, int, BufferBlob*)+0x25b
V  [libjvm.so+0x350469]  Compiler::compile_method(ciEnv*, ciMethod*, int)+0xa9
V  [libjvm.so+0x49bc6a]  CompileBroker::invoke_compiler_on_method(CompileTask*)+0xc8a
V  [libjvm.so+0x49e650]  CompileBroker::compiler_thread_loop()+0x620
V  [libjvm.so+0xa29e8f]  JavaThread::thread_main_inner()+0xdf
V  [libjvm.so+0xa29fbc]  JavaThread::run()+0x11c
V  [libjvm.so+0x8e7d48]  java_start(Thread*)+0x108
C  [libpthread.so.0+0x7e9a]  start_thread+0xda


Current CompileTask:
C1:  13039 4415       3       org.eclipse.jdt.internal.compiler.ast.SingleNameReference::generateAssignment (666 bytes)


---------------  P R O C E S S  ---------------

Java Threads: ( => current thread )
  0x00007f82044ac800 JavaThread "CompilationUnitBuilder" [_thread_blocked, id=10257, stack(0x00007f81ed644000,0x00007f81ed745000)]
  0x00007f81b406d000 JavaThread "Timer-0" daemon [_thread_blocked, id=10255, stack(0x00007f81ed4e8000,0x00007f81ed5e9000)]
  0x00007f82040b3800 JavaThread "Service Thread" daemon [_thread_blocked, id=10252, stack(0x00007f81edb56000,0x00007f81edc57000)]
=>0x00007f82040b1000 JavaThread "C1 CompilerThread2" daemon [_thread_in_vm, id=10251, stack(0x00007f81edc57000,0x00007f81edd58000)]
  0x00007f82040af000 JavaThread "C2 CompilerThread1" daemon [_thread_in_native, id=10250, stack(0x00007f81edd58000,0x00007f81ede59000)]
  0x00007f82040ac000 JavaThread "C2 CompilerThread0" daemon [_thread_in_vm, id=10249, stack(0x00007f81ede59000,0x00007f81edf5a000)]
  0x00007f82040aa000 JavaThread "Signal Dispatcher" daemon [_thread_blocked, id=10248, stack(0x00007f81edf5a000,0x00007f81ee05b000)]
  0x00007f820407c800 JavaThread "Finalizer" daemon [_thread_blocked, id=10247, stack(0x00007f81ee324000,0x00007f81ee425000)]
  0x00007f820407a800 JavaThread "Reference Handler" daemon [_thread_blocked, id=10246, stack(0x00007f81ee425000,0x00007f81ee526000)]
  0x00007f820400a800 JavaThread "main" [_thread_blocked, id=10240, stack(0x00007f820b03d000,0x00007f820b13e000)]

Other Threads:
  0x00007f8204073800 VMThread [stack: 0x00007f81ee526000,0x00007f81ee627000] [id=10245]
  0x00007f82040ba800 WatcherThread [stack: 0x00007f81eda55000,0x00007f81edb56000] [id=10253]

VM state:synchronizing (normal execution)

VM Mutex/Monitor currently owned by a thread:  ([mutex/lock_event])
[0x00007f8204005d30] CodeCache_lock - owner thread: 0x00007f82040b1000
[0x00007f82040069b0] Threads_lock - owner thread: 0x00007f8204073800
[0x00007f82040073b0] Compile_lock - owner thread: 0x00007f82040b1000
[0x00007f82040074b0] MethodCompileQueue_lock - owner thread: 0x00007f82040b1000

Heap:
 PSYoungGen      total 58368K, used 14954K [0x00000000fab00000, 0x0000000100000000, 0x0000000100000000)
  eden space 29696K, 26% used [0x00000000fab00000,0x00000000fb296e08,0x00000000fc800000)
  from space 28672K, 25% used [0x00000000fe400000,0x00000000feb03b10,0x0000000100000000)
  to   space 28672K, 0% used [0x00000000fc800000,0x00000000fc800000,0x00000000fe400000)
 ParOldGen       total 175104K, used 156312K [0x00000000f0000000, 0x00000000fab00000, 0x00000000fab00000)
  object space 175104K, 89% used [0x00000000f0000000,0x00000000f98a60e8,0x00000000fab00000)
 Metaspace       used 17533K, capacity 18074K, committed 18304K, reserved 1064960K
  class space    used 1719K, capacity 1831K, committed 1920K, reserved 1048576K

Card table byte_map: [0x00007f820afbc000,0x00007f820b03d000] byte_map_base: 0x00007f820a83c000

Marking Bits: (ParMarkBitMap*) 0x00007f820a51f2c0
 Begin Bits: [0x00007f81f423e000, 0x00007f81f463e000)
 End Bits:   [0x00007f81f463e000, 0x00007f81f4a3e000)

Polling page: 0x00007f820b15f000

CodeCache: size=245760Kb used=14647Kb max_used=14647Kb free=231112Kb
 bounds [0x00007f81f5000000, 0x00007f81f5e60000, 0x00007f8204000000]
 total_blobs=4230 nmethods=3883 adapters=257
 compilation: enabled

Compilation events (10 events):
Event: 11.237 Thread 0x00007f82040b1000 nmethod 4419 0x00007f81f566e190 code [0x00007f81f566e880, 0x00007f81f56737f8]
Event: 11.237 Thread 0x00007f82040b1000 4420       3       org.eclipse.jdt.internal.compiler.lookup.ReferenceBinding::readableName (143 bytes)
Event: 11.239 Thread 0x00007f82040b1000 nmethod 4420 0x00007f81f5230d90 code [0x00007f81f52310a0, 0x00007f81f5233338]
Event: 11.239 Thread 0x00007f82040b1000 4417       3       org.eclipse.jdt.internal.compiler.codegen.CodeStream::generateSyntheticEnclosingInstanceValues (322 bytes)
Event: 11.241 Thread 0x00007f82040b1000 nmethod 4417 0x00007f81f566ae10 code [0x00007f81f566b160, 0x00007f81f566d4c8]
Event: 11.241 Thread 0x00007f82040b1000 4418       3       org.eclipse.jdt.internal.compiler.codegen.StackMapFrameCodeStream::getExceptionMarkers (73 bytes)
Event: 11.241 Thread 0x00007f82040b1000 nmethod 4418 0x00007f81f5669f90 code [0x00007f81f566a180, 0x00007f81f566aae8]
Event: 11.241 Thread 0x00007f82040b1000 4413       3       org.eclipse.jdt.internal.compiler.ast.EqualExpression::generateOptimizedNonBooleanEqual (601 bytes)
Event: 11.344 Thread 0x00007f82040b1000 nmethod 4413 0x00007f81f5666050 code [0x00007f81f56664a0, 0x00007f81f56693d8]
Event: 11.344 Thread 0x00007f82040b1000 4415       3       org.eclipse.jdt.internal.compiler.ast.SingleNameReference::generateAssignment (666 bytes)

GC Heap History (10 events):
Event: 6.727 GC heap before
{Heap before GC invocations=19 (full 3):
 PSYoungGen      total 58368K, used 6804K [0x00000000fab00000, 0x0000000100000000, 0x0000000100000000)
  eden space 29696K, 0% used [0x00000000fab00000,0x00000000fab00000,0x00000000fc800000)
  from space 28672K, 23% used [0x00000000fe400000,0x00000000feaa51d0,0x0000000100000000)
  to   space 28672K, 0% used [0x00000000fc800000,0x00000000fc800000,0x00000000fe400000)
 ParOldGen       total 147456K, used 131942K [0x00000000f0000000, 0x00000000f9000000, 0x00000000fab00000)
  object space 147456K, 89% used [0x00000000f0000000,0x00000000f80d9a58,0x00000000f9000000)
 Metaspace       used 16278K, capacity 16812K, committed 16896K, reserved 1064960K
  class space    used 1680K, capacity 1786K, committed 1792K, reserved 1048576K
Event: 7.427 GC heap after
Heap after GC invocations=19 (full 3):
 PSYoungGen      total 58368K, used 0K [0x00000000fab00000, 0x0000000100000000, 0x0000000100000000)
  eden space 29696K, 0% used [0x00000000fab00000,0x00000000fab00000,0x00000000fc800000)
  from space 28672K, 0% used [0x00000000fe400000,0x00000000fe400000,0x0000000100000000)
  to   space 28672K, 0% used [0x00000000fc800000,0x00000000fc800000,0x00000000fe400000)
 ParOldGen       total 175104K, used 130739K [0x00000000f0000000, 0x00000000fab00000, 0x00000000fab00000)
  object space 175104K, 74% used [0x00000000f0000000,0x00000000f7facf80,0x00000000fab00000)
 Metaspace       used 16278K, capacity 16812K, committed 16896K, reserved 1064960K
  class space    used 1680K, capacity 1786K, committed 1792K, reserved 1048576K
}
Event: 8.053 GC heap before
{Heap before GC invocations=20 (full 3):
 PSYoungGen      total 58368K, used 29696K [0x00000000fab00000, 0x0000000100000000, 0x0000000100000000)
  eden space 29696K, 100% used [0x00000000fab00000,0x00000000fc800000,0x00000000fc800000)
  from space 28672K, 0% used [0x00000000fe400000,0x00000000fe400000,0x0000000100000000)
  to   space 28672K, 0% used [0x00000000fc800000,0x00000000fc800000,0x00000000fe400000)
 ParOldGen       total 175104K, used 130739K [0x00000000f0000000, 0x00000000fab00000, 0x00000000fab00000)
  object space 175104K, 74% used [0x00000000f0000000,0x00000000f7facf80,0x00000000fab00000)
 Metaspace       used 16780K, capacity 17276K, committed 17536K, reserved 1064960K
  class space    used 1711K, capacity 1826K, committed 1920K, reserved 1048576K
Event: 8.063 GC heap after
Heap after GC invocations=20 (full 3):
 PSYoungGen      total 58368K, used 7952K [0x00000000fab00000, 0x0000000100000000, 0x0000000100000000)
  eden space 29696K, 0% used [0x00000000fab00000,0x00000000fab00000,0x00000000fc800000)
  from space 28672K, 27% used [0x00000000fc800000,0x00000000fcfc41c8,0x00000000fe400000)
  to   space 28672K, 0% used [0x00000000fe400000,0x00000000fe400000,0x0000000100000000)
 ParOldGen       total 175104K, used 130747K [0x00000000f0000000, 0x00000000fab00000, 0x00000000fab00000)
  object space 175104K, 74% used [0x00000000f0000000,0x00000000f7faef80,0x00000000fab00000)
 Metaspace       used 16780K, capacity 17276K, committed 17536K, reserved 1064960K
  class space    used 1711K, capacity 1826K, committed 1920K, reserved 1048576K
}
Event: 8.355 GC heap before
{Heap before GC invocations=21 (full 3):
 PSYoungGen      total 58368K, used 37648K [0x00000000fab00000, 0x0000000100000000, 0x0000000100000000)
  eden space 29696K, 100% used [0x00000000fab00000,0x00000000fc800000,0x00000000fc800000)
  from space 28672K, 27% used [0x00000000fc800000,0x00000000fcfc41c8,0x00000000fe400000)
  to   space 28672K, 0% used [0x00000000fe400000,0x00000000fe400000,0x0000000100000000)
 ParOldGen       total 175104K, used 130747K [0x00000000f0000000, 0x00000000fab00000, 0x00000000fab00000)
  object space 175104K, 74% used [0x00000000f0000000,0x00000000f7faef80,0x00000000fab00000)
 Metaspace       used 17005K, capacity 17550K, committed 17792K, reserved 1064960K
  class space    used 1714K, capacity 1829K, committed 1920K, reserved 1048576K
Event: 8.680 GC heap after
Heap after GC invocations=21 (full 3):
 PSYoungGen      total 58368K, used 7657K [0x00000000fab00000, 0x0000000100000000, 0x0000000100000000)
  eden space 29696K, 0% used [0x00000000fab00000,0x00000000fab00000,0x00000000fc800000)
  from space 28672K, 26% used [0x00000000fe400000,0x00000000feb7a5e8,0x0000000100000000)
  to   space 28672K, 0% used [0x00000000fc800000,0x00000000fc800000,0x00000000fe400000)
 ParOldGen       total 175104K, used 138915K [0x00000000f0000000, 0x00000000fab00000, 0x00000000fab00000)
  object space 175104K, 79% used [0x00000000f0000000,0x00000000f87a8d80,0x00000000fab00000)
 Metaspace       used 17005K, capacity 17550K, committed 17792K, reserved 1064960K
  class space    used 1714K, capacity 1829K, committed 1920K, reserved 1048576K
}
Event: 8.932 GC heap before
{Heap before GC invocations=22 (full 3):
 PSYoungGen      total 58368K, used 37353K [0x00000000fab00000, 0x0000000100000000, 0x0000000100000000)
  eden space 29696K, 100% used [0x00000000fab00000,0x00000000fc800000,0x00000000fc800000)
  from space 28672K, 26% used [0x00000000fe400000,0x00000000feb7a5e8,0x0000000100000000)
  to   space 28672K, 0% used [0x00000000fc800000,0x00000000fc800000,0x00000000fe400000)
 ParOldGen       total 175104K, used 138915K [0x00000000f0000000, 0x00000000fab00000, 0x00000000fab00000)
  object space 175104K, 79% used [0x00000000f0000000,0x00000000f87a8d80,0x00000000fab00000)
 Metaspace       used 17347K, capacity 17882K, committed 18048K, reserved 1064960K
  class space    used 1719K, capacity 1831K, committed 1920K, reserved 1048576K
Event: 9.115 GC heap after
Heap after GC invocations=22 (full 3):
 PSYoungGen      total 58368K, used 8933K [0x00000000fab00000, 0x0000000100000000, 0x0000000100000000)
  eden space 29696K, 0% used [0x00000000fab00000,0x00000000fab00000,0x00000000fc800000)
  from space 28672K, 31% used [0x00000000fc800000,0x00000000fd0b9710,0x00000000fe400000)
  to   space 28672K, 0% used [0x00000000fe400000,0x00000000fe400000,0x0000000100000000)
 ParOldGen       total 175104K, used 146979K [0x00000000f0000000, 0x00000000fab00000, 0x00000000fab00000)
  object space 175104K, 83% used [0x00000000f0000000,0x00000000f8f88f20,0x00000000fab00000)
 Metaspace       used 17347K, capacity 17882K, committed 18048K, reserved 1064960K
  class space    used 1719K, capacity 1831K, committed 1920K, reserved 1048576K
}
Event: 10.273 GC heap before
{Heap before GC invocations=23 (full 3):
 PSYoungGen      total 58368K, used 38595K [0x00000000fab00000, 0x0000000100000000, 0x0000000100000000)
  eden space 29696K, 99% used [0x00000000fab00000,0x00000000fc7f7858,0x00000000fc800000)
  from space 28672K, 31% used [0x00000000fc800000,0x00000000fd0b9710,0x00000000fe400000)
  to   space 28672K, 0% used [0x00000000fe400000,0x00000000fe400000,0x0000000100000000)
 ParOldGen       total 175104K, used 146979K [0x00000000f0000000, 0x00000000fab00000, 0x00000000fab00000)
  object space 175104K, 83% used [0x00000000f0000000,0x00000000f8f88f20,0x00000000fab00000)
 Metaspace       used 17495K, capacity 18074K, committed 18304K, reserved 1064960K
  class space    used 1719K, capacity 1831K, committed 1920K, reserved 1048576K
Event: 10.773 GC heap after
Heap after GC invocations=23 (full 3):
 PSYoungGen      total 58368K, used 7182K [0x00000000fab00000, 0x0000000100000000, 0x0000000100000000)
  eden space 29696K, 0% used [0x00000000fab00000,0x00000000fab00000,0x00000000fc800000)
  from space 28672K, 25% used [0x00000000fe400000,0x00000000feb03b10,0x0000000100000000)
  to   space 28672K, 0% used [0x00000000fc800000,0x00000000fc800000,0x00000000fe400000)
 ParOldGen       total 175104K, used 156312K [0x00000000f0000000, 0x00000000fab00000, 0x00000000fab00000)
  object space 175104K, 89% used [0x00000000f0000000,0x00000000f98a60e8,0x00000000fab00000)
 Metaspace       used 17495K, capacity 18074K, committed 18304K, reserved 1064960K
  class space    used 1719K, capacity 1831K, committed 1920K, reserved 1048576K
}

Deoptimization events (10 events):
Event: 9.703 Thread 0x00007f820400a800 Uncommon trap: reason=class_check action=maybe_recompile pc=0x00007f81f54c6e34 method=java.io.FilterInputStream.available()I @ 4
Event: 9.703 Thread 0x00007f820400a800 Uncommon trap: reason=class_check action=maybe_recompile pc=0x00007f81f54c01e8 method=java.io.FilterInputStream.read([BII)I @ 7
Event: 9.703 Thread 0x00007f820400a800 Uncommon trap: reason=class_check action=maybe_recompile pc=0x00007f81f54c6e34 method=java.io.FilterInputStream.available()I @ 4
Event: 9.703 Thread 0x00007f820400a800 Uncommon trap: reason=class_check action=maybe_recompile pc=0x00007f81f54c01e8 method=java.io.FilterInputStream.read([BII)I @ 7
Event: 9.703 Thread 0x00007f820400a800 Uncommon trap: reason=range_check action=make_not_entrant pc=0x00007f81f584c67c method=org.eclipse.jdt.internal.compiler.classfmt.ClassFileStruct.utf8At(II)[C @ 30
Event: 11.059 Thread 0x00007f820400a800 Uncommon trap: reason=class_check action=maybe_recompile pc=0x00007f81f5dbfd0c method=org.eclipse.jdt.internal.compiler.ast.Argument.traverse(Lorg/eclipse/jdt/internal/compiler/ASTVisitor;Lorg/eclipse/jdt/internal/compiler/lookup/BlockScope;)V @ 37
Event: 11.062 Thread 0x00007f820400a800 Uncommon trap: reason=class_check action=maybe_recompile pc=0x00007f81f5dbfd0c method=org.eclipse.jdt.internal.compiler.ast.Argument.traverse(Lorg/eclipse/jdt/internal/compiler/ASTVisitor;Lorg/eclipse/jdt/internal/compiler/lookup/BlockScope;)V @ 37
Event: 11.063 Thread 0x00007f820400a800 Uncommon trap: reason=class_check action=maybe_recompile pc=0x00007f81f5dbfd0c method=org.eclipse.jdt.internal.compiler.ast.Argument.traverse(Lorg/eclipse/jdt/internal/compiler/ASTVisitor;Lorg/eclipse/jdt/internal/compiler/lookup/BlockScope;)V @ 37
Event: 11.063 Thread 0x00007f820400a800 Uncommon trap: reason=class_check action=maybe_recompile pc=0x00007f81f5dbfd0c method=org.eclipse.jdt.internal.compiler.ast.Argument.traverse(Lorg/eclipse/jdt/internal/compiler/ASTVisitor;Lorg/eclipse/jdt/internal/compiler/lookup/BlockScope;)V @ 37
Event: 11.063 Thread 0x00007f820400a800 Uncommon trap: reason=class_check action=maybe_recompile pc=0x00007f81f5bcd348 method=org.eclipse.jdt.internal.compiler.ast.Argument.traverse(Lorg/eclipse/jdt/internal/compiler/ASTVisitor;Lorg/eclipse/jdt/internal/compiler/lookup/BlockScope;)V @ 37

Internal exceptions (10 events):
Event: 11.110 Thread 0x00007f820400a800 Exception <a 'java/security/PrivilegedActionException'> (0x00000000faf14308) thrown at [/HUDSON/workspace/8-2-build-linux-amd64/jdk8u25/1514/hotspot/src/share/vm/prims/jvm.cpp, line 1312]
Event: 11.110 Thread 0x00007f820400a800 Exception <a 'java/security/PrivilegedActionException'> (0x00000000faf14650) thrown at [/HUDSON/workspace/8-2-build-linux-amd64/jdk8u25/1514/hotspot/src/share/vm/prims/jvm.cpp, line 1312]
Event: 11.124 Thread 0x00007f820400a800 Exception <a 'java/security/PrivilegedActionException'> (0x00000000fafb7750) thrown at [/HUDSON/workspace/8-2-build-linux-amd64/jdk8u25/1514/hotspot/src/share/vm/prims/jvm.cpp, line 1312]
Event: 11.124 Thread 0x00007f820400a800 Exception <a 'java/security/PrivilegedActionException'> (0x00000000fafb7a98) thrown at [/HUDSON/workspace/8-2-build-linux-amd64/jdk8u25/1514/hotspot/src/share/vm/prims/jvm.cpp, line 1312]
Event: 11.124 Thread 0x00007f820400a800 Exception <a 'java/security/PrivilegedActionException'> (0x00000000fafbbd48) thrown at [/HUDSON/workspace/8-2-build-linux-amd64/jdk8u25/1514/hotspot/src/share/vm/prims/jvm.cpp, line 1312]
Event: 11.124 Thread 0x00007f820400a800 Exception <a 'java/security/PrivilegedActionException'> (0x00000000fafbc090) thrown at [/HUDSON/workspace/8-2-build-linux-amd64/jdk8u25/1514/hotspot/src/share/vm/prims/jvm.cpp, line 1312]
Event: 11.128 Thread 0x00007f820400a800 Exception <a 'java/security/PrivilegedActionException'> (0x00000000fb076d90) thrown at [/HUDSON/workspace/8-2-build-linux-amd64/jdk8u25/1514/hotspot/src/share/vm/prims/jvm.cpp, line 1312]
Event: 11.128 Thread 0x00007f820400a800 Exception <a 'java/security/PrivilegedActionException'> (0x00000000fb0770d8) thrown at [/HUDSON/workspace/8-2-build-linux-amd64/jdk8u25/1514/hotspot/src/share/vm/prims/jvm.cpp, line 1312]
Event: 11.129 Thread 0x00007f820400a800 Exception <a 'java/security/PrivilegedActionException'> (0x00000000fb07ac20) thrown at [/HUDSON/workspace/8-2-build-linux-amd64/jdk8u25/1514/hotspot/src/share/vm/prims/jvm.cpp, line 1312]
Event: 11.129 Thread 0x00007f820400a800 Exception <a 'java/security/PrivilegedActionException'> (0x00000000fb07af68) thrown at [/HUDSON/workspace/8-2-build-linux-amd64/jdk8u25/1514/hotspot/src/share/vm/prims/jvm.cpp, line 1312]

Events (10 events):
Event: 11.063 Thread 0x00007f820400a800 DEOPT UNPACKING pc=0x00007f81f5004f69 sp=0x00007f820b13b9b8 mode 2
Event: 11.063 Thread 0x00007f820400a800 Uncommon trap: trap_request=0xffffffde fr.pc=0x00007f81f5dbfd0c
Event: 11.063 Thread 0x00007f820400a800 DEOPT PACKING pc=0x00007f81f5dbfd0c sp=0x00007f820b13ba60
Event: 11.063 Thread 0x00007f820400a800 DEOPT UNPACKING pc=0x00007f81f5004f69 sp=0x00007f820b13b9b8 mode 2
Event: 11.063 Thread 0x00007f820400a800 Uncommon trap: trap_request=0xffffffde fr.pc=0x00007f81f5dbfd0c
Event: 11.063 Thread 0x00007f820400a800 DEOPT PACKING pc=0x00007f81f5dbfd0c sp=0x00007f820b13ba60
Event: 11.063 Thread 0x00007f820400a800 DEOPT UNPACKING pc=0x00007f81f5004f69 sp=0x00007f820b13b9b8 mode 2
Event: 11.063 Thread 0x00007f820400a800 Uncommon trap: trap_request=0xffffffde fr.pc=0x00007f81f5bcd348
Event: 11.063 Thread 0x00007f820400a800 DEOPT PACKING pc=0x00007f81f5bcd348 sp=0x00007f820b13b870
Event: 11.063 Thread 0x00007f820400a800 DEOPT UNPACKING pc=0x00007f81f5004f69 sp=0x00007f820b13b848 mode 2


Dynamic libraries:
00400000-00401000 r-xp 00000000 08:01 28954                              /opt/electriccloud/electriccommander/jre/bin/java
00600000-00601000 rw-p 00000000 08:01 28954                              /opt/electriccloud/electriccommander/jre/bin/java
00cfe000-00d1f000 rw-p 00000000 00:00 0                                  [heap]
f0000000-fab00000 rw-p 00000000 00:00 0 
fab00000-100000000 rw-p 00000000 00:00 0 
100000000-1001e0000 rw-p 00000000 00:00 0 
1001e0000-140000000 ---p 00000000 00:00 0 
7f81a8000000-7f81a8021000 rw-p 00000000 00:00 0 
7f81a8021000-7f81ac000000 ---p 00000000 00:00 0 
7f81b0000000-7f81b0021000 rw-p 00000000 00:00 0 
7f81b0021000-7f81b4000000 ---p 00000000 00:00 0 
7f81b4000000-7f81b410f000 rw-p 00000000 00:00 0 
7f81b410f000-7f81b8000000 ---p 00000000 00:00 0 
7f81b8000000-7f81b8a8d000 rw-p 00000000 00:00 0 
7f81b8a8d000-7f81bc000000 ---p 00000000 00:00 0 
7f81bc000000-7f81bc021000 rw-p 00000000 00:00 0 
7f81bc021000-7f81c0000000 ---p 00000000 00:00 0 
7f81c0000000-7f81c28e6000 rw-p 00000000 00:00 0 
7f81c28e6000-7f81c4000000 ---p 00000000 00:00 0 
7f81c4000000-7f81c60a6000 rw-p 00000000 00:00 0 
7f81c60a6000-7f81c8000000 ---p 00000000 00:00 0 
7f81c8000000-7f81c8021000 rw-p 00000000 00:00 0 
7f81c8021000-7f81cc000000 ---p 00000000 00:00 0 
7f81cc000000-7f81cc021000 rw-p 00000000 00:00 0 
7f81cc021000-7f81d0000000 ---p 00000000 00:00 0 
7f81d0000000-7f81d0112000 rw-p 00000000 00:00 0 
7f81d0112000-7f81d4000000 ---p 00000000 00:00 0 
7f81d4000000-7f81d4021000 rw-p 00000000 00:00 0 
7f81d4021000-7f81d8000000 ---p 00000000 00:00 0 
7f81d8000000-7f81d8021000 rw-p 00000000 00:00 0 
7f81d8021000-7f81dc000000 ---p 00000000 00:00 0 
7f81e0000000-7f81e0021000 rw-p 00000000 00:00 0 
7f81e0021000-7f81e4000000 ---p 00000000 00:00 0 
7f81e8000000-7f81e8021000 rw-p 00000000 00:00 0 
7f81e8021000-7f81ec000000 ---p 00000000 00:00 0 
7f81ec530000-7f81ec730000 rw-p 00000000 00:00 0 
7f81ec730000-7f81ec743000 r--s 00344000 08:01 29019                      /opt/electriccloud/electriccommander/jre/lib/resources.jar
7f81ec743000-7f81ec943000 rw-p 00000000 00:00 0 
7f81ec943000-7f81ecb43000 rw-p 00000000 00:00 0 
7f81ecb43000-7f81ecd43000 rw-p 00000000 00:00 0 
7f81ecd43000-7f81ecd4a000 r-xp 00000000 08:01 29031                      /opt/electriccloud/electriccommander/jre/lib/amd64/libawt_headless.so
7f81ecd4a000-7f81ecf49000 ---p 00007000 08:01 29031                      /opt/electriccloud/electriccommander/jre/lib/amd64/libawt_headless.so
7f81ecf49000-7f81ecf4a000 rw-p 00006000 08:01 29031                      /opt/electriccloud/electriccommander/jre/lib/amd64/libawt_headless.so
7f81ecf4a000-7f81ecfec000 r-xp 00000000 08:01 29030                      /opt/electriccloud/electriccommander/jre/lib/amd64/libawt.so
7f81ecfec000-7f81ed1ec000 ---p 000a2000 08:01 29030                      /opt/electriccloud/electriccommander/jre/lib/amd64/libawt.so
7f81ed1ec000-7f81ed1f8000 rw-p 000a2000 08:01 29030                      /opt/electriccloud/electriccommander/jre/lib/amd64/libawt.so
7f81ed1f8000-7f81ed21c000 rw-p 00000000 00:00 0 
7f81ed21c000-7f81ed224000 r-xp 00000000 08:01 29078                      /opt/electriccloud/electriccommander/jre/lib/amd64/libmanagement.so
7f81ed224000-7f81ed424000 ---p 00008000 08:01 29078                      /opt/electriccloud/electriccommander/jre/lib/amd64/libmanagement.so
7f81ed424000-7f81ed425000 rw-p 00008000 08:01 29078                      /opt/electriccloud/electriccommander/jre/lib/amd64/libmanagement.so
7f81ed425000-7f81ed429000 r--s 00093000 08:01 29007                      /opt/electriccloud/electriccommander/jre/lib/jsse.jar
7f81ed429000-7f81ed440000 r--s 00175000 08:01 29267                      /opt/electriccloud/electriccommander/jre/lib/ext/nashorn.jar
7f81ed440000-7f81ed4cc000 r--s 00fea000 08:01 29263                      /opt/electriccloud/electriccommander/jre/lib/ext/jfxrt.jar
7f81ed4cc000-7f81ed4e8000 r--s 00393000 08:01 29260                      /opt/electriccloud/electriccommander/jre/lib/ext/cldrdata.jar
7f81ed4e8000-7f81ed4eb000 ---p 00000000 00:00 0 
7f81ed4eb000-7f81ed5e9000 rw-p 00000000 00:00 0 
7f81ed5e9000-7f81ed637000 r--s 0020a000 08:01 22411                      /opt/electriccloud/electriccommander/utils/commander-client.jar
7f81ed637000-7f81ed644000 r--s 00073000 08:01 32137                      /opt/electriccloud/CommanderSDK/lib/ec-gwt.jar
7f81ed644000-7f81ed647000 ---p 00000000 00:00 0 
7f81ed647000-7f81ed78d000 rw-p 00000000 00:00 0 
7f81ed78d000-7f81ed950000 r--s 01df0000 08:01 32140                      /opt/electriccloud/CommanderSDK/lib/gwt-dev.jar
7f81ed950000-7f81eda55000 r--s 01a51000 08:01 32142                      /opt/electriccloud/CommanderSDK/lib/gwt-user.jar
7f81eda55000-7f81eda56000 ---p 00000000 00:00 0 
7f81eda56000-7f81edb56000 rw-p 00000000 00:00 0 
7f81edb56000-7f81edb59000 ---p 00000000 00:00 0 
7f81edb59000-7f81edc57000 rw-p 00000000 00:00 0 
7f81edc57000-7f81edc5a000 ---p 00000000 00:00 0 
7f81edc5a000-7f81edd58000 rw-p 00000000 00:00 0 
7f81edd58000-7f81edd5b000 ---p 00000000 00:00 0 
7f81edd5b000-7f81ede59000 rw-p 00000000 00:00 0 
7f81ede59000-7f81ede5c000 ---p 00000000 00:00 0 
7f81ede5c000-7f81edf5a000 rw-p 00000000 00:00 0 
7f81edf5a000-7f81edf5d000 ---p 00000000 00:00 0 
7f81edf5d000-7f81ee05b000 rw-p 00000000 00:00 0 
7f81ee05b000-7f81ee324000 r--p 00000000 08:01 161003                     /usr/lib/locale/locale-archive
7f81ee324000-7f81ee327000 ---p 00000000 00:00 0 
7f81ee327000-7f81ee425000 rw-p 00000000 00:00 0 
7f81ee425000-7f81ee428000 ---p 00000000 00:00 0 
7f81ee428000-7f81ee526000 rw-p 00000000 00:00 0 
7f81ee526000-7f81ee527000 ---p 00000000 00:00 0 
7f81ee527000-7f81ef62a000 rw-p 00000000 00:00 0 
7f81ef62a000-7f81ef800000 r--s 03caa000 08:01 29020                      /opt/electriccloud/electriccommander/jre/lib/rt.jar
7f81ef800000-7f81f0000000 rw-p 00000000 00:00 0 
7f81f0000000-7f81f0021000 rw-p 00000000 00:00 0 
7f81f0021000-7f81f4000000 ---p 00000000 00:00 0 
7f81f4001000-7f81f4004000 r--s 0003a000 08:01 29271                      /opt/electriccloud/electriccommander/jre/lib/ext/sunpkcs11.jar
7f81f4004000-7f81f4005000 r--s 00000000 08:01 32143                      /opt/electriccloud/CommanderSDK/lib/jcip-annotations.jar
7f81f4005000-7f81f4007000 r--s 00004000 08:01 32134                      /opt/electriccloud/CommanderSDK/lib/annotations.jar
7f81f4007000-7f81f4013000 r--s 000b2000 08:01 32139                      /opt/electriccloud/CommanderSDK/lib/guava-gwt.jar
7f81f4013000-7f81f403c000 r--s 001ee000 08:01 32138                      /opt/electriccloud/CommanderSDK/lib/guava.jar
7f81f403c000-7f81f4064000 rw-p 00000000 00:00 0 
7f81f4064000-7f81f4066000 r--s 00003000 08:01 33369                      /opt/electriccloud/electriccommander/plugins/EC-Admin-2.12.1.304/lib5/annotations.jar
7f81f4066000-7f81f4075000 r--s 0009a000 08:01 33373                      /opt/electriccloud/electriccommander/plugins/EC-Admin-2.12.1.304/lib5/guice.jar
7f81f4075000-7f81f4077000 r--s 00007000 08:01 33372                      /opt/electriccloud/electriccommander/plugins/EC-Admin-2.12.1.304/lib5/guice-assistedinject.jar
7f81f4077000-7f81f4078000 r--s 00000000 08:01 33375                      /opt/electriccloud/electriccommander/plugins/EC-Admin-2.12.1.304/lib5/javax.inject.jar
7f81f4078000-7f81f4088000 r--s 00087000 08:01 33374                      /opt/electriccloud/electriccommander/plugins/EC-Admin-2.12.1.304/lib5/gwtp-all-0.8-PATCH5.jar
7f81f4088000-7f81f4090000 r--s 00044000 08:01 33371                      /opt/electriccloud/electriccommander/plugins/EC-Admin-2.12.1.304/lib5/gin-2.1.1.jar
7f81f4090000-7f81f409f000 r--s 00096000 08:01 33370                      /opt/electriccloud/electriccommander/plugins/EC-Admin-2.12.1.304/lib5/ec_internal.jar
7f81f409f000-7f81f40ed000 r--s 0020a000 08:01 32350                      /opt/electriccloud/CommanderSDK/lib/commander-client.jar
7f81f40ed000-7f81f4a3e000 rw-p 00000000 00:00 0 
7f81f4a3e000-7f81f4a3f000 ---p 00000000 00:00 0 
7f81f4a3f000-7f81f4b3f000 rw-p 00000000 00:00 0 
7f81f4b3f000-7f81f4b40000 ---p 00000000 00:00 0 
7f81f4b40000-7f81f4c7a000 rw-p 00000000 00:00 0 
7f81f4c7a000-7f81f5000000 ---p 00000000 00:00 0 
7f81f5000000-7f81f5e60000 rwxp 00000000 00:00 0 
7f81f5e70000-7f8204000000 ---p 00000000 00:00 0 
7f8204000000-7f820499e000 rw-p 00000000 00:00 0 
7f820499e000-7f8208000000 ---p 00000000 00:00 0 
7f8208000000-7f8208005000 r--s 0003f000 08:01 29270                      /opt/electriccloud/electriccommander/jre/lib/ext/sunjce_provider.jar
7f8208005000-7f820802d000 rw-p 00000000 00:00 0 
7f820802d000-7f820802e000 ---p 00000000 00:00 0 
7f820802e000-7f820812e000 rw-p 00000000 00:00 0 
7f820812e000-7f820812f000 ---p 00000000 00:00 0 
7f820812f000-7f820822f000 rw-p 00000000 00:00 0 
7f820822f000-7f8208249000 r-xp 00000000 08:01 29099                      /opt/electriccloud/electriccommander/jre/lib/amd64/libzip.so
7f8208249000-7f8208449000 ---p 0001a000 08:01 29099                      /opt/electriccloud/electriccommander/jre/lib/amd64/libzip.so
7f8208449000-7f820844a000 rw-p 0001a000 08:01 29099                      /opt/electriccloud/electriccommander/jre/lib/amd64/libzip.so
7f820844a000-7f8208456000 r-xp 00000000 08:01 666277                     /lib/x86_64-linux-gnu/libnss_files-2.15.so
7f8208456000-7f8208655000 ---p 0000c000 08:01 666277                     /lib/x86_64-linux-gnu/libnss_files-2.15.so
7f8208655000-7f8208656000 r--p 0000b000 08:01 666277                     /lib/x86_64-linux-gnu/libnss_files-2.15.so
7f8208656000-7f8208657000 rw-p 0000c000 08:01 666277                     /lib/x86_64-linux-gnu/libnss_files-2.15.so
7f8208657000-7f8208661000 r-xp 00000000 08:01 666281                     /lib/x86_64-linux-gnu/libnss_nis-2.15.so
7f8208661000-7f8208861000 ---p 0000a000 08:01 666281                     /lib/x86_64-linux-gnu/libnss_nis-2.15.so
7f8208861000-7f8208862000 r--p 0000a000 08:01 666281                     /lib/x86_64-linux-gnu/libnss_nis-2.15.so
7f8208862000-7f8208863000 rw-p 0000b000 08:01 666281                     /lib/x86_64-linux-gnu/libnss_nis-2.15.so
7f8208863000-7f820887a000 r-xp 00000000 08:01 666296                     /lib/x86_64-linux-gnu/libnsl-2.15.so
7f820887a000-7f8208a79000 ---p 00017000 08:01 666296                     /lib/x86_64-linux-gnu/libnsl-2.15.so
7f8208a79000-7f8208a7a000 r--p 00016000 08:01 666296                     /lib/x86_64-linux-gnu/libnsl-2.15.so
7f8208a7a000-7f8208a7b000 rw-p 00017000 08:01 666296                     /lib/x86_64-linux-gnu/libnsl-2.15.so
7f8208a7b000-7f8208a7d000 rw-p 00000000 00:00 0 
7f8208a7d000-7f8208a85000 r-xp 00000000 08:01 666275                     /lib/x86_64-linux-gnu/libnss_compat-2.15.so
7f8208a85000-7f8208c84000 ---p 00008000 08:01 666275                     /lib/x86_64-linux-gnu/libnss_compat-2.15.so
7f8208c84000-7f8208c85000 r--p 00007000 08:01 666275                     /lib/x86_64-linux-gnu/libnss_compat-2.15.so
7f8208c85000-7f8208c86000 rw-p 00008000 08:01 666275                     /lib/x86_64-linux-gnu/libnss_compat-2.15.so
7f8208c86000-7f8208cb0000 r-xp 00000000 08:01 29052                      /opt/electriccloud/electriccommander/jre/lib/amd64/libjava.so
7f8208cb0000-7f8208eb0000 ---p 0002a000 08:01 29052                      /opt/electriccloud/electriccommander/jre/lib/amd64/libjava.so
7f8208eb0000-7f8208eb2000 rw-p 0002a000 08:01 29052                      /opt/electriccloud/electriccommander/jre/lib/amd64/libjava.so
7f8208eb2000-7f8208ebf000 r-xp 00000000 08:01 29098                      /opt/electriccloud/electriccommander/jre/lib/amd64/libverify.so
7f8208ebf000-7f82090bf000 ---p 0000d000 08:01 29098                      /opt/electriccloud/electriccommander/jre/lib/amd64/libverify.so
7f82090bf000-7f82090c1000 rw-p 0000d000 08:01 29098                      /opt/electriccloud/electriccommander/jre/lib/amd64/libverify.so
7f82090c1000-7f82090c8000 r-xp 00000000 08:01 666280                     /lib/x86_64-linux-gnu/librt-2.15.so
7f82090c8000-7f82092c7000 ---p 00007000 08:01 666280                     /lib/x86_64-linux-gnu/librt-2.15.so
7f82092c7000-7f82092c8000 r--p 00006000 08:01 666280                     /lib/x86_64-linux-gnu/librt-2.15.so
7f82092c8000-7f82092c9000 rw-p 00007000 08:01 666280                     /lib/x86_64-linux-gnu/librt-2.15.so
7f82092c9000-7f82093c4000 r-xp 00000000 08:01 666284                     /lib/x86_64-linux-gnu/libm-2.15.so
7f82093c4000-7f82095c3000 ---p 000fb000 08:01 666284                     /lib/x86_64-linux-gnu/libm-2.15.so
7f82095c3000-7f82095c4000 r--p 000fa000 08:01 666284                     /lib/x86_64-linux-gnu/libm-2.15.so
7f82095c4000-7f82095c5000 rw-p 000fb000 08:01 666284                     /lib/x86_64-linux-gnu/libm-2.15.so
7f82095c5000-7f820a232000 r-xp 00000000 08:01 29106                      /opt/electriccloud/electriccommander/jre/lib/amd64/server/libjvm.so
7f820a232000-7f820a431000 ---p 00c6d000 08:01 29106                      /opt/electriccloud/electriccommander/jre/lib/amd64/server/libjvm.so
7f820a431000-7f820a507000 rw-p 00c6c000 08:01 29106                      /opt/electriccloud/electriccommander/jre/lib/amd64/server/libjvm.so
7f820a507000-7f820a54a000 rw-p 00000000 00:00 0 
7f820a54a000-7f820a6ff000 r-xp 00000000 08:01 666273                     /lib/x86_64-linux-gnu/libc-2.15.so
7f820a6ff000-7f820a8ff000 ---p 001b5000 08:01 666273                     /lib/x86_64-linux-gnu/libc-2.15.so
7f820a8ff000-7f820a903000 r--p 001b5000 08:01 666273                     /lib/x86_64-linux-gnu/libc-2.15.so
7f820a903000-7f820a905000 rw-p 001b9000 08:01 666273                     /lib/x86_64-linux-gnu/libc-2.15.so
7f820a905000-7f820a90a000 rw-p 00000000 00:00 0 
7f820a90a000-7f820a90c000 r-xp 00000000 08:01 666288                     /lib/x86_64-linux-gnu/libdl-2.15.so
7f820a90c000-7f820ab0c000 ---p 00002000 08:01 666288                     /lib/x86_64-linux-gnu/libdl-2.15.so
7f820ab0c000-7f820ab0d000 r--p 00002000 08:01 666288                     /lib/x86_64-linux-gnu/libdl-2.15.so
7f820ab0d000-7f820ab0e000 rw-p 00003000 08:01 666288                     /lib/x86_64-linux-gnu/libdl-2.15.so
7f820ab0e000-7f820ab23000 r-xp 00000000 08:01 29102                      /opt/electriccloud/electriccommander/jre/lib/amd64/jli/libjli.so
7f820ab23000-7f820ad22000 ---p 00015000 08:01 29102                      /opt/electriccloud/electriccommander/jre/lib/amd64/jli/libjli.so
7f820ad22000-7f820ad23000 rw-p 00014000 08:01 29102                      /opt/electriccloud/electriccommander/jre/lib/amd64/jli/libjli.so
7f820ad23000-7f820ad3b000 r-xp 00000000 08:01 666282                     /lib/x86_64-linux-gnu/libpthread-2.15.so
7f820ad3b000-7f820af3a000 ---p 00018000 08:01 666282                     /lib/x86_64-linux-gnu/libpthread-2.15.so
7f820af3a000-7f820af3b000 r--p 00017000 08:01 666282                     /lib/x86_64-linux-gnu/libpthread-2.15.so
7f820af3b000-7f820af3c000 rw-p 00018000 08:01 666282                     /lib/x86_64-linux-gnu/libpthread-2.15.so
7f820af3c000-7f820af40000 rw-p 00000000 00:00 0 
7f820af40000-7f820af62000 r-xp 00000000 08:01 666285                     /lib/x86_64-linux-gnu/ld-2.15.so
7f820af62000-7f820af64000 r--s 00001000 08:01 29262                      /opt/electriccloud/electriccommander/jre/lib/ext/dnsns.jar
7f820af64000-7f820af65000 r--s 00009000 08:01 29268                      /opt/electriccloud/electriccommander/jre/lib/ext/sunec.jar
7f820af65000-7f820af66000 r--s 00010000 08:01 29272                      /opt/electriccloud/electriccommander/jre/lib/ext/zipfs.jar
7f820af66000-7f820afbc000 rw-p 00000000 00:00 0 
7f820afbc000-7f820b011000 rw-p 00000000 00:00 0 
7f820b011000-7f820b03c000 rw-p 00000000 00:00 0 
7f820b03c000-7f820b03d000 rw-p 00000000 00:00 0 
7f820b03d000-7f820b040000 ---p 00000000 00:00 0 
7f820b040000-7f820b142000 rw-p 00000000 00:00 0 
7f820b142000-7f820b14c000 r--s 00116000 08:01 29264                      /opt/electriccloud/electriccommander/jre/lib/ext/localedata.jar
7f820b14c000-7f820b14e000 r--s 0000e000 08:01 32146                      /opt/electriccloud/CommanderSDK/lib/validation-api-1.0.0.GA-sources.jar
7f820b14e000-7f820b151000 r--s 00009000 08:01 32145                      /opt/electriccloud/CommanderSDK/lib/validation-api-1.0.0.GA.jar
7f820b151000-7f820b156000 rw-p 00000000 00:00 0 
7f820b156000-7f820b15e000 rw-s 00000000 08:01 35757                      /tmp/hsperfdata_lrochette/10236
7f820b15e000-7f820b15f000 rw-p 00000000 00:00 0 
7f820b15f000-7f820b160000 ---p 00000000 00:00 0 
7f820b160000-7f820b162000 rw-p 00000000 00:00 0 
7f820b162000-7f820b163000 r--p 00022000 08:01 666285                     /lib/x86_64-linux-gnu/ld-2.15.so
7f820b163000-7f820b165000 rw-p 00023000 08:01 666285                     /lib/x86_64-linux-gnu/ld-2.15.so
7fff02bed000-7fff02c0e000 rw-p 00000000 00:00 0                          [stack]
7fff02de2000-7fff02de3000 r-xp 00000000 00:00 0                          [vdso]
ffffffffff600000-ffffffffff601000 r-xp 00000000 00:00 0                  [vsyscall]

VM Arguments:
jvm_args: -Xmx256m 
java_command: com.google.gwt.dev.Compiler -war /home/lrochette/GitHub/EC-Zendesk/src/out/gwt-out/htdocs/war -logLevel INFO -style OBF -localWorkers 1 ecplugins.Zendesk.ConfigurationManagement
java_class_path (initial): /opt/electriccloud/CommanderSDK/lib/commander-client.jar:/opt/electriccloud/electriccommander/plugins/EC-Admin-2.12.1.304/lib5/ec_internal.jar:/opt/electriccloud/electriccommander/plugins/EC-Admin-2.12.1.304/lib5/gin-2.1.1.jar:/opt/electriccloud/electriccommander/plugins/EC-Admin-2.12.1.304/lib5/gwtp-all-0.8-PATCH5.jar:/opt/electriccloud/electriccommander/plugins/EC-Admin-2.12.1.304/lib5/javax.inject.jar:/opt/electriccloud/electriccommander/plugins/EC-Admin-2.12.1.304/lib5/guice-assistedinject.jar:/opt/electriccloud/electriccommander/plugins/EC-Admin-2.12.1.304/lib5/guice.jar:/opt/electriccloud/electriccommander/plugins/EC-Admin-2.12.1.304/lib5/annotations.jar:/opt/electriccloud/CommanderSDK/lib/gwt-user.jar:/opt/electriccloud/CommanderSDK/lib/gwt-dev.jar:/opt/electriccloud/CommanderSDK/lib/validation-api-1.0.0.GA.jar:/opt/electriccloud/CommanderSDK/lib/validation-api-1.0.0.GA-sources.jar:/opt/electriccloud/CommanderSDK/lib/guava.jar:/opt/electriccloud/CommanderSDK/lib/guava-gwt.jar:/opt/electriccloud/CommanderSDK/lib/annotations.jar:/opt/electriccloud/CommanderSDK/lib/jcip-annotations.jar:/home/lrochette/GitHub/EC-Zendesk/src/src:/opt/electriccloud/CommanderSDK/lib/ec-gwt.jar:/opt/electriccloud/electriccommander/utils/commander-client.jar
Launcher Type: SUN_STANDARD

Environment Variables:
JAVA_HOME=/opt/electriccloud/electriccommander/jre
PATH=/opt/electriccloud/electriccommander/bin:/opt/TEE:/usr/local/sbin:/usr/local/bin:/usr/sbin:/usr/bin:/sbin:/bin:/usr/games:/opt/electriccloud/electriccommander/bin:/opt/electriccloud/electriccommander/bin
SHELL=/usr/bin/tcsh
HOSTTYPE=x86_64-linux
OSTYPE=linux
MACHTYPE=x86_64

Signal Handlers:
SIGSEGV: [libjvm.so+0xa79a80], sa_mask[0]=11111111011111111101111111111110, sa_flags=SA_RESTART|SA_SIGINFO
SIGBUS: [libjvm.so+0xa79a80], sa_mask[0]=11111111011111111101111111111110, sa_flags=SA_RESTART|SA_SIGINFO
SIGFPE: [libjvm.so+0x8e24e0], sa_mask[0]=11111111011111111101111111111110, sa_flags=SA_RESTART|SA_SIGINFO
SIGPIPE: [libjvm.so+0x8e24e0], sa_mask[0]=11111111011111111101111111111110, sa_flags=SA_RESTART|SA_SIGINFO
SIGXFSZ: [libjvm.so+0x8e24e0], sa_mask[0]=11111111011111111101111111111110, sa_flags=SA_RESTART|SA_SIGINFO
SIGILL: [libjvm.so+0x8e24e0], sa_mask[0]=11111111011111111101111111111110, sa_flags=SA_RESTART|SA_SIGINFO
SIGUSR1: SIG_DFL, sa_mask[0]=00000000000000000000000000000000, sa_flags=none
SIGUSR2: [libjvm.so+0x8e3d10], sa_mask[0]=00100000000000000000000000000000, sa_flags=SA_RESTART|SA_SIGINFO
SIGHUP: [libjvm.so+0x8e50d0], sa_mask[0]=11111111011111111101111111111110, sa_flags=SA_RESTART|SA_SIGINFO
SIGINT: [libjvm.so+0x8e50d0], sa_mask[0]=11111111011111111101111111111110, sa_flags=SA_RESTART|SA_SIGINFO
SIGTERM: [libjvm.so+0x8e50d0], sa_mask[0]=11111111011111111101111111111110, sa_flags=SA_RESTART|SA_SIGINFO
SIGQUIT: [libjvm.so+0x8e50d0], sa_mask[0]=11111111011111111101111111111110, sa_flags=SA_RESTART|SA_SIGINFO


---------------  S Y S T E M  ---------------

OS:DISTRIB_ID=Ubuntu
DISTRIB_RELEASE=12.04
DISTRIB_CODENAME=precise
DISTRIB_DESCRIPTION="Ubuntu 12.04.4 LTS"

uname:Linux 3.2.0-64-generic #97-Ubuntu SMP Wed Jun 4 22:04:21 UTC 2014 x86_64
libc:glibc 2.15 NPTL 2.15 
rlimit: STACK 8192k, CORE infinity, NPROC 31449, NOFILE 4096, AS infinity
load average:1.37 0.36 0.15

/proc/meminfo:
MemTotal:        4049600 kB
MemFree:           86040 kB
Buffers:              80 kB
Cached:             6148 kB
SwapCached:            0 kB
Active:          3820480 kB
Inactive:           4608 kB
Active(anon):    3820480 kB
Inactive(anon):      708 kB
Active(file):          0 kB
Inactive(file):     3900 kB
Unevictable:           0 kB
Mlocked:               0 kB
SwapTotal:             0 kB
SwapFree:              0 kB
Dirty:                40 kB
Writeback:             0 kB
AnonPages:       3819908 kB
Mapped:             2076 kB
Shmem:              1280 kB
Slab:              39860 kB
SReclaimable:      17008 kB
SUnreclaim:        22852 kB
KernelStack:        5480 kB
PageTables:        24632 kB
NFS_Unstable:          0 kB
Bounce:                0 kB
WritebackTmp:          0 kB
CommitLimit:     2024800 kB
Committed_AS:    5233948 kB
VmallocTotal:   34359738367 kB
VmallocUsed:       70116 kB
VmallocChunk:   34359665392 kB
HardwareCorrupted:     0 kB
AnonHugePages:         0 kB
HugePages_Total:       0
HugePages_Free:        0
HugePages_Rsvd:        0
HugePages_Surp:        0
Hugepagesize:       2048 kB
DirectMap4k:       67520 kB
DirectMap2M:     4126720 kB


CPU:total 4 (4 cores per cpu, 1 threads per core) family 6 model 70 stepping 1, cmov, cx8, fxsr, mmx, sse, sse2, sse3, ssse3, tsc

/proc/cpuinfo:
processor	: 0
vendor_id	: GenuineIntel
cpu family	: 6
model		: 70
model name	: Intel(R) Core(TM) i7-4850HQ CPU @ 2.30GHz
stepping	: 1
microcode	: 0x19
cpu MHz		: 2299.059
cache size	: 6144 KB
physical id	: 0
siblings	: 4
core id		: 0
cpu cores	: 4
apicid		: 0
initial apicid	: 0
fpu		: yes
fpu_exception	: yes
cpuid level	: 5
wp		: yes
flags		: fpu vme de pse tsc msr pae mce cx8 apic sep mtrr pge mca cmov pat pse36 clflush mmx fxsr sse sse2 ht syscall nx rdtscp lm constant_tsc rep_good nopl pni ssse3 lahf_lm
bogomips	: 4598.11
clflush size	: 64
cache_alignment	: 64
address sizes	: 39 bits physical, 48 bits virtual
power management:

processor	: 1
vendor_id	: GenuineIntel
cpu family	: 6
model		: 70
model name	: Intel(R) Core(TM) i7-4850HQ CPU @ 2.30GHz
stepping	: 1
microcode	: 0x19
cpu MHz		: 2299.059
cache size	: 6144 KB
physical id	: 0
siblings	: 4
core id		: 1
cpu cores	: 4
apicid		: 1
initial apicid	: 1
fpu		: yes
fpu_exception	: yes
cpuid level	: 5
wp		: yes
flags		: fpu vme de pse tsc msr pae mce cx8 apic sep mtrr pge mca cmov pat pse36 clflush mmx fxsr sse sse2 ht syscall nx rdtscp lm constant_tsc rep_good nopl pni ssse3 lahf_lm
bogomips	: 4587.34
clflush size	: 64
cache_alignment	: 64
address sizes	: 39 bits physical, 48 bits virtual
power management:

processor	: 2
vendor_id	: GenuineIntel
cpu family	: 6
model		: 70
model name	: Intel(R) Core(TM) i7-4850HQ CPU @ 2.30GHz
stepping	: 1
microcode	: 0x19
cpu MHz		: 2299.059
cache size	: 6144 KB
physical id	: 0
siblings	: 4
core id		: 2
cpu cores	: 4
apicid		: 2
initial apicid	: 2
fpu		: yes
fpu_exception	: yes
cpuid level	: 5
wp		: yes
flags		: fpu vme de pse tsc msr pae mce cx8 apic sep mtrr pge mca cmov pat pse36 clflush mmx fxsr sse sse2 ht syscall nx rdtscp lm constant_tsc rep_good nopl pni ssse3 lahf_lm
bogomips	: 4585.34
clflush size	: 64
cache_alignment	: 64
address sizes	: 39 bits physical, 48 bits virtual
power management:

processor	: 3
vendor_id	: GenuineIntel
cpu family	: 6
model		: 70
model name	: Intel(R) Core(TM) i7-4850HQ CPU @ 2.30GHz
stepping	: 1
microcode	: 0x19
cpu MHz		: 2299.059
cache size	: 6144 KB
physical id	: 0
siblings	: 4
core id		: 3
cpu cores	: 4
apicid		: 3
initial apicid	: 3
fpu		: yes
fpu_exception	: yes
cpuid level	: 5
wp		: yes
flags		: fpu vme de pse tsc msr pae mce cx8 apic sep mtrr pge mca cmov pat pse36 clflush mmx fxsr sse sse2 ht syscall nx rdtscp lm constant_tsc rep_good nopl pni ssse3 lahf_lm
bogomips	: 4603.41
clflush size	: 64
cache_alignment	: 64
address sizes	: 39 bits physical, 48 bits virtual
power management:



Memory: 4k page, physical 4049600k(86040k free), swap 0k(0k free)

vm_info: Java HotSpot(TM) 64-Bit Server VM (25.25-b02) for linux-amd64 JRE (1.8.0_25-b17), built on Sep 17 2014 17:32:11 by "java_re" with gcc 4.3.0 20080428 (Red Hat 4.3.0-8)

time: Fri Oct  9 14:17:46 2015
elapsed time: 14 seconds (0d 0h 0m 14s)

