#
# There is insufficient memory for the Java Runtime Environment to continue.
# Native memory allocation (mmap) failed to map 262144 bytes for committing reserved memory.
# Possible reasons:
#   The system is out of physical RAM or swap space
#   In 32 bit mode, the process size limit was hit
# Possible solutions:
#   Reduce memory load on the system
#   Increase physical memory or swap space
#   Check if swap backing store is full
#   Use 64 bit Java on a 64 bit OS
#   Decrease Java heap size (-Xmx/-Xms)
#   Decrease number of Java threads
#   Decrease Java thread stack sizes (-Xss)
#   Set larger code cache with -XX:ReservedCodeCacheSize=
# This output file may be truncated or incomplete.
#
#  Out of Memory Error (os_linux.cpp:2671), pid=4086, tid=140671191283456
#
# JRE version: Java(TM) SE Runtime Environment (8.0_25-b17) (build 1.8.0_25-b17)
# Java VM: Java HotSpot(TM) 64-Bit Server VM (25.25-b02 mixed mode linux-amd64 compressed oops)
# Core dump written. Default location: /home/lrochette/GitHub/EC-Zendesk/src/core or core.4086
#

---------------  T H R E A D  ---------------

Current thread (0x00007ff0a00b1000):  JavaThread "C1 CompilerThread2" daemon [_thread_in_vm, id=4101, stack(0x00007ff09052f000,0x00007ff090630000)]

Stack: [0x00007ff09052f000,0x00007ff090630000],  sp=0x00007ff09062d600,  free space=1017k
Native frames: (J=compiled Java code, j=interpreted, Vv=VM code, C=native code)
V  [libjvm.so+0xa7923a]  VMError::report_and_die()+0x2ca
V  [libjvm.so+0x4e552b]  report_vm_out_of_memory(char const*, int, unsigned long, VMErrorType, char const*)+0x8b
V  [libjvm.so+0x8e5613]  os::Linux::commit_memory_impl(char*, unsigned long, bool)+0x103
V  [libjvm.so+0x8e5b69]  os::pd_commit_memory(char*, unsigned long, unsigned long, bool)+0x29
V  [libjvm.so+0x8df83a]  os::commit_memory(char*, unsigned long, unsigned long, bool)+0x2a
V  [libjvm.so+0xa75169]  VirtualSpace::expand_by(unsigned long, bool)+0x1c9
V  [libjvm.so+0x8682c6]  VirtualSpaceList::expand_node_by(VirtualSpaceNode*, unsigned long, unsigned long)+0x76
V  [libjvm.so+0x86b060]  VirtualSpaceList::expand_by(unsigned long, unsigned long)+0xf0
V  [libjvm.so+0x86b1f3]  VirtualSpaceList::get_new_chunk(unsigned long, unsigned long, unsigned long)+0xb3
V  [libjvm.so+0x86cd42]  SpaceManager::grow_and_allocate(unsigned long)+0x2d2
V  [libjvm.so+0x86cf4b]  SpaceManager::allocate_work(unsigned long)+0x14b
V  [libjvm.so+0x86cfdc]  SpaceManager::allocate(unsigned long)+0x7c
V  [libjvm.so+0x86d22e]  Metaspace::allocate(ClassLoaderData*, unsigned long, bool, MetaspaceObj::Type, Thread*)+0x17e
V  [libjvm.so+0x888363]  MethodData::allocate(ClassLoaderData*, methodHandle, Thread*)+0x263
V  [libjvm.so+0x8766e8]  Method::build_interpreter_method_data(methodHandle, Thread*)+0xa8
V  [libjvm.so+0x418958]  ciMethod::ensure_method_data(methodHandle)+0xc8
V  [libjvm.so+0x418a47]  ciMethod::ensure_method_data()+0xa7
V  [libjvm.so+0x362d25]  GraphBuilder::try_inline_full(ciMethod*, bool, Bytecodes::Code, Instruction*)+0x505
V  [libjvm.so+0x36335f]  GraphBuilder::try_inline(ciMethod*, bool, Bytecodes::Code, Instruction*)+0x11f
V  [libjvm.so+0x364492]  GraphBuilder::invoke(Bytecodes::Code)+0xbb2
V  [libjvm.so+0x3653bd]  GraphBuilder::iterate_bytecodes_for_block(int)+0x6ad
V  [libjvm.so+0x3627c2]  GraphBuilder::iterate_all_blocks(bool)+0xf2
V  [libjvm.so+0x367317]  GraphBuilder::GraphBuilder(Compilation*, IRScope*)+0x517
V  [libjvm.so+0x36fc87]  IRScope::IRScope(Compilation*, IRScope*, int, ciMethod*, int, bool)+0x1e7
V  [libjvm.so+0x36fd9f]  IR::IR(Compilation*, ciMethod*, int)+0x9f
V  [libjvm.so+0x34ee5b]  Compilation::build_hir()+0xdb
V  [libjvm.so+0x34f21e]  Compilation::compile_java_method()+0x6e
V  [libjvm.so+0x34f34e]  Compilation::compile_method()+0x4e
V  [libjvm.so+0x34f6bb]  Compilation::Compilation(AbstractCompiler*, ciEnv*, ciMethod*, int, BufferBlob*)+0x25b
V  [libjvm.so+0x350469]  Compiler::compile_method(ciEnv*, ciMethod*, int)+0xa9
V  [libjvm.so+0x49bc6a]  CompileBroker::invoke_compiler_on_method(CompileTask*)+0xc8a
V  [libjvm.so+0x49e650]  CompileBroker::compiler_thread_loop()+0x620
V  [libjvm.so+0xa29e8f]  JavaThread::thread_main_inner()+0xdf
V  [libjvm.so+0xa29fbc]  JavaThread::run()+0x11c
V  [libjvm.so+0x8e7d48]  java_start(Thread*)+0x108
C  [libpthread.so.0+0x7e9a]  start_thread+0xda


Current CompileTask:
C1:  10636 2763       2       com.google.gwt.dev.jjs.SourceOrigin::create (27 bytes)


---------------  P R O C E S S  ---------------

Java Threads: ( => current thread )
  0x00007ff0a043e800 JavaThread "CompilationUnitBuilder" [_thread_blocked, id=4108, stack(0x00007ff090076000,0x00007ff090177000)]
  0x00007ff04c076800 JavaThread "Timer-0" daemon [_thread_blocked, id=4105, stack(0x00007ff08bd3c000,0x00007ff08be3d000)]
  0x00007ff0a00b3800 JavaThread "Service Thread" daemon [_thread_blocked, id=4102, stack(0x00007ff09042e000,0x00007ff09052f000)]
=>0x00007ff0a00b1000 JavaThread "C1 CompilerThread2" daemon [_thread_in_vm, id=4101, stack(0x00007ff09052f000,0x00007ff090630000)]
  0x00007ff0a00af000 JavaThread "C2 CompilerThread1" daemon [_thread_in_vm, id=4100, stack(0x00007ff090630000,0x00007ff090731000)]
  0x00007ff0a00ac000 JavaThread "C2 CompilerThread0" daemon [_thread_in_vm, id=4099, stack(0x00007ff090731000,0x00007ff090832000)]
  0x00007ff0a00aa000 JavaThread "Signal Dispatcher" daemon [_thread_blocked, id=4098, stack(0x00007ff090832000,0x00007ff090933000)]
  0x00007ff0a007c800 JavaThread "Finalizer" daemon [_thread_blocked, id=4097, stack(0x00007ff090bfc000,0x00007ff090cfd000)]
  0x00007ff0a007a800 JavaThread "Reference Handler" daemon [_thread_blocked, id=4096, stack(0x00007ff090cfd000,0x00007ff090dfe000)]
  0x00007ff0a000a800 JavaThread "main" [_thread_in_vm, id=4090, stack(0x00007ff0a98c0000,0x00007ff0a99c1000)]

Other Threads:
  0x00007ff0a0073800 VMThread [stack: 0x00007ff090dfe000,0x00007ff090eff000] [id=4095]
  0x00007ff0a00ca800 WatcherThread [stack: 0x00007ff09032d000,0x00007ff09042e000] [id=4103]

VM state:not at safepoint (normal execution)

VM Mutex/Monitor currently owned by a thread:  ([mutex/lock_event])
[0x00007ff0a0005d30] CodeCache_lock - owner thread: 0x00007ff0a00ac000
[0x00007ff0a0007430] MethodData_lock - owner thread: 0x00007ff0a00b1000

Heap:
 PSYoungGen      total 58368K, used 23340K [0x00000000fab00000, 0x0000000100000000, 0x0000000100000000)
  eden space 29696K, 27% used [0x00000000fab00000,0x00000000fb2ff8e0,0x00000000fc800000)
  from space 28672K, 52% used [0x00000000fc800000,0x00000000fd6cbae0,0x00000000fe400000)
  to   space 28672K, 0% used [0x00000000fe400000,0x00000000fe400000,0x0000000100000000)
 ParOldGen       total 145920K, used 118425K [0x00000000f0000000, 0x00000000f8e80000, 0x00000000fab00000)
  object space 145920K, 81% used [0x00000000f0000000,0x00000000f73a6720,0x00000000f8e80000)
 Metaspace       used 16197K, capacity 16670K, committed 16768K, reserved 1064960K
  class space    used 1728K, capacity 1837K, committed 1920K, reserved 1048576K

Card table byte_map: [0x00007ff0a983f000,0x00007ff0a98c0000] byte_map_base: 0x00007ff0a90bf000

Marking Bits: (ParMarkBitMap*) 0x00007ff0a8da22c0
 Begin Bits: [0x00007ff0a5aee000, 0x00007ff0a5eee000)
 End Bits:   [0x00007ff0a5eee000, 0x00007ff0a62ee000)

Polling page: 0x00007ff0a99e2000

CodeCache: size=245760Kb used=9930Kb max_used=9930Kb free=235829Kb
 bounds [0x00007ff091000000, 0x00007ff0919c0000, 0x00007ff0a0000000]
 total_blobs=3066 nmethods=2718 adapters=260
 compilation: enabled

Compilation events (10 events):
Event: 9.996 Thread 0x00007ff0a00b1000 nmethod 2757 0x00007ff0919b83d0 code [0x00007ff0919b8520, 0x00007ff0919b8670]
Event: 9.996 Thread 0x00007ff0a00b1000 2761       2       org.eclipse.jdt.internal.compiler.ast.MessageSend::traverse (104 bytes)
Event: 9.997 Thread 0x00007ff0a00b1000 nmethod 2761 0x00007ff0919b8710 code [0x00007ff0919b88c0, 0x00007ff0919b8c98]
Event: 9.997 Thread 0x00007ff0a00b1000 2752       2       org.eclipse.jdt.internal.compiler.lookup.SourceTypeBinding::storedAnnotations (67 bytes)
Event: 9.998 Thread 0x00007ff0a00b1000 nmethod 2752 0x00007ff0919b8fd0 code [0x00007ff0919b9160, 0x00007ff0919b9508]
Event: 9.998 Thread 0x00007ff0a00b1000 2766       1       java.util.Collections::emptyList (4 bytes)
Event: 9.998 Thread 0x00007ff0a00b1000 nmethod 2766 0x00007ff091983b10 code [0x00007ff091983c60, 0x00007ff091983d50]
Event: 9.998 Thread 0x00007ff0a00b1000 2762       2       com.google.gwt.dev.jjs.SourceOrigin::<init> (7 bytes)
Event: 9.999 Thread 0x00007ff0a00b1000 nmethod 2762 0x00007ff0919b9890 code [0x00007ff0919b9a40, 0x00007ff0919b9d18]
Event: 9.999 Thread 0x00007ff0a00b1000 2763       2       com.google.gwt.dev.jjs.SourceOrigin::create (27 bytes)

GC Heap History (10 events):
Event: 6.901 GC heap before
{Heap before GC invocations=13 (full 2):
 PSYoungGen      total 58368K, used 29696K [0x00000000fab00000, 0x0000000100000000, 0x0000000100000000)
  eden space 29696K, 100% used [0x00000000fab00000,0x00000000fc800000,0x00000000fc800000)
  from space 28672K, 0% used [0x00000000fe400000,0x00000000fe400000,0x0000000100000000)
  to   space 28672K, 0% used [0x00000000fc800000,0x00000000fc800000,0x00000000fe400000)
 ParOldGen       total 145920K, used 83501K [0x00000000f0000000, 0x00000000f8e80000, 0x00000000fab00000)
  object space 145920K, 57% used [0x00000000f0000000,0x00000000f518b610,0x00000000f8e80000)
 Metaspace       used 14552K, capacity 14914K, committed 14976K, reserved 1062912K
  class space    used 1577K, capacity 1651K, committed 1664K, reserved 1048576K
Event: 6.910 GC heap after
Heap after GC invocations=13 (full 2):
 PSYoungGen      total 58368K, used 7406K [0x00000000fab00000, 0x0000000100000000, 0x0000000100000000)
  eden space 29696K, 0% used [0x00000000fab00000,0x00000000fab00000,0x00000000fc800000)
  from space 28672K, 25% used [0x00000000fc800000,0x00000000fcf3bbe8,0x00000000fe400000)
  to   space 28672K, 0% used [0x00000000fe400000,0x00000000fe400000,0x0000000100000000)
 ParOldGen       total 145920K, used 83501K [0x00000000f0000000, 0x00000000f8e80000, 0x00000000fab00000)
  object space 145920K, 57% used [0x00000000f0000000,0x00000000f518b610,0x00000000f8e80000)
 Metaspace       used 14552K, capacity 14914K, committed 14976K, reserved 1062912K
  class space    used 1577K, capacity 1651K, committed 1664K, reserved 1048576K
}
Event: 7.354 GC heap before
{Heap before GC invocations=14 (full 2):
 PSYoungGen      total 58368K, used 37102K [0x00000000fab00000, 0x0000000100000000, 0x0000000100000000)
  eden space 29696K, 100% used [0x00000000fab00000,0x00000000fc800000,0x00000000fc800000)
  from space 28672K, 25% used [0x00000000fc800000,0x00000000fcf3bbe8,0x00000000fe400000)
  to   space 28672K, 0% used [0x00000000fe400000,0x00000000fe400000,0x0000000100000000)
 ParOldGen       total 145920K, used 83501K [0x00000000f0000000, 0x00000000f8e80000, 0x00000000fab00000)
  object space 145920K, 57% used [0x00000000f0000000,0x00000000f518b610,0x00000000f8e80000)
 Metaspace       used 14639K, capacity 14978K, committed 15232K, reserved 1062912K
  class space    used 1577K, capacity 1651K, committed 1664K, reserved 1048576K
Event: 7.387 GC heap after
Heap after GC invocations=14 (full 2):
 PSYoungGen      total 58368K, used 12113K [0x00000000fab00000, 0x0000000100000000, 0x0000000100000000)
  eden space 29696K, 0% used [0x00000000fab00000,0x00000000fab00000,0x00000000fc800000)
  from space 28672K, 42% used [0x00000000fe400000,0x00000000fefd4460,0x0000000100000000)
  to   space 28672K, 0% used [0x00000000fc800000,0x00000000fc800000,0x00000000fe400000)
 ParOldGen       total 145920K, used 89324K [0x00000000f0000000, 0x00000000f8e80000, 0x00000000fab00000)
  object space 145920K, 61% used [0x00000000f0000000,0x00000000f573b3a0,0x00000000f8e80000)
 Metaspace       used 14639K, capacity 14978K, committed 15232K, reserved 1062912K
  class space    used 1577K, capacity 1651K, committed 1664K, reserved 1048576K
}
Event: 7.826 GC heap before
{Heap before GC invocations=15 (full 2):
 PSYoungGen      total 58368K, used 41809K [0x00000000fab00000, 0x0000000100000000, 0x0000000100000000)
  eden space 29696K, 100% used [0x00000000fab00000,0x00000000fc800000,0x00000000fc800000)
  from space 28672K, 42% used [0x00000000fe400000,0x00000000fefd4460,0x0000000100000000)
  to   space 28672K, 0% used [0x00000000fc800000,0x00000000fc800000,0x00000000fe400000)
 ParOldGen       total 145920K, used 89324K [0x00000000f0000000, 0x00000000f8e80000, 0x00000000fab00000)
  object space 145920K, 61% used [0x00000000f0000000,0x00000000f573b3a0,0x00000000f8e80000)
 Metaspace       used 14649K, capacity 14978K, committed 15232K, reserved 1062912K
  class space    used 1577K, capacity 1651K, committed 1664K, reserved 1048576K
Event: 7.906 GC heap after
Heap after GC invocations=15 (full 2):
 PSYoungGen      total 58368K, used 12228K [0x00000000fab00000, 0x0000000100000000, 0x0000000100000000)
  eden space 29696K, 0% used [0x00000000fab00000,0x00000000fab00000,0x00000000fc800000)
  from space 28672K, 42% used [0x00000000fc800000,0x00000000fd3f1238,0x00000000fe400000)
  to   space 28672K, 0% used [0x00000000fe400000,0x00000000fe400000,0x0000000100000000)
 ParOldGen       total 145920K, used 98963K [0x00000000f0000000, 0x00000000f8e80000, 0x00000000fab00000)
  object space 145920K, 67% used [0x00000000f0000000,0x00000000f60a4e88,0x00000000f8e80000)
 Metaspace       used 14649K, capacity 14978K, committed 15232K, reserved 1062912K
  class space    used 1577K, capacity 1651K, committed 1664K, reserved 1048576K
}
Event: 8.227 GC heap before
{Heap before GC invocations=16 (full 2):
 PSYoungGen      total 58368K, used 41924K [0x00000000fab00000, 0x0000000100000000, 0x0000000100000000)
  eden space 29696K, 100% used [0x00000000fab00000,0x00000000fc800000,0x00000000fc800000)
  from space 28672K, 42% used [0x00000000fc800000,0x00000000fd3f1238,0x00000000fe400000)
  to   space 28672K, 0% used [0x00000000fe400000,0x00000000fe400000,0x0000000100000000)
 ParOldGen       total 145920K, used 98963K [0x00000000f0000000, 0x00000000f8e80000, 0x00000000fab00000)
  object space 145920K, 67% used [0x00000000f0000000,0x00000000f60a4e88,0x00000000f8e80000)
 Metaspace       used 14650K, capacity 14978K, committed 15232K, reserved 1062912K
  class space    used 1577K, capacity 1651K, committed 1664K, reserved 1048576K
Event: 8.314 GC heap after
Heap after GC invocations=16 (full 2):
 PSYoungGen      total 58368K, used 12262K [0x00000000fab00000, 0x0000000100000000, 0x0000000100000000)
  eden space 29696K, 0% used [0x00000000fab00000,0x00000000fab00000,0x00000000fc800000)
  from space 28672K, 42% used [0x00000000fe400000,0x00000000feff9bc0,0x0000000100000000)
  to   space 28672K, 0% used [0x00000000fc800000,0x00000000fc800000,0x00000000fe400000)
 ParOldGen       total 145920K, used 108663K [0x00000000f0000000, 0x00000000f8e80000, 0x00000000fab00000)
  object space 145920K, 74% used [0x00000000f0000000,0x00000000f6a1df18,0x00000000f8e80000)
 Metaspace       used 14650K, capacity 14978K, committed 15232K, reserved 1062912K
  class space    used 1577K, capacity 1651K, committed 1664K, reserved 1048576K
}
Event: 9.372 GC heap before
{Heap before GC invocations=17 (full 2):
 PSYoungGen      total 58368K, used 41958K [0x00000000fab00000, 0x0000000100000000, 0x0000000100000000)
  eden space 29696K, 100% used [0x00000000fab00000,0x00000000fc800000,0x00000000fc800000)
  from space 28672K, 42% used [0x00000000fe400000,0x00000000feff9bc0,0x0000000100000000)
  to   space 28672K, 0% used [0x00000000fc800000,0x00000000fc800000,0x00000000fe400000)
 ParOldGen       total 145920K, used 108663K [0x00000000f0000000, 0x00000000f8e80000, 0x00000000fab00000)
  object space 145920K, 74% used [0x00000000f0000000,0x00000000f6a1df18,0x00000000f8e80000)
 Metaspace       used 15529K, capacity 15906K, committed 16128K, reserved 1062912K
  class space    used 1649K, capacity 1747K, committed 1792K, reserved 1048576K
Event: 9.630 GC heap after
Heap after GC invocations=17 (full 2):
 PSYoungGen      total 58368K, used 15150K [0x00000000fab00000, 0x0000000100000000, 0x0000000100000000)
  eden space 29696K, 0% used [0x00000000fab00000,0x00000000fab00000,0x00000000fc800000)
  from space 28672K, 52% used [0x00000000fc800000,0x00000000fd6cbae0,0x00000000fe400000)
  to   space 28672K, 0% used [0x00000000fe400000,0x00000000fe400000,0x0000000100000000)
 ParOldGen       total 145920K, used 118425K [0x00000000f0000000, 0x00000000f8e80000, 0x00000000fab00000)
  object space 145920K, 81% used [0x00000000f0000000,0x00000000f73a6720,0x00000000f8e80000)
 Metaspace       used 15529K, capacity 15906K, committed 16128K, reserved 1062912K
  class space    used 1649K, capacity 1747K, committed 1792K, reserved 1048576K
}

Deoptimization events (10 events):
Event: 9.360 Thread 0x00007ff0a000a800 Uncommon trap: reason=class_check action=maybe_recompile pc=0x00007ff0915d3518 method=java.util.Collections$SynchronizedMap.put(Ljava/lang/Object;Ljava/lang/Object;)Ljava/lang/Object; @ 13
Event: 9.704 Thread 0x00007ff0a043e800 Uncommon trap: reason=predicate action=maybe_recompile pc=0x00007ff0915f60c8 method=sun.security.provider.DigestBase.engineUpdate([BII)V @ 144
Event: 9.721 Thread 0x00007ff0a000a800 Uncommon trap: reason=bimorphic action=maybe_recompile pc=0x00007ff09158e21c method=java.util.regex.Pattern$CharProperty.match(Ljava/util/regex/Matcher;ILjava/lang/CharSequence;)Z @ 18
Event: 9.721 Thread 0x00007ff0a000a800 Uncommon trap: reason=bimorphic action=maybe_recompile pc=0x00007ff09158e21c method=java.util.regex.Pattern$CharProperty.match(Ljava/util/regex/Matcher;ILjava/lang/CharSequence;)Z @ 18
Event: 9.721 Thread 0x00007ff0a000a800 Uncommon trap: reason=class_check action=maybe_recompile pc=0x00007ff0915d3518 method=java.util.Collections$SynchronizedMap.put(Ljava/lang/Object;Ljava/lang/Object;)Ljava/lang/Object; @ 13
Event: 9.786 Thread 0x00007ff0a000a800 Uncommon trap: reason=predicate action=maybe_recompile pc=0x00007ff09195927c method=com.google.gwt.dev.util.collect.HashMap.findKey(Ljava/lang/Object;)I @ 19
Event: 9.787 Thread 0x00007ff0a000a800 Uncommon trap: reason=predicate action=maybe_recompile pc=0x00007ff09195c718 method=com.google.gwt.dev.util.collect.HashMap.findKeyOrEmpty(Ljava/lang/Object;)I @ 19
Event: 9.787 Thread 0x00007ff0a000a800 Uncommon trap: reason=predicate action=maybe_recompile pc=0x00007ff09194289c method=com.google.gwt.dev.util.collect.HashMap.findKeyOrEmpty(Ljava/lang/Object;)I @ 19
Event: 9.821 Thread 0x00007ff0a000a800 Uncommon trap: reason=class_check action=maybe_recompile pc=0x00007ff0915d3518 method=java.util.Collections$SynchronizedMap.put(Ljava/lang/Object;Ljava/lang/Object;)Ljava/lang/Object; @ 13
Event: 9.877 Thread 0x00007ff0a000a800 Uncommon trap: reason=class_check action=maybe_recompile pc=0x00007ff0915d3518 method=java.util.Collections$SynchronizedMap.put(Ljava/lang/Object;Ljava/lang/Object;)Ljava/lang/Object; @ 13

Internal exceptions (10 events):
Event: 9.972 Thread 0x00007ff0a000a800 Exception <a 'java/security/PrivilegedActionException'> (0x00000000fb196a20) thrown at [/HUDSON/workspace/8-2-build-linux-amd64/jdk8u25/1514/hotspot/src/share/vm/prims/jvm.cpp, line 1312]
Event: 9.972 Thread 0x00007ff0a000a800 Exception <a 'java/security/PrivilegedActionException'> (0x00000000fb196d68) thrown at [/HUDSON/workspace/8-2-build-linux-amd64/jdk8u25/1514/hotspot/src/share/vm/prims/jvm.cpp, line 1312]
Event: 9.973 Thread 0x00007ff0a000a800 Exception <a 'java/security/PrivilegedActionException'> (0x00000000fb19b3a8) thrown at [/HUDSON/workspace/8-2-build-linux-amd64/jdk8u25/1514/hotspot/src/share/vm/prims/jvm.cpp, line 1312]
Event: 9.973 Thread 0x00007ff0a000a800 Exception <a 'java/security/PrivilegedActionException'> (0x00000000fb19b6f0) thrown at [/HUDSON/workspace/8-2-build-linux-amd64/jdk8u25/1514/hotspot/src/share/vm/prims/jvm.cpp, line 1312]
Event: 9.973 Thread 0x00007ff0a000a800 Exception <a 'java/security/PrivilegedActionException'> (0x00000000fb19f0e0) thrown at [/HUDSON/workspace/8-2-build-linux-amd64/jdk8u25/1514/hotspot/src/share/vm/prims/jvm.cpp, line 1312]
Event: 9.973 Thread 0x00007ff0a000a800 Exception <a 'java/security/PrivilegedActionException'> (0x00000000fb19f428) thrown at [/HUDSON/workspace/8-2-build-linux-amd64/jdk8u25/1514/hotspot/src/share/vm/prims/jvm.cpp, line 1312]
Event: 9.986 Thread 0x00007ff0a043e800 Exception <a 'java/lang/NoSuchMethodError': <clinit>> (0x00000000fb210d60) thrown at [/HUDSON/workspace/8-2-build-linux-amd64/jdk8u25/1514/hotspot/src/share/vm/prims/jni.cpp, line 1603]
Event: 9.988 Thread 0x00007ff0a043e800 Exception <a 'java/lang/NoSuchMethodError': <clinit>> (0x00000000fb2241d0) thrown at [/HUDSON/workspace/8-2-build-linux-amd64/jdk8u25/1514/hotspot/src/share/vm/prims/jni.cpp, line 1603]
Event: 9.989 Thread 0x00007ff0a043e800 Exception <a 'java/lang/NoSuchMethodError': <clinit>> (0x00000000fb235320) thrown at [/HUDSON/workspace/8-2-build-linux-amd64/jdk8u25/1514/hotspot/src/share/vm/prims/jni.cpp, line 1603]
Event: 9.999 Thread 0x00007ff0a000a800 Exception <a 'java/security/PrivilegedActionException'> (0x00000000fb25f9e8) thrown at [/HUDSON/workspace/8-2-build-linux-amd64/jdk8u25/1514/hotspot/src/share/vm/prims/jvm.cpp, line 1312]

Events (10 events):
Event: 9.863 loading class org/eclipse/jdt/internal/compiler/lookup/AnnotationHolder$MethodHolder done
Event: 9.877 Thread 0x00007ff0a000a800 Uncommon trap: trap_request=0xffffffde fr.pc=0x00007ff0915d3518
Event: 9.877 Thread 0x00007ff0a000a800 DEOPT PACKING pc=0x00007ff0915d3518 sp=0x00007ff0a99bec30
Event: 9.877 Thread 0x00007ff0a000a800 DEOPT UNPACKING pc=0x00007ff091004f69 sp=0x00007ff0a99bec28 mode 2
Event: 9.898 loading class com/google/gwt/dev/jjs/ast/JField$ExternalSerializedForm
Event: 9.898 loading class com/google/gwt/dev/jjs/ast/JField$ExternalSerializedForm done
Event: 9.936 loading class sun/reflect/UnsafeObjectFieldAccessorImpl
Event: 9.944 loading class sun/reflect/UnsafeObjectFieldAccessorImpl done
Event: 9.999 loading class org/eclipse/jdt/internal/compiler/flow/FinallyFlowContext
Event: 9.999 loading class org/eclipse/jdt/internal/compiler/flow/FinallyFlowContext done


Dynamic libraries:
00400000-00401000 r-xp 00000000 08:01 28954                              /opt/electriccloud/electriccommander/jre/bin/java
00600000-00601000 rw-p 00000000 08:01 28954                              /opt/electriccloud/electriccommander/jre/bin/java
01ef8000-01f19000 rw-p 00000000 00:00 0                                  [heap]
f0000000-f8e80000 rw-p 00000000 00:00 0 
f8e80000-fab00000 ---p 00000000 00:00 0 
fab00000-100000000 rw-p 00000000 00:00 0 
100000000-1001e0000 rw-p 00000000 00:00 0 
1001e0000-140000000 ---p 00000000 00:00 0 
7ff044000000-7ff044021000 rw-p 00000000 00:00 0 
7ff044021000-7ff048000000 ---p 00000000 00:00 0 
7ff04c000000-7ff04c12c000 rw-p 00000000 00:00 0 
7ff04c12c000-7ff050000000 ---p 00000000 00:00 0 
7ff050000000-7ff050021000 rw-p 00000000 00:00 0 
7ff050021000-7ff054000000 ---p 00000000 00:00 0 
7ff054000000-7ff054021000 rw-p 00000000 00:00 0 
7ff054021000-7ff058000000 ---p 00000000 00:00 0 
7ff058000000-7ff058021000 rw-p 00000000 00:00 0 
7ff058021000-7ff05c000000 ---p 00000000 00:00 0 
7ff05c000000-7ff05d079000 rw-p 00000000 00:00 0 
7ff05d079000-7ff060000000 ---p 00000000 00:00 0 
7ff060000000-7ff061005000 rw-p 00000000 00:00 0 
7ff061005000-7ff064000000 ---p 00000000 00:00 0 
7ff064000000-7ff064021000 rw-p 00000000 00:00 0 
7ff064021000-7ff068000000 ---p 00000000 00:00 0 
7ff068000000-7ff06957a000 rw-p 00000000 00:00 0 
7ff06957a000-7ff06c000000 ---p 00000000 00:00 0 
7ff06c000000-7ff06c021000 rw-p 00000000 00:00 0 
7ff06c021000-7ff070000000 ---p 00000000 00:00 0 
7ff070000000-7ff070021000 rw-p 00000000 00:00 0 
7ff070021000-7ff074000000 ---p 00000000 00:00 0 
7ff074000000-7ff074021000 rw-p 00000000 00:00 0 
7ff074021000-7ff078000000 ---p 00000000 00:00 0 
7ff078000000-7ff078085000 rw-p 00000000 00:00 0 
7ff078085000-7ff07c000000 ---p 00000000 00:00 0 
7ff07c000000-7ff07c021000 rw-p 00000000 00:00 0 
7ff07c021000-7ff080000000 ---p 00000000 00:00 0 
7ff084000000-7ff084021000 rw-p 00000000 00:00 0 
7ff084021000-7ff088000000 ---p 00000000 00:00 0 
7ff08a45e000-7ff08a4de000 rw-p 00000000 00:00 0 
7ff08a51e000-7ff08a65e000 ---p 00000000 00:00 0 
7ff08a65e000-7ff08a671000 r--s 00344000 08:01 29019                      /opt/electriccloud/electriccommander/jre/lib/resources.jar
7ff08a671000-7ff08a871000 rw-p 00000000 00:00 0 
7ff08a871000-7ff08aa71000 rw-p 00000000 00:00 0 
7ff08aa71000-7ff08aa78000 r-xp 00000000 08:01 29031                      /opt/electriccloud/electriccommander/jre/lib/amd64/libawt_headless.so
7ff08aa78000-7ff08ac77000 ---p 00007000 08:01 29031                      /opt/electriccloud/electriccommander/jre/lib/amd64/libawt_headless.so
7ff08ac77000-7ff08ac78000 rw-p 00006000 08:01 29031                      /opt/electriccloud/electriccommander/jre/lib/amd64/libawt_headless.so
7ff08ac78000-7ff08ad1a000 r-xp 00000000 08:01 29030                      /opt/electriccloud/electriccommander/jre/lib/amd64/libawt.so
7ff08ad1a000-7ff08af1a000 ---p 000a2000 08:01 29030                      /opt/electriccloud/electriccommander/jre/lib/amd64/libawt.so
7ff08af1a000-7ff08af26000 rw-p 000a2000 08:01 29030                      /opt/electriccloud/electriccommander/jre/lib/amd64/libawt.so
7ff08af26000-7ff08af4a000 rw-p 00000000 00:00 0 
7ff08af4a000-7ff08af52000 r-xp 00000000 08:01 29078                      /opt/electriccloud/electriccommander/jre/lib/amd64/libmanagement.so
7ff08af52000-7ff08b152000 ---p 00008000 08:01 29078                      /opt/electriccloud/electriccommander/jre/lib/amd64/libmanagement.so
7ff08b152000-7ff08b153000 rw-p 00008000 08:01 29078                      /opt/electriccloud/electriccommander/jre/lib/amd64/libmanagement.so
7ff08b153000-7ff08b353000 rw-p 00000000 00:00 0 
7ff08b353000-7ff08b3df000 r--s 00fea000 08:01 29263                      /opt/electriccloud/electriccommander/jre/lib/ext/jfxrt.jar
7ff08b3df000-7ff08b3e2000 ---p 00000000 00:00 0 
7ff08b3e2000-7ff08b4e0000 rw-p 00000000 00:00 0 
7ff08b4e0000-7ff08b4f8000 r-xp 00000000 08:01 666278                     /lib/x86_64-linux-gnu/libresolv-2.15.so
7ff08b4f8000-7ff08b6f8000 ---p 00018000 08:01 666278                     /lib/x86_64-linux-gnu/libresolv-2.15.so
7ff08b6f8000-7ff08b6f9000 r--p 00018000 08:01 666278                     /lib/x86_64-linux-gnu/libresolv-2.15.so
7ff08b6f9000-7ff08b6fa000 rw-p 00019000 08:01 666278                     /lib/x86_64-linux-gnu/libresolv-2.15.so
7ff08b6fa000-7ff08b6fc000 rw-p 00000000 00:00 0 
7ff08b6fc000-7ff08b703000 r-xp 00000000 08:01 666279                     /lib/x86_64-linux-gnu/libnss_dns-2.15.so
7ff08b703000-7ff08b902000 ---p 00007000 08:01 666279                     /lib/x86_64-linux-gnu/libnss_dns-2.15.so
7ff08b902000-7ff08b903000 r--p 00006000 08:01 666279                     /lib/x86_64-linux-gnu/libnss_dns-2.15.so
7ff08b903000-7ff08b904000 rw-p 00007000 08:01 666279                     /lib/x86_64-linux-gnu/libnss_dns-2.15.so
7ff08b904000-7ff08b906000 r-xp 00000000 08:01 8389                       /lib/libnss_mdns4_minimal.so.2
7ff08b906000-7ff08bb05000 ---p 00002000 08:01 8389                       /lib/libnss_mdns4_minimal.so.2
7ff08bb05000-7ff08bb06000 r--p 00001000 08:01 8389                       /lib/libnss_mdns4_minimal.so.2
7ff08bb06000-7ff08bb07000 rw-p 00002000 08:01 8389                       /lib/libnss_mdns4_minimal.so.2
7ff08bb0e000-7ff08bb25000 r--s 00175000 08:01 29267                      /opt/electriccloud/electriccommander/jre/lib/ext/nashorn.jar
7ff08bb25000-7ff08bb3b000 r-xp 00000000 08:01 29080                      /opt/electriccloud/electriccommander/jre/lib/amd64/libnet.so
7ff08bb3b000-7ff08bd3b000 ---p 00016000 08:01 29080                      /opt/electriccloud/electriccommander/jre/lib/amd64/libnet.so
7ff08bd3b000-7ff08bd3c000 rw-p 00016000 08:01 29080                      /opt/electriccloud/electriccommander/jre/lib/amd64/libnet.so
7ff08bd3c000-7ff08bd3f000 ---p 00000000 00:00 0 
7ff08bd3f000-7ff08be3d000 rw-p 00000000 00:00 0 
7ff08be3d000-7ff08c000000 r--s 01df0000 08:01 32140                      /opt/electriccloud/CommanderSDK/lib/gwt-dev.jar
7ff08c000000-7ff08c021000 rw-p 00000000 00:00 0 
7ff08c021000-7ff090000000 ---p 00000000 00:00 0 
7ff09000c000-7ff090028000 r--s 00393000 08:01 29260                      /opt/electriccloud/electriccommander/jre/lib/ext/cldrdata.jar
7ff090028000-7ff090076000 r--s 0020a000 08:01 22411                      /opt/electriccloud/electriccommander/utils/commander-client.jar
7ff090076000-7ff090079000 ---p 00000000 00:00 0 
7ff090079000-7ff09019f000 rw-p 00000000 00:00 0 
7ff09019f000-7ff0902a4000 r--s 01a51000 08:01 32142                      /opt/electriccloud/CommanderSDK/lib/gwt-user.jar
7ff0902a4000-7ff0902a6000 r--s 00003000 08:01 33369                      /opt/electriccloud/electriccommander/plugins/EC-Admin-2.12.1.304/lib5/annotations.jar
7ff0902a6000-7ff0902b5000 r--s 0009a000 08:01 33373                      /opt/electriccloud/electriccommander/plugins/EC-Admin-2.12.1.304/lib5/guice.jar
7ff0902b5000-7ff0902b7000 r--s 00007000 08:01 33372                      /opt/electriccloud/electriccommander/plugins/EC-Admin-2.12.1.304/lib5/guice-assistedinject.jar
7ff0902b7000-7ff0902b8000 r--s 00000000 08:01 33375                      /opt/electriccloud/electriccommander/plugins/EC-Admin-2.12.1.304/lib5/javax.inject.jar
7ff0902b8000-7ff0902c8000 r--s 00087000 08:01 33374                      /opt/electriccloud/electriccommander/plugins/EC-Admin-2.12.1.304/lib5/gwtp-all-0.8-PATCH5.jar
7ff0902c8000-7ff0902d0000 r--s 00044000 08:01 33371                      /opt/electriccloud/electriccommander/plugins/EC-Admin-2.12.1.304/lib5/gin-2.1.1.jar
7ff0902d0000-7ff0902df000 r--s 00096000 08:01 33370                      /opt/electriccloud/electriccommander/plugins/EC-Admin-2.12.1.304/lib5/ec_internal.jar
7ff0902df000-7ff09032d000 r--s 0020a000 08:01 32350                      /opt/electriccloud/CommanderSDK/lib/commander-client.jar
7ff09032d000-7ff09032e000 ---p 00000000 00:00 0 
7ff09032e000-7ff09042e000 rw-p 00000000 00:00 0 
7ff09042e000-7ff090431000 ---p 00000000 00:00 0 
7ff090431000-7ff09052f000 rw-p 00000000 00:00 0 
7ff09052f000-7ff090532000 ---p 00000000 00:00 0 
7ff090532000-7ff090630000 rw-p 00000000 00:00 0 
7ff090630000-7ff090633000 ---p 00000000 00:00 0 
7ff090633000-7ff090731000 rw-p 00000000 00:00 0 
7ff090731000-7ff090734000 ---p 00000000 00:00 0 
7ff090734000-7ff090832000 rw-p 00000000 00:00 0 
7ff090832000-7ff090835000 ---p 00000000 00:00 0 
7ff090835000-7ff090933000 rw-p 00000000 00:00 0 
7ff090933000-7ff090bfc000 r--p 00000000 08:01 161003                     /usr/lib/locale/locale-archive
7ff090bfc000-7ff090bff000 ---p 00000000 00:00 0 
7ff090bff000-7ff090cfd000 rw-p 00000000 00:00 0 
7ff090cfd000-7ff090d00000 ---p 00000000 00:00 0 
7ff090d00000-7ff090dfe000 rw-p 00000000 00:00 0 
7ff090dfe000-7ff090dff000 ---p 00000000 00:00 0 
7ff090dff000-7ff091000000 rw-p 00000000 00:00 0 
7ff091000000-7ff0919c0000 rwxp 00000000 00:00 0 
7ff0919d0000-7ff0a0000000 ---p 00000000 00:00 0 
7ff0a0000000-7ff0a0914000 rw-p 00000000 00:00 0 
7ff0a0914000-7ff0a4000000 ---p 00000000 00:00 0 
7ff0a4002000-7ff0a4006000 r--s 00093000 08:01 29007                      /opt/electriccloud/electriccommander/jre/lib/jsse.jar
7ff0a4006000-7ff0a4008000 r--s 00001000 08:01 29262                      /opt/electriccloud/electriccommander/jre/lib/ext/dnsns.jar
7ff0a4008000-7ff0a400b000 r--s 0003a000 08:01 29271                      /opt/electriccloud/electriccommander/jre/lib/ext/sunpkcs11.jar
7ff0a400b000-7ff0a4010000 r--s 0003f000 08:01 29270                      /opt/electriccloud/electriccommander/jre/lib/ext/sunjce_provider.jar
7ff0a4010000-7ff0a401d000 r--s 00073000 08:01 32137                      /opt/electriccloud/CommanderSDK/lib/ec-gwt.jar
7ff0a401d000-7ff0a401e000 r--s 00000000 08:01 32143                      /opt/electriccloud/CommanderSDK/lib/jcip-annotations.jar
7ff0a401e000-7ff0a4020000 r--s 00004000 08:01 32134                      /opt/electriccloud/CommanderSDK/lib/annotations.jar
7ff0a4020000-7ff0a402c000 r--s 000b2000 08:01 32139                      /opt/electriccloud/CommanderSDK/lib/guava-gwt.jar
7ff0a402c000-7ff0a4055000 r--s 001ee000 08:01 32138                      /opt/electriccloud/CommanderSDK/lib/guava.jar
7ff0a4055000-7ff0a4f9f000 rw-p 00000000 00:00 0 
7ff0a4f9f000-7ff0a5175000 r--s 03caa000 08:01 29020                      /opt/electriccloud/electriccommander/jre/lib/rt.jar
7ff0a5175000-7ff0a62ee000 rw-p 00000000 00:00 0 
7ff0a62ee000-7ff0a62ef000 ---p 00000000 00:00 0 
7ff0a62ef000-7ff0a63ef000 rw-p 00000000 00:00 0 
7ff0a63ef000-7ff0a63f0000 ---p 00000000 00:00 0 
7ff0a63f0000-7ff0a64f0000 rw-p 00000000 00:00 0 
7ff0a64f0000-7ff0a64f1000 ---p 00000000 00:00 0 
7ff0a64f1000-7ff0a65f1000 rw-p 00000000 00:00 0 
7ff0a65f1000-7ff0a65f2000 ---p 00000000 00:00 0 
7ff0a65f2000-7ff0a6719000 rw-p 00000000 00:00 0 
7ff0a6719000-7ff0a6ab2000 ---p 00000000 00:00 0 
7ff0a6ab2000-7ff0a6acc000 r-xp 00000000 08:01 29099                      /opt/electriccloud/electriccommander/jre/lib/amd64/libzip.so
7ff0a6acc000-7ff0a6ccc000 ---p 0001a000 08:01 29099                      /opt/electriccloud/electriccommander/jre/lib/amd64/libzip.so
7ff0a6ccc000-7ff0a6ccd000 rw-p 0001a000 08:01 29099                      /opt/electriccloud/electriccommander/jre/lib/amd64/libzip.so
7ff0a6ccd000-7ff0a6cd9000 r-xp 00000000 08:01 666277                     /lib/x86_64-linux-gnu/libnss_files-2.15.so
7ff0a6cd9000-7ff0a6ed8000 ---p 0000c000 08:01 666277                     /lib/x86_64-linux-gnu/libnss_files-2.15.so
7ff0a6ed8000-7ff0a6ed9000 r--p 0000b000 08:01 666277                     /lib/x86_64-linux-gnu/libnss_files-2.15.so
7ff0a6ed9000-7ff0a6eda000 rw-p 0000c000 08:01 666277                     /lib/x86_64-linux-gnu/libnss_files-2.15.so
7ff0a6eda000-7ff0a6ee4000 r-xp 00000000 08:01 666281                     /lib/x86_64-linux-gnu/libnss_nis-2.15.so
7ff0a6ee4000-7ff0a70e4000 ---p 0000a000 08:01 666281                     /lib/x86_64-linux-gnu/libnss_nis-2.15.so
7ff0a70e4000-7ff0a70e5000 r--p 0000a000 08:01 666281                     /lib/x86_64-linux-gnu/libnss_nis-2.15.so
7ff0a70e5000-7ff0a70e6000 rw-p 0000b000 08:01 666281                     /lib/x86_64-linux-gnu/libnss_nis-2.15.so
7ff0a70e6000-7ff0a70fd000 r-xp 00000000 08:01 666296                     /lib/x86_64-linux-gnu/libnsl-2.15.so
7ff0a70fd000-7ff0a72fc000 ---p 00017000 08:01 666296                     /lib/x86_64-linux-gnu/libnsl-2.15.so
7ff0a72fc000-7ff0a72fd000 r--p 00016000 08:01 666296                     /lib/x86_64-linux-gnu/libnsl-2.15.so
7ff0a72fd000-7ff0a72fe000 rw-p 00017000 08:01 666296                     /lib/x86_64-linux-gnu/libnsl-2.15.so
7ff0a72fe000-7ff0a7300000 rw-p 00000000 00:00 0 
7ff0a7300000-7ff0a7308000 r-xp 00000000 08:01 666275                     /lib/x86_64-linux-gnu/libnss_compat-2.15.so
7ff0a7308000-7ff0a7507000 ---p 00008000 08:01 666275                     /lib/x86_64-linux-gnu/libnss_compat-2.15.so
7ff0a7507000-7ff0a7508000 r--p 00007000 08:01 666275                     /lib/x86_64-linux-gnu/libnss_compat-2.15.so
7ff0a7508000-7ff0a7509000 rw-p 00008000 08:01 666275                     /lib/x86_64-linux-gnu/libnss_compat-2.15.so
7ff0a7509000-7ff0a7533000 r-xp 00000000 08:01 29052                      /opt/electriccloud/electriccommander/jre/lib/amd64/libjava.so
7ff0a7533000-7ff0a7733000 ---p 0002a000 08:01 29052                      /opt/electriccloud/electriccommander/jre/lib/amd64/libjava.so
7ff0a7733000-7ff0a7735000 rw-p 0002a000 08:01 29052                      /opt/electriccloud/electriccommander/jre/lib/amd64/libjava.so
7ff0a7735000-7ff0a7742000 r-xp 00000000 08:01 29098                      /opt/electriccloud/electriccommander/jre/lib/amd64/libverify.so
7ff0a7742000-7ff0a7942000 ---p 0000d000 08:01 29098                      /opt/electriccloud/electriccommander/jre/lib/amd64/libverify.so
7ff0a7942000-7ff0a7944000 rw-p 0000d000 08:01 29098                      /opt/electriccloud/electriccommander/jre/lib/amd64/libverify.so
7ff0a7944000-7ff0a794b000 r-xp 00000000 08:01 666280                     /lib/x86_64-linux-gnu/librt-2.15.so
7ff0a794b000-7ff0a7b4a000 ---p 00007000 08:01 666280                     /lib/x86_64-linux-gnu/librt-2.15.so
7ff0a7b4a000-7ff0a7b4b000 r--p 00006000 08:01 666280                     /lib/x86_64-linux-gnu/librt-2.15.so
7ff0a7b4b000-7ff0a7b4c000 rw-p 00007000 08:01 666280                     /lib/x86_64-linux-gnu/librt-2.15.so
7ff0a7b4c000-7ff0a7c47000 r-xp 00000000 08:01 666284                     /lib/x86_64-linux-gnu/libm-2.15.so
7ff0a7c47000-7ff0a7e46000 ---p 000fb000 08:01 666284                     /lib/x86_64-linux-gnu/libm-2.15.so
7ff0a7e46000-7ff0a7e47000 r--p 000fa000 08:01 666284                     /lib/x86_64-linux-gnu/libm-2.15.so
7ff0a7e47000-7ff0a7e48000 rw-p 000fb000 08:01 666284                     /lib/x86_64-linux-gnu/libm-2.15.so
7ff0a7e48000-7ff0a8ab5000 r-xp 00000000 08:01 29106                      /opt/electriccloud/electriccommander/jre/lib/amd64/server/libjvm.so
7ff0a8ab5000-7ff0a8cb4000 ---p 00c6d000 08:01 29106                      /opt/electriccloud/electriccommander/jre/lib/amd64/server/libjvm.so
7ff0a8cb4000-7ff0a8d8a000 rw-p 00c6c000 08:01 29106                      /opt/electriccloud/electriccommander/jre/lib/amd64/server/libjvm.so
7ff0a8d8a000-7ff0a8dcd000 rw-p 00000000 00:00 0 
7ff0a8dcd000-7ff0a8f82000 r-xp 00000000 08:01 666273                     /lib/x86_64-linux-gnu/libc-2.15.so
7ff0a8f82000-7ff0a9182000 ---p 001b5000 08:01 666273                     /lib/x86_64-linux-gnu/libc-2.15.so
7ff0a9182000-7ff0a9186000 r--p 001b5000 08:01 666273                     /lib/x86_64-linux-gnu/libc-2.15.so
7ff0a9186000-7ff0a9188000 rw-p 001b9000 08:01 666273                     /lib/x86_64-linux-gnu/libc-2.15.so
7ff0a9188000-7ff0a918d000 rw-p 00000000 00:00 0 
7ff0a918d000-7ff0a918f000 r-xp 00000000 08:01 666288                     /lib/x86_64-linux-gnu/libdl-2.15.so
7ff0a918f000-7ff0a938f000 ---p 00002000 08:01 666288                     /lib/x86_64-linux-gnu/libdl-2.15.so
7ff0a938f000-7ff0a9390000 r--p 00002000 08:01 666288                     /lib/x86_64-linux-gnu/libdl-2.15.so
7ff0a9390000-7ff0a9391000 rw-p 00003000 08:01 666288                     /lib/x86_64-linux-gnu/libdl-2.15.so
7ff0a9391000-7ff0a93a6000 r-xp 00000000 08:01 29102                      /opt/electriccloud/electriccommander/jre/lib/amd64/jli/libjli.so
7ff0a93a6000-7ff0a95a5000 ---p 00015000 08:01 29102                      /opt/electriccloud/electriccommander/jre/lib/amd64/jli/libjli.so
7ff0a95a5000-7ff0a95a6000 rw-p 00014000 08:01 29102                      /opt/electriccloud/electriccommander/jre/lib/amd64/jli/libjli.so
7ff0a95a6000-7ff0a95be000 r-xp 00000000 08:01 666282                     /lib/x86_64-linux-gnu/libpthread-2.15.so
7ff0a95be000-7ff0a97bd000 ---p 00018000 08:01 666282                     /lib/x86_64-linux-gnu/libpthread-2.15.so
7ff0a97bd000-7ff0a97be000 r--p 00017000 08:01 666282                     /lib/x86_64-linux-gnu/libpthread-2.15.so
7ff0a97be000-7ff0a97bf000 rw-p 00018000 08:01 666282                     /lib/x86_64-linux-gnu/libpthread-2.15.so
7ff0a97bf000-7ff0a97c3000 rw-p 00000000 00:00 0 
7ff0a97c3000-7ff0a97e5000 r-xp 00000000 08:01 666285                     /lib/x86_64-linux-gnu/ld-2.15.so
7ff0a97e6000-7ff0a97e7000 rw-p 00000000 00:00 0 
7ff0a97e7000-7ff0a97e8000 r--s 00009000 08:01 29268                      /opt/electriccloud/electriccommander/jre/lib/ext/sunec.jar
7ff0a97e8000-7ff0a97e9000 r--s 00010000 08:01 29272                      /opt/electriccloud/electriccommander/jre/lib/ext/zipfs.jar
7ff0a97e9000-7ff0a9831000 rw-p 00000000 00:00 0 
7ff0a9831000-7ff0a983f000 ---p 00000000 00:00 0 
7ff0a983f000-7ff0a9887000 rw-p 00000000 00:00 0 
7ff0a9887000-7ff0a9894000 ---p 00000000 00:00 0 
7ff0a9894000-7ff0a98bf000 rw-p 00000000 00:00 0 
7ff0a98bf000-7ff0a98c0000 rw-p 00000000 00:00 0 
7ff0a98c0000-7ff0a98c3000 ---p 00000000 00:00 0 
7ff0a98c3000-7ff0a99c5000 rw-p 00000000 00:00 0 
7ff0a99c5000-7ff0a99cf000 r--s 00116000 08:01 29264                      /opt/electriccloud/electriccommander/jre/lib/ext/localedata.jar
7ff0a99cf000-7ff0a99d1000 r--s 0000e000 08:01 32146                      /opt/electriccloud/CommanderSDK/lib/validation-api-1.0.0.GA-sources.jar
7ff0a99d1000-7ff0a99d4000 r--s 00009000 08:01 32145                      /opt/electriccloud/CommanderSDK/lib/validation-api-1.0.0.GA.jar
7ff0a99d4000-7ff0a99d9000 rw-p 00000000 00:00 0 
7ff0a99d9000-7ff0a99e1000 rw-s 00000000 08:01 34263                      /tmp/hsperfdata_lrochette/4086
7ff0a99e1000-7ff0a99e2000 rw-p 00000000 00:00 0 
7ff0a99e2000-7ff0a99e3000 r--p 00000000 00:00 0 
7ff0a99e3000-7ff0a99e5000 rw-p 00000000 00:00 0 
7ff0a99e5000-7ff0a99e6000 r--p 00022000 08:01 666285                     /lib/x86_64-linux-gnu/ld-2.15.so
7ff0a99e6000-7ff0a99e8000 rw-p 00023000 08:01 666285                     /lib/x86_64-linux-gnu/ld-2.15.so
7fff4e046000-7fff4e067000 rw-p 00000000 00:00 0                          [stack]
7fff4e0bc000-7fff4e0bd000 r-xp 00000000 00:00 0                          [vdso]
ffffffffff600000-ffffffffff601000 r-xp 00000000 00:00 0                  [vsyscall]

VM Arguments:
jvm_args: -Xmx256m 
java_command: com.google.gwt.dev.Compiler -war /home/lrochette/GitHub/EC-Zendesk/src/out/gwt-out/htdocs/war -logLevel INFO -style OBF -localWorkers 1 ecplugins.Zendesk.ConfigurationManagement
java_class_path (initial): /opt/electriccloud/CommanderSDK/lib/commander-client.jar:/opt/electriccloud/electriccommander/plugins/EC-Admin-2.12.1.304/lib5/ec_internal.jar:/opt/electriccloud/electriccommander/plugins/EC-Admin-2.12.1.304/lib5/gin-2.1.1.jar:/opt/electriccloud/electriccommander/plugins/EC-Admin-2.12.1.304/lib5/gwtp-all-0.8-PATCH5.jar:/opt/electriccloud/electriccommander/plugins/EC-Admin-2.12.1.304/lib5/javax.inject.jar:/opt/electriccloud/electriccommander/plugins/EC-Admin-2.12.1.304/lib5/guice-assistedinject.jar:/opt/electriccloud/electriccommander/plugins/EC-Admin-2.12.1.304/lib5/guice.jar:/opt/electriccloud/electriccommander/plugins/EC-Admin-2.12.1.304/lib5/annotations.jar:/opt/electriccloud/CommanderSDK/lib/gwt-user.jar:/opt/electriccloud/CommanderSDK/lib/gwt-dev.jar:/opt/electriccloud/CommanderSDK/lib/validation-api-1.0.0.GA.jar:/opt/electriccloud/CommanderSDK/lib/validation-api-1.0.0.GA-sources.jar:/opt/electriccloud/CommanderSDK/lib/guava.jar:/opt/electriccloud/CommanderSDK/lib/guava-gwt.jar:/opt/electriccloud/CommanderSDK/lib/annotations.jar:/opt/electriccloud/CommanderSDK/lib/jcip-annotations.jar:/home/lrochette/GitHub/EC-Zendesk/src/src:/opt/electriccloud/CommanderSDK/lib/ec-gwt.jar:/opt/electriccloud/electriccommander/utils/commander-client.jar
Launcher Type: SUN_STANDARD

Environment Variables:
JAVA_HOME=/opt/electriccloud/electriccommander/jre
PATH=/home/lrochette/com:/home/lrochette/bin:/usr/local/bin:/usr/bin:/bin:/usr/local/games:/usr/games:/opt/electriccloud/electriccommander/bin
SHELL=/bin/bash

Signal Handlers:
SIGSEGV: [libjvm.so+0xa79a80], sa_mask[0]=11111111011111111101111111111110, sa_flags=SA_RESTART|SA_SIGINFO
SIGBUS: [libjvm.so+0xa79a80], sa_mask[0]=11111111011111111101111111111110, sa_flags=SA_RESTART|SA_SIGINFO
SIGFPE: [libjvm.so+0x8e24e0], sa_mask[0]=11111111011111111101111111111110, sa_flags=SA_RESTART|SA_SIGINFO
SIGPIPE: [libjvm.so+0x8e24e0], sa_mask[0]=11111111011111111101111111111110, sa_flags=SA_RESTART|SA_SIGINFO
SIGXFSZ: [libjvm.so+0x8e24e0], sa_mask[0]=11111111011111111101111111111110, sa_flags=SA_RESTART|SA_SIGINFO
SIGILL: [libjvm.so+0x8e24e0], sa_mask[0]=11111111011111111101111111111110, sa_flags=SA_RESTART|SA_SIGINFO
SIGUSR1: SIG_DFL, sa_mask[0]=00000000000000000000000000000000, sa_flags=none
SIGUSR2: [libjvm.so+0x8e3d10], sa_mask[0]=00100000000000000000000000000000, sa_flags=SA_RESTART|SA_SIGINFO
SIGHUP: [libjvm.so+0x8e50d0], sa_mask[0]=11111111011111111101111111111110, sa_flags=SA_RESTART|SA_SIGINFO
SIGINT: [libjvm.so+0x8e50d0], sa_mask[0]=11111111011111111101111111111110, sa_flags=SA_RESTART|SA_SIGINFO
SIGTERM: [libjvm.so+0x8e50d0], sa_mask[0]=11111111011111111101111111111110, sa_flags=SA_RESTART|SA_SIGINFO
SIGQUIT: [libjvm.so+0x8e50d0], sa_mask[0]=11111111011111111101111111111110, sa_flags=SA_RESTART|SA_SIGINFO


---------------  S Y S T E M  ---------------

OS:DISTRIB_ID=Ubuntu
DISTRIB_RELEASE=12.04
DISTRIB_CODENAME=precise
DISTRIB_DESCRIPTION="Ubuntu 12.04.4 LTS"

uname:Linux 3.2.0-64-generic #97-Ubuntu SMP Wed Jun 4 22:04:21 UTC 2014 x86_64
libc:glibc 2.15 NPTL 2.15 
rlimit: STACK 8192k, CORE infinity, NPROC 31449, NOFILE 4096, AS infinity
load average:1.11 0.54 0.35

/proc/meminfo:
MemTotal:        4049600 kB
MemFree:           88052 kB
Buffers:             148 kB
Cached:            13456 kB
SwapCached:            0 kB
Active:          3823540 kB
Inactive:           7284 kB
Active(anon):    3817740 kB
Inactive(anon):      716 kB
Active(file):       5800 kB
Inactive(file):     6568 kB
Unevictable:           0 kB
Mlocked:               0 kB
SwapTotal:             0 kB
SwapFree:              0 kB
Dirty:               144 kB
Writeback:           640 kB
AnonPages:       3816848 kB
Mapped:             8352 kB
Shmem:              1284 kB
Slab:              38824 kB
SReclaimable:      16608 kB
SUnreclaim:        22216 kB
KernelStack:        5472 kB
PageTables:        24848 kB
NFS_Unstable:          0 kB
Bounce:                0 kB
WritebackTmp:          0 kB
CommitLimit:     2024800 kB
Committed_AS:    5066372 kB
VmallocTotal:   34359738367 kB
VmallocUsed:       64252 kB
VmallocChunk:   34359671800 kB
HardwareCorrupted:     0 kB
AnonHugePages:         0 kB
HugePages_Total:       0
HugePages_Free:        0
HugePages_Rsvd:        0
HugePages_Surp:        0
Hugepagesize:       2048 kB
DirectMap4k:       75712 kB
DirectMap2M:     4118528 kB


CPU:total 4 (4 cores per cpu, 1 threads per core) family 6 model 70 stepping 1, cmov, cx8, fxsr, mmx, sse, sse2, sse3, ssse3, tsc

/proc/cpuinfo:
processor	: 0
vendor_id	: GenuineIntel
cpu family	: 6
model		: 70
model name	: Intel(R) Core(TM) i7-4850HQ CPU @ 2.30GHz
stepping	: 1
microcode	: 0x19
cpu MHz		: 2298.506
cache size	: 6144 KB
physical id	: 0
siblings	: 4
core id		: 0
cpu cores	: 4
apicid		: 0
initial apicid	: 0
fpu		: yes
fpu_exception	: yes
cpuid level	: 5
wp		: yes
flags		: fpu vme de pse tsc msr pae mce cx8 apic sep mtrr pge mca cmov pat pse36 clflush mmx fxsr sse sse2 ht syscall nx rdtscp lm constant_tsc rep_good nopl pni ssse3 lahf_lm
bogomips	: 4597.01
clflush size	: 64
cache_alignment	: 64
address sizes	: 39 bits physical, 48 bits virtual
power management:

processor	: 1
vendor_id	: GenuineIntel
cpu family	: 6
model		: 70
model name	: Intel(R) Core(TM) i7-4850HQ CPU @ 2.30GHz
stepping	: 1
microcode	: 0x19
cpu MHz		: 2298.506
cache size	: 6144 KB
physical id	: 0
siblings	: 4
core id		: 1
cpu cores	: 4
apicid		: 1
initial apicid	: 1
fpu		: yes
fpu_exception	: yes
cpuid level	: 5
wp		: yes
flags		: fpu vme de pse tsc msr pae mce cx8 apic sep mtrr pge mca cmov pat pse36 clflush mmx fxsr sse sse2 ht syscall nx rdtscp lm constant_tsc rep_good nopl pni ssse3 lahf_lm
bogomips	: 4522.10
clflush size	: 64
cache_alignment	: 64
address sizes	: 39 bits physical, 48 bits virtual
power management:

processor	: 2
vendor_id	: GenuineIntel
cpu family	: 6
model		: 70
model name	: Intel(R) Core(TM) i7-4850HQ CPU @ 2.30GHz
stepping	: 1
microcode	: 0x19
cpu MHz		: 2298.506
cache size	: 6144 KB
physical id	: 0
siblings	: 4
core id		: 2
cpu cores	: 4
apicid		: 2
initial apicid	: 2
fpu		: yes
fpu_exception	: yes
cpuid level	: 5
wp		: yes
flags		: fpu vme de pse tsc msr pae mce cx8 apic sep mtrr pge mca cmov pat pse36 clflush mmx fxsr sse sse2 ht syscall nx rdtscp lm constant_tsc rep_good nopl pni ssse3 lahf_lm
bogomips	: 4581.12
clflush size	: 64
cache_alignment	: 64
address sizes	: 39 bits physical, 48 bits virtual
power management:

processor	: 3
vendor_id	: GenuineIntel
cpu family	: 6
model		: 70
model name	: Intel(R) Core(TM) i7-4850HQ CPU @ 2.30GHz
stepping	: 1
microcode	: 0x19
cpu MHz		: 2298.506
cache size	: 6144 KB
physical id	: 0
siblings	: 4
core id		: 3
cpu cores	: 4
apicid		: 3
initial apicid	: 3
fpu		: yes
fpu_exception	: yes
cpuid level	: 5
wp		: yes
flags		: fpu vme de pse tsc msr pae mce cx8 apic sep mtrr pge mca cmov pat pse36 clflush mmx fxsr sse sse2 ht syscall nx rdtscp lm constant_tsc rep_good nopl pni ssse3 lahf_lm
bogomips	: 4582.53
clflush size	: 64
cache_alignment	: 64
address sizes	: 39 bits physical, 48 bits virtual
power management:



Memory: 4k page, physical 4049600k(88052k free), swap 0k(0k free)

vm_info: Java HotSpot(TM) 64-Bit Server VM (25.25-b02) for linux-amd64 JRE (1.8.0_25-b17), built on Sep 17 2014 17:32:11 by "java_re" with gcc 4.3.0 20080428 (Red Hat 4.3.0-8)

time: Mon Sep 14 09:10:35 2015
elapsed time: 10 seconds (0d 0h 0m 10s)

