#
# There is insufficient memory for the Java Runtime Environment to continue.
# Native memory allocation (mmap) failed to map 65536 bytes for committing reserved memory.
# Possible reasons:
#   The system is out of physical RAM or swap space
#   In 32 bit mode, the process size limit was hit
# Possible solutions:
#   Reduce memory load on the system
#   Increase physical memory or swap space
#   Check if swap backing store is full
#   Use 64 bit Java on a 64 bit OS
#   Decrease Java heap size (-Xmx/-Xms)
#   Decrease number of Java threads
#   Decrease Java thread stack sizes (-Xss)
#   Set larger code cache with -XX:ReservedCodeCacheSize=
# This output file may be truncated or incomplete.
#
#  Out of Memory Error (os_linux.cpp:2671), pid=5073, tid=139720644556544
#
# JRE version: Java(TM) SE Runtime Environment (8.0_25-b17) (build 1.8.0_25-b17)
# Java VM: Java HotSpot(TM) 64-Bit Server VM (25.25-b02 mixed mode linux-amd64 compressed oops)
# Core dump written. Default location: /home/lrochette/GitHub/EC-Zendesk/src/core or core.5073
#

---------------  T H R E A D  ---------------

Current thread (0x00007f13540ac000):  JavaThread "C2 CompilerThread0" daemon [_thread_in_vm, id=5086, stack(0x00007f133f52f000,0x00007f133f630000)]

Stack: [0x00007f133f52f000,0x00007f133f630000],  sp=0x00007f133f62b440,  free space=1009k
Native frames: (J=compiled Java code, j=interpreted, Vv=VM code, C=native code)
V  [libjvm.so+0xa7923a]  VMError::report_and_die()+0x2ca
V  [libjvm.so+0x4e552b]  report_vm_out_of_memory(char const*, int, unsigned long, VMErrorType, char const*)+0x8b
V  [libjvm.so+0x8e5613]  os::Linux::commit_memory_impl(char*, unsigned long, bool)+0x103
V  [libjvm.so+0x8e5b69]  os::pd_commit_memory(char*, unsigned long, unsigned long, bool)+0x29
V  [libjvm.so+0x8df83a]  os::commit_memory(char*, unsigned long, unsigned long, bool)+0x2a
V  [libjvm.so+0xa75169]  VirtualSpace::expand_by(unsigned long, bool)+0x1c9
V  [libjvm.so+0x5f1aec]  CodeHeap::expand_by(unsigned long)+0x8c
V  [libjvm.so+0x46f0b0]  CodeCache::allocate(int, bool)+0x60
V  [libjvm.so+0x469f75]  BufferBlob::create(char const*, int)+0x95
V  [libjvm.so+0x46de0a]  CodeBuffer::initialize(int, int)+0x1a
V  [libjvm.so+0x8f6448]  Compile::init_buffer(unsigned int*)+0x208
V  [libjvm.so+0x8fc1f9]  Compile::Output()+0x389
V  [libjvm.so+0x4902d5]  Compile::Code_Gen()+0x325
V  [libjvm.so+0x493624]  Compile::Compile(ciEnv*, C2Compiler*, ciMethod*, int, bool, bool, bool)+0x14a4
V  [libjvm.so+0x3e69c8]  C2Compiler::compile_method(ciEnv*, ciMethod*, int)+0x198
V  [libjvm.so+0x49bc6a]  CompileBroker::invoke_compiler_on_method(CompileTask*)+0xc8a
V  [libjvm.so+0x49e650]  CompileBroker::compiler_thread_loop()+0x620
V  [libjvm.so+0xa29e8f]  JavaThread::thread_main_inner()+0xdf
V  [libjvm.so+0xa29fbc]  JavaThread::run()+0x11c
V  [libjvm.so+0x8e7d48]  java_start(Thread*)+0x108
C  [libpthread.so.0+0x7e9a]  start_thread+0xda


Current CompileTask:
C2:  11032 2402       4       org.eclipse.jdt.internal.compiler.lookup.BinaryTypeBinding::createMethod (1085 bytes)


---------------  P R O C E S S  ---------------

Java Threads: ( => current thread )
  0x00007f130004f800 JavaThread "Keep-Alive-Timer" daemon [_thread_blocked, id=5095, stack(0x00007f133d112000,0x00007f133d213000)]
  0x00007f13544c4800 JavaThread "CompilationUnitBuilder" [_thread_blocked, id=5094, stack(0x00007f133dcff000,0x00007f133de00000)]
  0x00007f130006d000 JavaThread "Timer-0" daemon [_thread_blocked, id=5092, stack(0x00007f133eb1a000,0x00007f133ec1b000)]
  0x00007f13540c1000 JavaThread "Service Thread" daemon [_thread_blocked, id=5089, stack(0x00007f133f22c000,0x00007f133f32d000)]
  0x00007f13540b1000 JavaThread "C1 CompilerThread2" daemon [_thread_blocked, id=5088, stack(0x00007f133f32d000,0x00007f133f42e000)]
  0x00007f13540af000 JavaThread "C2 CompilerThread1" daemon [_thread_in_vm, id=5087, stack(0x00007f133f42e000,0x00007f133f52f000)]
=>0x00007f13540ac000 JavaThread "C2 CompilerThread0" daemon [_thread_in_vm, id=5086, stack(0x00007f133f52f000,0x00007f133f630000)]
  0x00007f13540aa000 JavaThread "Signal Dispatcher" daemon [_thread_blocked, id=5085, stack(0x00007f133f630000,0x00007f133f731000)]
  0x00007f135407c800 JavaThread "Finalizer" daemon [_thread_blocked, id=5084, stack(0x00007f133f9fa000,0x00007f133fafb000)]
  0x00007f135407a800 JavaThread "Reference Handler" daemon [_thread_blocked, id=5083, stack(0x00007f133fafb000,0x00007f133fbfc000)]
  0x00007f135400a800 JavaThread "main" [_thread_blocked, id=5077, stack(0x00007f135c670000,0x00007f135c771000)]

Other Threads:
  0x00007f1354073800 VMThread [stack: 0x00007f133fbfc000,0x00007f133fcfd000] [id=5082]
  0x00007f13540c3000 WatcherThread [stack: 0x00007f133f12b000,0x00007f133f22c000] [id=5090]

VM state:synchronizing (normal execution)

VM Mutex/Monitor currently owned by a thread:  ([mutex/lock_event])
[0x00007f1354005d30] CodeCache_lock - owner thread: 0x00007f13540ac000
[0x00007f13540069b0] Threads_lock - owner thread: 0x00007f1354073800
[0x00007f13540073b0] Compile_lock - owner thread: 0x00007f13540af000
[0x00007f13540074b0] MethodCompileQueue_lock - owner thread: 0x00007f13540af000

Heap:
 PSYoungGen      total 58368K, used 15818K [0x00000000fab00000, 0x0000000100000000, 0x0000000100000000)
  eden space 29696K, 3% used [0x00000000fab00000,0x00000000fac282b0,0x00000000fc800000)
  from space 28672K, 51% used [0x00000000fc800000,0x00000000fd64a8c0,0x00000000fe400000)
  to   space 28672K, 0% used [0x00000000fe400000,0x00000000fe400000,0x0000000100000000)
 ParOldGen       total 138240K, used 117867K [0x00000000f0000000, 0x00000000f8700000, 0x00000000fab00000)
  object space 138240K, 85% used [0x00000000f0000000,0x00000000f731ad18,0x00000000f8700000)
 Metaspace       used 15142K, capacity 15522K, committed 15872K, reserved 1062912K
  class space    used 1606K, capacity 1683K, committed 1792K, reserved 1048576K

Card table byte_map: [0x00007f135c5ef000,0x00007f135c670000] byte_map_base: 0x00007f135be6f000

Marking Bits: (ParMarkBitMap*) 0x00007f135bb522c0
 Begin Bits: [0x00007f135889e000, 0x00007f1358c9e000)
 End Bits:   [0x00007f1358c9e000, 0x00007f135909e000)

Polling page: 0x00007f135c792000

CodeCache: size=245760Kb used=9419Kb max_used=9419Kb free=236340Kb
 bounds [0x00007f1345000000, 0x00007f1345940000, 0x00007f1354000000]
 total_blobs=2852 nmethods=2507 adapters=256
 compilation: enabled

Compilation events (10 events):
Event: 9.490 Thread 0x00007f13540b1000 nmethod 2531 0x00007f134592dc50 code [0x00007f134592dde0, 0x00007f134592e1b8]
Event: 9.490 Thread 0x00007f13540b1000 2532       3       org.eclipse.jdt.internal.compiler.util.HashtableOfObject::put (113 bytes)
Event: 9.492 Thread 0x00007f13540b1000 nmethod 2532 0x00007f134592e410 code [0x00007f134592e600, 0x00007f134592ee48]
Event: 9.492 Thread 0x00007f13540b1000 2548       2       org.eclipse.jdt.internal.compiler.lookup.Scope::hasErasedCandidatesCollisions (132 bytes)
Event: 9.496 Thread 0x00007f13540b1000 nmethod 2548 0x00007f134592f310 code [0x00007f134592f4e0, 0x00007f134592fa78]
Event: 9.497 Thread 0x00007f13540b1000 2552       2       org.eclipse.jdt.internal.compiler.lookup.ParameterizedTypeBinding::boundCheck (141 bytes)
Event: 9.498 Thread 0x00007f13540b1000 nmethod 2552 0x00007f134592ff90 code [0x00007f1345930140, 0x00007f1345930578]
Event: 9.509 Thread 0x00007f13540b1000 2538       3       org.eclipse.jdt.internal.compiler.lookup.ClassScope::buildFieldsAndMethods (73 bytes)
Event: 9.554 Thread 0x00007f13540b1000 nmethod 2538 0x00007f1345931ed0 code [0x00007f13459320e0, 0x00007f1345932fc8]
Event: 9.554 Thread 0x00007f13540b1000 2555       2       org.eclipse.jdt.internal.compiler.lookup.TypeVariableBinding::boundCheck (578 bytes)

GC Heap History (10 events):
Event: 6.446 GC heap before
{Heap before GC invocations=13 (full 2):
 PSYoungGen      total 58368K, used 29696K [0x00000000fab00000, 0x0000000100000000, 0x0000000100000000)
  eden space 29696K, 100% used [0x00000000fab00000,0x00000000fc800000,0x00000000fc800000)
  from space 28672K, 0% used [0x00000000fe400000,0x00000000fe400000,0x0000000100000000)
  to   space 28672K, 0% used [0x00000000fc800000,0x00000000fc800000,0x00000000fe400000)
 ParOldGen       total 138240K, used 83492K [0x00000000f0000000, 0x00000000f8700000, 0x00000000fab00000)
  object space 138240K, 60% used [0x00000000f0000000,0x00000000f5189258,0x00000000f8700000)
 Metaspace       used 14540K, capacity 14850K, committed 14976K, reserved 1062912K
  class space    used 1574K, capacity 1651K, committed 1664K, reserved 1048576K
Event: 6.457 GC heap after
Heap after GC invocations=13 (full 2):
 PSYoungGen      total 58368K, used 6980K [0x00000000fab00000, 0x0000000100000000, 0x0000000100000000)
  eden space 29696K, 0% used [0x00000000fab00000,0x00000000fab00000,0x00000000fc800000)
  from space 28672K, 24% used [0x00000000fc800000,0x00000000fced11d8,0x00000000fe400000)
  to   space 28672K, 0% used [0x00000000fe400000,0x00000000fe400000,0x0000000100000000)
 ParOldGen       total 138240K, used 83492K [0x00000000f0000000, 0x00000000f8700000, 0x00000000fab00000)
  object space 138240K, 60% used [0x00000000f0000000,0x00000000f5189258,0x00000000f8700000)
 Metaspace       used 14540K, capacity 14850K, committed 14976K, reserved 1062912K
  class space    used 1574K, capacity 1651K, committed 1664K, reserved 1048576K
}
Event: 6.869 GC heap before
{Heap before GC invocations=14 (full 2):
 PSYoungGen      total 58368K, used 36676K [0x00000000fab00000, 0x0000000100000000, 0x0000000100000000)
  eden space 29696K, 100% used [0x00000000fab00000,0x00000000fc800000,0x00000000fc800000)
  from space 28672K, 24% used [0x00000000fc800000,0x00000000fced11d8,0x00000000fe400000)
  to   space 28672K, 0% used [0x00000000fe400000,0x00000000fe400000,0x0000000100000000)
 ParOldGen       total 138240K, used 83492K [0x00000000f0000000, 0x00000000f8700000, 0x00000000fab00000)
  object space 138240K, 60% used [0x00000000f0000000,0x00000000f5189258,0x00000000f8700000)
 Metaspace       used 14603K, capacity 14914K, committed 14976K, reserved 1062912K
  class space    used 1574K, capacity 1651K, committed 1664K, reserved 1048576K
Event: 6.984 GC heap after
Heap after GC invocations=14 (full 2):
 PSYoungGen      total 58368K, used 12056K [0x00000000fab00000, 0x0000000100000000, 0x0000000100000000)
  eden space 29696K, 0% used [0x00000000fab00000,0x00000000fab00000,0x00000000fc800000)
  from space 28672K, 42% used [0x00000000fe400000,0x00000000fefc6380,0x0000000100000000)
  to   space 28672K, 0% used [0x00000000fc800000,0x00000000fc800000,0x00000000fe400000)
 ParOldGen       total 138240K, used 89040K [0x00000000f0000000, 0x00000000f8700000, 0x00000000fab00000)
  object space 138240K, 64% used [0x00000000f0000000,0x00000000f56f4320,0x00000000f8700000)
 Metaspace       used 14603K, capacity 14914K, committed 14976K, reserved 1062912K
  class space    used 1574K, capacity 1651K, committed 1664K, reserved 1048576K
}
Event: 7.259 GC heap before
{Heap before GC invocations=15 (full 2):
 PSYoungGen      total 58368K, used 41752K [0x00000000fab00000, 0x0000000100000000, 0x0000000100000000)
  eden space 29696K, 100% used [0x00000000fab00000,0x00000000fc800000,0x00000000fc800000)
  from space 28672K, 42% used [0x00000000fe400000,0x00000000fefc6380,0x0000000100000000)
  to   space 28672K, 0% used [0x00000000fc800000,0x00000000fc800000,0x00000000fe400000)
 ParOldGen       total 138240K, used 89040K [0x00000000f0000000, 0x00000000f8700000, 0x00000000fab00000)
  object space 138240K, 64% used [0x00000000f0000000,0x00000000f56f4320,0x00000000f8700000)
 Metaspace       used 14615K, capacity 14914K, committed 14976K, reserved 1062912K
  class space    used 1574K, capacity 1651K, committed 1664K, reserved 1048576K
Event: 7.584 GC heap after
Heap after GC invocations=15 (full 2):
 PSYoungGen      total 58368K, used 11973K [0x00000000fab00000, 0x0000000100000000, 0x0000000100000000)
  eden space 29696K, 0% used [0x00000000fab00000,0x00000000fab00000,0x00000000fc800000)
  from space 28672K, 41% used [0x00000000fc800000,0x00000000fd3b1768,0x00000000fe400000)
  to   space 28672K, 0% used [0x00000000fe400000,0x00000000fe400000,0x0000000100000000)
 ParOldGen       total 138240K, used 98600K [0x00000000f0000000, 0x00000000f8700000, 0x00000000fab00000)
  object space 138240K, 71% used [0x00000000f0000000,0x00000000f604a190,0x00000000f8700000)
 Metaspace       used 14615K, capacity 14914K, committed 14976K, reserved 1062912K
  class space    used 1574K, capacity 1651K, committed 1664K, reserved 1048576K
}
Event: 7.993 GC heap before
{Heap before GC invocations=16 (full 2):
 PSYoungGen      total 58368K, used 41669K [0x00000000fab00000, 0x0000000100000000, 0x0000000100000000)
  eden space 29696K, 100% used [0x00000000fab00000,0x00000000fc800000,0x00000000fc800000)
  from space 28672K, 41% used [0x00000000fc800000,0x00000000fd3b1768,0x00000000fe400000)
  to   space 28672K, 0% used [0x00000000fe400000,0x00000000fe400000,0x0000000100000000)
 ParOldGen       total 138240K, used 98600K [0x00000000f0000000, 0x00000000f8700000, 0x00000000fab00000)
  object space 138240K, 71% used [0x00000000f0000000,0x00000000f604a190,0x00000000f8700000)
 Metaspace       used 14616K, capacity 14914K, committed 14976K, reserved 1062912K
  class space    used 1574K, capacity 1651K, committed 1664K, reserved 1048576K
Event: 8.344 GC heap after
Heap after GC invocations=16 (full 2):
 PSYoungGen      total 58368K, used 12198K [0x00000000fab00000, 0x0000000100000000, 0x0000000100000000)
  eden space 29696K, 0% used [0x00000000fab00000,0x00000000fab00000,0x00000000fc800000)
  from space 28672K, 42% used [0x00000000fe400000,0x00000000fefe9bc0,0x0000000100000000)
  to   space 28672K, 0% used [0x00000000fc800000,0x00000000fc800000,0x00000000fe400000)
 ParOldGen       total 138240K, used 108119K [0x00000000f0000000, 0x00000000f8700000, 0x00000000fab00000)
  object space 138240K, 78% used [0x00000000f0000000,0x00000000f6995c18,0x00000000f8700000)
 Metaspace       used 14616K, capacity 14914K, committed 14976K, reserved 1062912K
  class space    used 1574K, capacity 1651K, committed 1664K, reserved 1048576K
}
Event: 9.644 GC heap before
{Heap before GC invocations=17 (full 2):
 PSYoungGen      total 58368K, used 41894K [0x00000000fab00000, 0x0000000100000000, 0x0000000100000000)
  eden space 29696K, 100% used [0x00000000fab00000,0x00000000fc800000,0x00000000fc800000)
  from space 28672K, 42% used [0x00000000fe400000,0x00000000fefe9bc0,0x0000000100000000)
  to   space 28672K, 0% used [0x00000000fc800000,0x00000000fc800000,0x00000000fe400000)
 ParOldGen       total 138240K, used 108119K [0x00000000f0000000, 0x00000000f8700000, 0x00000000fab00000)
  object space 138240K, 78% used [0x00000000f0000000,0x00000000f6995c18,0x00000000f8700000)
 Metaspace       used 15142K, capacity 15522K, committed 15872K, reserved 1062912K
  class space    used 1606K, capacity 1683K, committed 1792K, reserved 1048576K
Event: 10.460 GC heap after
Heap after GC invocations=17 (full 2):
 PSYoungGen      total 58368K, used 14634K [0x00000000fab00000, 0x0000000100000000, 0x0000000100000000)
  eden space 29696K, 0% used [0x00000000fab00000,0x00000000fab00000,0x00000000fc800000)
  from space 28672K, 51% used [0x00000000fc800000,0x00000000fd64a8c0,0x00000000fe400000)
  to   space 28672K, 0% used [0x00000000fe400000,0x00000000fe400000,0x0000000100000000)
 ParOldGen       total 138240K, used 117867K [0x00000000f0000000, 0x00000000f8700000, 0x00000000fab00000)
  object space 138240K, 85% used [0x00000000f0000000,0x00000000f731ad18,0x00000000f8700000)
 Metaspace       used 15142K, capacity 15522K, committed 15872K, reserved 1062912K
  class space    used 1606K, capacity 1683K, committed 1792K, reserved 1048576K
}

Deoptimization events (10 events):
Event: 9.232 Thread 0x00007f135400a800 Uncommon trap: reason=class_check action=maybe_recompile pc=0x00007f1345564494 method=com.google.gwt.dev.util.collect.HashMap.keyHashCode(Ljava/lang/Object;)I @ 9
Event: 9.233 Thread 0x00007f135400a800 Uncommon trap: reason=class_check action=maybe_recompile pc=0x00007f1345564c0c method=com.google.gwt.dev.util.collect.HashMap.keyEquals(Ljava/lang/Object;Ljava/lang/Object;)Z @ 18
Event: 9.233 Thread 0x00007f135400a800 Uncommon trap: reason=class_check action=maybe_recompile pc=0x00007f134555d28c method=com.google.gwt.dev.util.collect.HashMap.keyHashCode(Ljava/lang/Object;)I @ 9
Event: 9.234 Thread 0x00007f135400a800 Uncommon trap: reason=class_check action=maybe_recompile pc=0x00007f13455599c4 method=com.google.gwt.dev.util.collect.HashMap.keyHashCode(Ljava/lang/Object;)I @ 9
Event: 9.234 Thread 0x00007f135400a800 Uncommon trap: reason=class_check action=maybe_recompile pc=0x00007f1345558dd0 method=com.google.gwt.dev.util.collect.HashMap.keyHashCode(Ljava/lang/Object;)I @ 9
Event: 9.234 Thread 0x00007f135400a800 Uncommon trap: reason=class_check action=maybe_recompile pc=0x00007f134558f738 method=com.google.gwt.dev.util.collect.HashMap.keyHashCode(Ljava/lang/Object;)I @ 9
Event: 9.234 Thread 0x00007f135400a800 Uncommon trap: reason=class_check action=maybe_recompile pc=0x00007f134558f2d4 method=com.google.gwt.dev.util.collect.HashMap.keyHashCode(Ljava/lang/Object;)I @ 9
Event: 9.234 Thread 0x00007f135400a800 Uncommon trap: reason=class_check action=maybe_recompile pc=0x00007f1345564c0c method=com.google.gwt.dev.util.collect.HashMap.keyEquals(Ljava/lang/Object;Ljava/lang/Object;)Z @ 18
Event: 9.271 Thread 0x00007f135400a800 Uncommon trap: reason=class_check action=maybe_recompile pc=0x00007f1345564c0c method=com.google.gwt.dev.util.collect.HashMap.keyEquals(Ljava/lang/Object;Ljava/lang/Object;)Z @ 18
Event: 9.273 Thread 0x00007f135400a800 Uncommon trap: reason=class_check action=maybe_recompile pc=0x00007f1345564c0c method=com.google.gwt.dev.util.collect.HashMap.keyEquals(Ljava/lang/Object;Ljava/lang/Object;)Z @ 18

Internal exceptions (10 events):
Event: 9.147 Thread 0x00007f135400a800 Exception <a 'java/security/PrivilegedActionException'> (0x00000000fc0d65a0) thrown at [/HUDSON/workspace/8-2-build-linux-amd64/jdk8u25/1514/hotspot/src/share/vm/prims/jvm.cpp, line 1312]
Event: 9.152 Thread 0x00007f135400a800 Exception <a 'java/security/PrivilegedActionException'> (0x00000000fc104c88) thrown at [/HUDSON/workspace/8-2-build-linux-amd64/jdk8u25/1514/hotspot/src/share/vm/prims/jvm.cpp, line 1312]
Event: 9.159 Thread 0x00007f135400a800 Exception <a 'java/security/PrivilegedActionException'> (0x00000000fc128e38) thrown at [/HUDSON/workspace/8-2-build-linux-amd64/jdk8u25/1514/hotspot/src/share/vm/prims/jvm.cpp, line 1312]
Event: 9.160 Thread 0x00007f135400a800 Exception <a 'java/security/PrivilegedActionException'> (0x00000000fc134540) thrown at [/HUDSON/workspace/8-2-build-linux-amd64/jdk8u25/1514/hotspot/src/share/vm/prims/jvm.cpp, line 1312]
Event: 9.160 Thread 0x00007f135400a800 Exception <a 'java/security/PrivilegedActionException'> (0x00000000fc134888) thrown at [/HUDSON/workspace/8-2-build-linux-amd64/jdk8u25/1514/hotspot/src/share/vm/prims/jvm.cpp, line 1312]
Event: 9.160 Thread 0x00007f135400a800 Exception <a 'java/security/PrivilegedActionException'> (0x00000000fc138430) thrown at [/HUDSON/workspace/8-2-build-linux-amd64/jdk8u25/1514/hotspot/src/share/vm/prims/jvm.cpp, line 1312]
Event: 9.160 Thread 0x00007f135400a800 Exception <a 'java/security/PrivilegedActionException'> (0x00000000fc138778) thrown at [/HUDSON/workspace/8-2-build-linux-amd64/jdk8u25/1514/hotspot/src/share/vm/prims/jvm.cpp, line 1312]
Event: 9.217 Thread 0x00007f135400a800 Exception <a 'java/security/PrivilegedActionException'> (0x00000000fc24f828) thrown at [/HUDSON/workspace/8-2-build-linux-amd64/jdk8u25/1514/hotspot/src/share/vm/prims/jvm.cpp, line 1312]
Event: 9.217 Thread 0x00007f135400a800 Exception <a 'java/security/PrivilegedActionException'> (0x00000000fc24fb70) thrown at [/HUDSON/workspace/8-2-build-linux-amd64/jdk8u25/1514/hotspot/src/share/vm/prims/jvm.cpp, line 1312]
Event: 9.229 Thread 0x00007f135400a800 Exception <a 'java/security/PrivilegedActionException'> (0x00000000fc2aa3f0) thrown at [/HUDSON/workspace/8-2-build-linux-amd64/jdk8u25/1514/hotspot/src/share/vm/prims/jvm.cpp, line 1312]

Events (10 events):
Event: 9.234 Thread 0x00007f135400a800 DEOPT PACKING pc=0x00007f1345564c0c sp=0x00007f135c76ea00
Event: 9.234 Thread 0x00007f135400a800 DEOPT UNPACKING pc=0x00007f1345004f69 sp=0x00007f135c76e9c0 mode 2
Event: 9.271 Thread 0x00007f135400a800 Uncommon trap: trap_request=0xffffffde fr.pc=0x00007f1345564c0c
Event: 9.271 Thread 0x00007f135400a800 DEOPT PACKING pc=0x00007f1345564c0c sp=0x00007f135c76e990
Event: 9.271 Thread 0x00007f135400a800 DEOPT UNPACKING pc=0x00007f1345004f69 sp=0x00007f135c76e950 mode 2
Event: 9.273 Thread 0x00007f135400a800 Uncommon trap: trap_request=0xffffffde fr.pc=0x00007f1345564c0c
Event: 9.273 Thread 0x00007f135400a800 DEOPT PACKING pc=0x00007f1345564c0c sp=0x00007f135c76ea00
Event: 9.273 Thread 0x00007f135400a800 DEOPT UNPACKING pc=0x00007f1345004f69 sp=0x00007f135c76e9c0 mode 2
Event: 9.555 Executing VM operation: ParallelGCFailedAllocation
Event: 10.522 Executing VM operation: ParallelGCFailedAllocation done


Dynamic libraries:
00400000-00401000 r-xp 00000000 08:01 28954                              /opt/electriccloud/electriccommander/jre/bin/java
00600000-00601000 rw-p 00000000 08:01 28954                              /opt/electriccloud/electriccommander/jre/bin/java
01e56000-01e77000 rw-p 00000000 00:00 0                                  [heap]
f0000000-f8700000 rw-p 00000000 00:00 0 
f8700000-fab00000 ---p 00000000 00:00 0 
fab00000-100000000 rw-p 00000000 00:00 0 
100000000-1001c0000 rw-p 00000000 00:00 0 
1001c0000-140000000 ---p 00000000 00:00 0 
7f12f8000000-7f12f8021000 rw-p 00000000 00:00 0 
7f12f8021000-7f12fc000000 ---p 00000000 00:00 0 
7f12fc000000-7f12fc021000 rw-p 00000000 00:00 0 
7f12fc021000-7f1300000000 ---p 00000000 00:00 0 
7f1300000000-7f130013b000 rw-p 00000000 00:00 0 
7f130013b000-7f1304000000 ---p 00000000 00:00 0 
7f1304000000-7f1304021000 rw-p 00000000 00:00 0 
7f1304021000-7f1308000000 ---p 00000000 00:00 0 
7f1308000000-7f1308021000 rw-p 00000000 00:00 0 
7f1308021000-7f130c000000 ---p 00000000 00:00 0 
7f130c000000-7f130c021000 rw-p 00000000 00:00 0 
7f130c021000-7f1310000000 ---p 00000000 00:00 0 
7f1310000000-7f1311524000 rw-p 00000000 00:00 0 
7f1311524000-7f1314000000 ---p 00000000 00:00 0 
7f1314000000-7f1314c46000 rw-p 00000000 00:00 0 
7f1314c46000-7f1318000000 ---p 00000000 00:00 0 
7f1318000000-7f1318021000 rw-p 00000000 00:00 0 
7f1318021000-7f131c000000 ---p 00000000 00:00 0 
7f131c000000-7f131d307000 rw-p 00000000 00:00 0 
7f131d307000-7f1320000000 ---p 00000000 00:00 0 
7f1320000000-7f1320021000 rw-p 00000000 00:00 0 
7f1320021000-7f1324000000 ---p 00000000 00:00 0 
7f1324000000-7f1324021000 rw-p 00000000 00:00 0 
7f1324021000-7f1328000000 ---p 00000000 00:00 0 
7f1328000000-7f1328021000 rw-p 00000000 00:00 0 
7f1328021000-7f132c000000 ---p 00000000 00:00 0 
7f132c000000-7f132c07d000 rw-p 00000000 00:00 0 
7f132c07d000-7f1330000000 ---p 00000000 00:00 0 
7f1330000000-7f1330021000 rw-p 00000000 00:00 0 
7f1330021000-7f1334000000 ---p 00000000 00:00 0 
7f1338000000-7f1338021000 rw-p 00000000 00:00 0 
7f1338021000-7f133c000000 ---p 00000000 00:00 0 
7f133d112000-7f133d115000 ---p 00000000 00:00 0 
7f133d115000-7f133d213000 rw-p 00000000 00:00 0 
7f133d213000-7f133d226000 r--s 00344000 08:01 29019                      /opt/electriccloud/electriccommander/jre/lib/resources.jar
7f133d226000-7f133d3e6000 rw-p 00000000 00:00 0 
7f133d3e6000-7f133d426000 ---p 00000000 00:00 0 
7f133d426000-7f133d626000 rw-p 00000000 00:00 0 
7f133d626000-7f133d62d000 r-xp 00000000 08:01 29031                      /opt/electriccloud/electriccommander/jre/lib/amd64/libawt_headless.so
7f133d62d000-7f133d82c000 ---p 00007000 08:01 29031                      /opt/electriccloud/electriccommander/jre/lib/amd64/libawt_headless.so
7f133d82c000-7f133d82d000 rw-p 00006000 08:01 29031                      /opt/electriccloud/electriccommander/jre/lib/amd64/libawt_headless.so
7f133d82d000-7f133d8cf000 r-xp 00000000 08:01 29030                      /opt/electriccloud/electriccommander/jre/lib/amd64/libawt.so
7f133d8cf000-7f133dacf000 ---p 000a2000 08:01 29030                      /opt/electriccloud/electriccommander/jre/lib/amd64/libawt.so
7f133dacf000-7f133dadb000 rw-p 000a2000 08:01 29030                      /opt/electriccloud/electriccommander/jre/lib/amd64/libawt.so
7f133dadb000-7f133dcff000 rw-p 00000000 00:00 0 
7f133dcff000-7f133dd02000 ---p 00000000 00:00 0 
7f133dd02000-7f133de00000 rw-p 00000000 00:00 0 
7f133de00000-7f133de08000 r-xp 00000000 08:01 29078                      /opt/electriccloud/electriccommander/jre/lib/amd64/libmanagement.so
7f133de08000-7f133e008000 ---p 00008000 08:01 29078                      /opt/electriccloud/electriccommander/jre/lib/amd64/libmanagement.so
7f133e008000-7f133e009000 rw-p 00008000 08:01 29078                      /opt/electriccloud/electriccommander/jre/lib/amd64/libmanagement.so
7f133e009000-7f133e095000 r--s 00fea000 08:01 29263                      /opt/electriccloud/electriccommander/jre/lib/ext/jfxrt.jar
7f133e095000-7f133e097000 r-xp 00000000 08:01 8386                       /lib/libnss_mdns4.so.2
7f133e097000-7f133e296000 ---p 00002000 08:01 8386                       /lib/libnss_mdns4.so.2
7f133e296000-7f133e297000 r--p 00001000 08:01 8386                       /lib/libnss_mdns4.so.2
7f133e297000-7f133e298000 rw-p 00002000 08:01 8386                       /lib/libnss_mdns4.so.2
7f133e298000-7f133e2b0000 r-xp 00000000 08:01 666278                     /lib/x86_64-linux-gnu/libresolv-2.15.so
7f133e2b0000-7f133e4b0000 ---p 00018000 08:01 666278                     /lib/x86_64-linux-gnu/libresolv-2.15.so
7f133e4b0000-7f133e4b1000 r--p 00018000 08:01 666278                     /lib/x86_64-linux-gnu/libresolv-2.15.so
7f133e4b1000-7f133e4b2000 rw-p 00019000 08:01 666278                     /lib/x86_64-linux-gnu/libresolv-2.15.so
7f133e4b2000-7f133e4b4000 rw-p 00000000 00:00 0 
7f133e4b4000-7f133e4bb000 r-xp 00000000 08:01 666279                     /lib/x86_64-linux-gnu/libnss_dns-2.15.so
7f133e4bb000-7f133e6ba000 ---p 00007000 08:01 666279                     /lib/x86_64-linux-gnu/libnss_dns-2.15.so
7f133e6ba000-7f133e6bb000 r--p 00006000 08:01 666279                     /lib/x86_64-linux-gnu/libnss_dns-2.15.so
7f133e6bb000-7f133e6bc000 rw-p 00007000 08:01 666279                     /lib/x86_64-linux-gnu/libnss_dns-2.15.so
7f133e6bc000-7f133e6be000 r-xp 00000000 08:01 8389                       /lib/libnss_mdns4_minimal.so.2
7f133e6be000-7f133e8bd000 ---p 00002000 08:01 8389                       /lib/libnss_mdns4_minimal.so.2
7f133e8bd000-7f133e8be000 r--p 00001000 08:01 8389                       /lib/libnss_mdns4_minimal.so.2
7f133e8be000-7f133e8bf000 rw-p 00002000 08:01 8389                       /lib/libnss_mdns4_minimal.so.2
7f133e8c6000-7f133e8dd000 r--s 00175000 08:01 29267                      /opt/electriccloud/electriccommander/jre/lib/ext/nashorn.jar
7f133e8dd000-7f133e8f3000 r-xp 00000000 08:01 29080                      /opt/electriccloud/electriccommander/jre/lib/amd64/libnet.so
7f133e8f3000-7f133eaf3000 ---p 00016000 08:01 29080                      /opt/electriccloud/electriccommander/jre/lib/amd64/libnet.so
7f133eaf3000-7f133eaf4000 rw-p 00016000 08:01 29080                      /opt/electriccloud/electriccommander/jre/lib/amd64/libnet.so
7f133eaf4000-7f133eb10000 r--s 00393000 08:01 29260                      /opt/electriccloud/electriccommander/jre/lib/ext/cldrdata.jar
7f133eb10000-7f133eb1a000 r--s 00116000 08:01 29264                      /opt/electriccloud/electriccommander/jre/lib/ext/localedata.jar
7f133eb1a000-7f133eb1d000 ---p 00000000 00:00 0 
7f133eb1d000-7f133ec1b000 rw-p 00000000 00:00 0 
7f133ec1b000-7f133ec69000 r--s 0020a000 08:01 22411                      /opt/electriccloud/electriccommander/utils/commander-client.jar
7f133ec69000-7f133ec6c000 ---p 00000000 00:00 0 
7f133ec6c000-7f133edb2000 rw-p 00000000 00:00 0 
7f133edb2000-7f133ef75000 r--s 01df0000 08:01 32140                      /opt/electriccloud/CommanderSDK/lib/gwt-dev.jar
7f133ef75000-7f133ef9d000 rw-p 00000000 00:00 0 
7f133ef9d000-7f133f0a2000 r--s 01a51000 08:01 32142                      /opt/electriccloud/CommanderSDK/lib/gwt-user.jar
7f133f0a2000-7f133f0a4000 r--s 00003000 08:01 33369                      /opt/electriccloud/electriccommander/plugins/EC-Admin-2.12.1.304/lib5/annotations.jar
7f133f0a4000-7f133f0b3000 r--s 0009a000 08:01 33373                      /opt/electriccloud/electriccommander/plugins/EC-Admin-2.12.1.304/lib5/guice.jar
7f133f0b3000-7f133f0b5000 r--s 00007000 08:01 33372                      /opt/electriccloud/electriccommander/plugins/EC-Admin-2.12.1.304/lib5/guice-assistedinject.jar
7f133f0b5000-7f133f0b6000 r--s 00000000 08:01 33375                      /opt/electriccloud/electriccommander/plugins/EC-Admin-2.12.1.304/lib5/javax.inject.jar
7f133f0b6000-7f133f0c6000 r--s 00087000 08:01 33374                      /opt/electriccloud/electriccommander/plugins/EC-Admin-2.12.1.304/lib5/gwtp-all-0.8-PATCH5.jar
7f133f0c6000-7f133f0ce000 r--s 00044000 08:01 33371                      /opt/electriccloud/electriccommander/plugins/EC-Admin-2.12.1.304/lib5/gin-2.1.1.jar
7f133f0ce000-7f133f0dd000 r--s 00096000 08:01 33370                      /opt/electriccloud/electriccommander/plugins/EC-Admin-2.12.1.304/lib5/ec_internal.jar
7f133f0dd000-7f133f12b000 r--s 0020a000 08:01 32350                      /opt/electriccloud/CommanderSDK/lib/commander-client.jar
7f133f12b000-7f133f12c000 ---p 00000000 00:00 0 
7f133f12c000-7f133f22c000 rw-p 00000000 00:00 0 
7f133f22c000-7f133f22f000 ---p 00000000 00:00 0 
7f133f22f000-7f133f32d000 rw-p 00000000 00:00 0 
7f133f32d000-7f133f330000 ---p 00000000 00:00 0 
7f133f330000-7f133f42e000 rw-p 00000000 00:00 0 
7f133f42e000-7f133f431000 ---p 00000000 00:00 0 
7f133f431000-7f133f52f000 rw-p 00000000 00:00 0 
7f133f52f000-7f133f532000 ---p 00000000 00:00 0 
7f133f532000-7f133f630000 rw-p 00000000 00:00 0 
7f133f630000-7f133f633000 ---p 00000000 00:00 0 
7f133f633000-7f133f731000 rw-p 00000000 00:00 0 
7f133f731000-7f133f9fa000 r--p 00000000 08:01 161003                     /usr/lib/locale/locale-archive
7f133f9fa000-7f133f9fd000 ---p 00000000 00:00 0 
7f133f9fd000-7f133fafb000 rw-p 00000000 00:00 0 
7f133fafb000-7f133fafe000 ---p 00000000 00:00 0 
7f133fafe000-7f133fbfc000 rw-p 00000000 00:00 0 
7f133fbfc000-7f133fbfd000 ---p 00000000 00:00 0 
7f133fbfd000-7f1340000000 rw-p 00000000 00:00 0 
7f1340000000-7f1340021000 rw-p 00000000 00:00 0 
7f1340021000-7f1344000000 ---p 00000000 00:00 0 
7f1344004000-7f1344008000 r--s 00093000 08:01 29007                      /opt/electriccloud/electriccommander/jre/lib/jsse.jar
7f1344008000-7f1344031000 r--s 001ee000 08:01 32138                      /opt/electriccloud/CommanderSDK/lib/guava.jar
7f1344031000-7f1344d31000 rw-p 00000000 00:00 0 
7f1344d31000-7f1344f07000 r--s 03caa000 08:01 29020                      /opt/electriccloud/electriccommander/jre/lib/rt.jar
7f1344f07000-7f1345000000 rw-p 00000000 00:00 0 
7f1345000000-7f1345940000 rwxp 00000000 00:00 0 
7f1345950000-7f1354000000 ---p 00000000 00:00 0 
7f1354000000-7f1354a08000 rw-p 00000000 00:00 0 
7f1354a08000-7f1358000000 ---p 00000000 00:00 0 
7f1358003000-7f1358005000 r--s 00001000 08:01 29262                      /opt/electriccloud/electriccommander/jre/lib/ext/dnsns.jar
7f1358005000-7f1358012000 r--s 00073000 08:01 32137                      /opt/electriccloud/CommanderSDK/lib/ec-gwt.jar
7f1358012000-7f135801e000 r--s 000b2000 08:01 32139                      /opt/electriccloud/CommanderSDK/lib/guava-gwt.jar
7f135801e000-7f135909e000 rw-p 00000000 00:00 0 
7f135909e000-7f135909f000 ---p 00000000 00:00 0 
7f135909f000-7f135919f000 rw-p 00000000 00:00 0 
7f135919f000-7f13591a0000 ---p 00000000 00:00 0 
7f13591a0000-7f13592a0000 rw-p 00000000 00:00 0 
7f13592a0000-7f13592a1000 ---p 00000000 00:00 0 
7f13592a1000-7f13593a1000 rw-p 00000000 00:00 0 
7f13593a1000-7f13593a2000 ---p 00000000 00:00 0 
7f13593a2000-7f13594c7000 rw-p 00000000 00:00 0 
7f13594c7000-7f1359862000 ---p 00000000 00:00 0 
7f1359862000-7f135987c000 r-xp 00000000 08:01 29099                      /opt/electriccloud/electriccommander/jre/lib/amd64/libzip.so
7f135987c000-7f1359a7c000 ---p 0001a000 08:01 29099                      /opt/electriccloud/electriccommander/jre/lib/amd64/libzip.so
7f1359a7c000-7f1359a7d000 rw-p 0001a000 08:01 29099                      /opt/electriccloud/electriccommander/jre/lib/amd64/libzip.so
7f1359a7d000-7f1359a89000 r-xp 00000000 08:01 666277                     /lib/x86_64-linux-gnu/libnss_files-2.15.so
7f1359a89000-7f1359c88000 ---p 0000c000 08:01 666277                     /lib/x86_64-linux-gnu/libnss_files-2.15.so
7f1359c88000-7f1359c89000 r--p 0000b000 08:01 666277                     /lib/x86_64-linux-gnu/libnss_files-2.15.so
7f1359c89000-7f1359c8a000 rw-p 0000c000 08:01 666277                     /lib/x86_64-linux-gnu/libnss_files-2.15.so
7f1359c8a000-7f1359c94000 r-xp 00000000 08:01 666281                     /lib/x86_64-linux-gnu/libnss_nis-2.15.so
7f1359c94000-7f1359e94000 ---p 0000a000 08:01 666281                     /lib/x86_64-linux-gnu/libnss_nis-2.15.so
7f1359e94000-7f1359e95000 r--p 0000a000 08:01 666281                     /lib/x86_64-linux-gnu/libnss_nis-2.15.so
7f1359e95000-7f1359e96000 rw-p 0000b000 08:01 666281                     /lib/x86_64-linux-gnu/libnss_nis-2.15.so
7f1359e96000-7f1359ead000 r-xp 00000000 08:01 666296                     /lib/x86_64-linux-gnu/libnsl-2.15.so
7f1359ead000-7f135a0ac000 ---p 00017000 08:01 666296                     /lib/x86_64-linux-gnu/libnsl-2.15.so
7f135a0ac000-7f135a0ad000 r--p 00016000 08:01 666296                     /lib/x86_64-linux-gnu/libnsl-2.15.so
7f135a0ad000-7f135a0ae000 rw-p 00017000 08:01 666296                     /lib/x86_64-linux-gnu/libnsl-2.15.so
7f135a0ae000-7f135a0b0000 rw-p 00000000 00:00 0 
7f135a0b0000-7f135a0b8000 r-xp 00000000 08:01 666275                     /lib/x86_64-linux-gnu/libnss_compat-2.15.so
7f135a0b8000-7f135a2b7000 ---p 00008000 08:01 666275                     /lib/x86_64-linux-gnu/libnss_compat-2.15.so
7f135a2b7000-7f135a2b8000 r--p 00007000 08:01 666275                     /lib/x86_64-linux-gnu/libnss_compat-2.15.so
7f135a2b8000-7f135a2b9000 rw-p 00008000 08:01 666275                     /lib/x86_64-linux-gnu/libnss_compat-2.15.so
7f135a2b9000-7f135a2e3000 r-xp 00000000 08:01 29052                      /opt/electriccloud/electriccommander/jre/lib/amd64/libjava.so
7f135a2e3000-7f135a4e3000 ---p 0002a000 08:01 29052                      /opt/electriccloud/electriccommander/jre/lib/amd64/libjava.so
7f135a4e3000-7f135a4e5000 rw-p 0002a000 08:01 29052                      /opt/electriccloud/electriccommander/jre/lib/amd64/libjava.so
7f135a4e5000-7f135a4f2000 r-xp 00000000 08:01 29098                      /opt/electriccloud/electriccommander/jre/lib/amd64/libverify.so
7f135a4f2000-7f135a6f2000 ---p 0000d000 08:01 29098                      /opt/electriccloud/electriccommander/jre/lib/amd64/libverify.so
7f135a6f2000-7f135a6f4000 rw-p 0000d000 08:01 29098                      /opt/electriccloud/electriccommander/jre/lib/amd64/libverify.so
7f135a6f4000-7f135a6fb000 r-xp 00000000 08:01 666280                     /lib/x86_64-linux-gnu/librt-2.15.so
7f135a6fb000-7f135a8fa000 ---p 00007000 08:01 666280                     /lib/x86_64-linux-gnu/librt-2.15.so
7f135a8fa000-7f135a8fb000 r--p 00006000 08:01 666280                     /lib/x86_64-linux-gnu/librt-2.15.so
7f135a8fb000-7f135a8fc000 rw-p 00007000 08:01 666280                     /lib/x86_64-linux-gnu/librt-2.15.so
7f135a8fc000-7f135a9f7000 r-xp 00000000 08:01 666284                     /lib/x86_64-linux-gnu/libm-2.15.so
7f135a9f7000-7f135abf6000 ---p 000fb000 08:01 666284                     /lib/x86_64-linux-gnu/libm-2.15.so
7f135abf6000-7f135abf7000 r--p 000fa000 08:01 666284                     /lib/x86_64-linux-gnu/libm-2.15.so
7f135abf7000-7f135abf8000 rw-p 000fb000 08:01 666284                     /lib/x86_64-linux-gnu/libm-2.15.so
7f135abf8000-7f135b865000 r-xp 00000000 08:01 29106                      /opt/electriccloud/electriccommander/jre/lib/amd64/server/libjvm.so
7f135b865000-7f135ba64000 ---p 00c6d000 08:01 29106                      /opt/electriccloud/electriccommander/jre/lib/amd64/server/libjvm.so
7f135ba64000-7f135bb3a000 rw-p 00c6c000 08:01 29106                      /opt/electriccloud/electriccommander/jre/lib/amd64/server/libjvm.so
7f135bb3a000-7f135bb7d000 rw-p 00000000 00:00 0 
7f135bb7d000-7f135bd32000 r-xp 00000000 08:01 666273                     /lib/x86_64-linux-gnu/libc-2.15.so
7f135bd32000-7f135bf32000 ---p 001b5000 08:01 666273                     /lib/x86_64-linux-gnu/libc-2.15.so
7f135bf32000-7f135bf36000 r--p 001b5000 08:01 666273                     /lib/x86_64-linux-gnu/libc-2.15.so
7f135bf36000-7f135bf38000 rw-p 001b9000 08:01 666273                     /lib/x86_64-linux-gnu/libc-2.15.so
7f135bf38000-7f135bf3d000 rw-p 00000000 00:00 0 
7f135bf3d000-7f135bf3f000 r-xp 00000000 08:01 666288                     /lib/x86_64-linux-gnu/libdl-2.15.so
7f135bf3f000-7f135c13f000 ---p 00002000 08:01 666288                     /lib/x86_64-linux-gnu/libdl-2.15.so
7f135c13f000-7f135c140000 r--p 00002000 08:01 666288                     /lib/x86_64-linux-gnu/libdl-2.15.so
7f135c140000-7f135c141000 rw-p 00003000 08:01 666288                     /lib/x86_64-linux-gnu/libdl-2.15.so
7f135c141000-7f135c156000 r-xp 00000000 08:01 29102                      /opt/electriccloud/electriccommander/jre/lib/amd64/jli/libjli.so
7f135c156000-7f135c355000 ---p 00015000 08:01 29102                      /opt/electriccloud/electriccommander/jre/lib/amd64/jli/libjli.so
7f135c355000-7f135c356000 rw-p 00014000 08:01 29102                      /opt/electriccloud/electriccommander/jre/lib/amd64/jli/libjli.so
7f135c356000-7f135c36e000 r-xp 00000000 08:01 666282                     /lib/x86_64-linux-gnu/libpthread-2.15.so
7f135c36e000-7f135c56d000 ---p 00018000 08:01 666282                     /lib/x86_64-linux-gnu/libpthread-2.15.so
7f135c56d000-7f135c56e000 r--p 00017000 08:01 666282                     /lib/x86_64-linux-gnu/libpthread-2.15.so
7f135c56e000-7f135c56f000 rw-p 00018000 08:01 666282                     /lib/x86_64-linux-gnu/libpthread-2.15.so
7f135c56f000-7f135c573000 rw-p 00000000 00:00 0 
7f135c573000-7f135c595000 r-xp 00000000 08:01 666285                     /lib/x86_64-linux-gnu/ld-2.15.so
7f135c595000-7f135c598000 r--s 0003a000 08:01 29271                      /opt/electriccloud/electriccommander/jre/lib/ext/sunpkcs11.jar
7f135c598000-7f135c599000 r--s 00009000 08:01 29268                      /opt/electriccloud/electriccommander/jre/lib/ext/sunec.jar
7f135c599000-7f135c5dd000 rw-p 00000000 00:00 0 
7f135c5dd000-7f135c5ef000 ---p 00000000 00:00 0 
7f135c5ef000-7f135c633000 rw-p 00000000 00:00 0 
7f135c633000-7f135c644000 ---p 00000000 00:00 0 
7f135c644000-7f135c66f000 rw-p 00000000 00:00 0 
7f135c66f000-7f135c670000 rw-p 00000000 00:00 0 
7f135c670000-7f135c673000 ---p 00000000 00:00 0 
7f135c673000-7f135c775000 rw-p 00000000 00:00 0 
7f135c775000-7f135c776000 r--s 00010000 08:01 29272                      /opt/electriccloud/electriccommander/jre/lib/ext/zipfs.jar
7f135c776000-7f135c77b000 r--s 0003f000 08:01 29270                      /opt/electriccloud/electriccommander/jre/lib/ext/sunjce_provider.jar
7f135c77c000-7f135c77d000 r--s 00000000 08:01 32143                      /opt/electriccloud/CommanderSDK/lib/jcip-annotations.jar
7f135c77d000-7f135c77f000 r--s 00004000 08:01 32134                      /opt/electriccloud/CommanderSDK/lib/annotations.jar
7f135c77f000-7f135c781000 r--s 0000e000 08:01 32146                      /opt/electriccloud/CommanderSDK/lib/validation-api-1.0.0.GA-sources.jar
7f135c781000-7f135c784000 r--s 00009000 08:01 32145                      /opt/electriccloud/CommanderSDK/lib/validation-api-1.0.0.GA.jar
7f135c784000-7f135c789000 rw-p 00000000 00:00 0 
7f135c789000-7f135c791000 rw-s 00000000 08:01 34311                      /tmp/hsperfdata_lrochette/5073
7f135c791000-7f135c792000 rw-p 00000000 00:00 0 
7f135c792000-7f135c793000 ---p 00000000 00:00 0 
7f135c793000-7f135c795000 rw-p 00000000 00:00 0 
7f135c795000-7f135c796000 r--p 00022000 08:01 666285                     /lib/x86_64-linux-gnu/ld-2.15.so
7f135c796000-7f135c798000 rw-p 00023000 08:01 666285                     /lib/x86_64-linux-gnu/ld-2.15.so
7fff64832000-7fff64853000 rw-p 00000000 00:00 0                          [stack]
7fff648e3000-7fff648e4000 r-xp 00000000 00:00 0                          [vdso]
ffffffffff600000-ffffffffff601000 r-xp 00000000 00:00 0                  [vsyscall]

VM Arguments:
jvm_args: -Xmx256m 
java_command: com.google.gwt.dev.Compiler -war /home/lrochette/GitHub/EC-Zendesk/src/out/gwt-out/htdocs/war -logLevel INFO -style OBF -localWorkers 1 ecplugins.Zendesk.ConfigurationManagement
java_class_path (initial): /opt/electriccloud/CommanderSDK/lib/commander-client.jar:/opt/electriccloud/electriccommander/plugins/EC-Admin-2.12.1.304/lib5/ec_internal.jar:/opt/electriccloud/electriccommander/plugins/EC-Admin-2.12.1.304/lib5/gin-2.1.1.jar:/opt/electriccloud/electriccommander/plugins/EC-Admin-2.12.1.304/lib5/gwtp-all-0.8-PATCH5.jar:/opt/electriccloud/electriccommander/plugins/EC-Admin-2.12.1.304/lib5/javax.inject.jar:/opt/electriccloud/electriccommander/plugins/EC-Admin-2.12.1.304/lib5/guice-assistedinject.jar:/opt/electriccloud/electriccommander/plugins/EC-Admin-2.12.1.304/lib5/guice.jar:/opt/electriccloud/electriccommander/plugins/EC-Admin-2.12.1.304/lib5/annotations.jar:/opt/electriccloud/CommanderSDK/lib/gwt-user.jar:/opt/electriccloud/CommanderSDK/lib/gwt-dev.jar:/opt/electriccloud/CommanderSDK/lib/validation-api-1.0.0.GA.jar:/opt/electriccloud/CommanderSDK/lib/validation-api-1.0.0.GA-sources.jar:/opt/electriccloud/CommanderSDK/lib/guava.jar:/opt/electriccloud/CommanderSDK/lib/guava-gwt.jar:/opt/electriccloud/CommanderSDK/lib/annotations.jar:/opt/electriccloud/CommanderSDK/lib/jcip-annotations.jar:/home/lrochette/GitHub/EC-Zendesk/src/src:/opt/electriccloud/CommanderSDK/lib/ec-gwt.jar:/opt/electriccloud/electriccommander/utils/commander-client.jar
Launcher Type: SUN_STANDARD

Environment Variables:
JAVA_HOME=/opt/electriccloud/electriccommander/jre
PATH=/home/lrochette/com:/home/lrochette/bin:/usr/local/bin:/usr/bin:/bin:/usr/local/games:/usr/games:/opt/electriccloud/electriccommander/bin
SHELL=/bin/bash

Signal Handlers:
SIGSEGV: [libjvm.so+0xa79a80], sa_mask[0]=11111111011111111101111111111110, sa_flags=SA_RESTART|SA_SIGINFO
SIGBUS: [libjvm.so+0xa79a80], sa_mask[0]=11111111011111111101111111111110, sa_flags=SA_RESTART|SA_SIGINFO
SIGFPE: [libjvm.so+0x8e24e0], sa_mask[0]=11111111011111111101111111111110, sa_flags=SA_RESTART|SA_SIGINFO
SIGPIPE: [libjvm.so+0x8e24e0], sa_mask[0]=11111111011111111101111111111110, sa_flags=SA_RESTART|SA_SIGINFO
SIGXFSZ: [libjvm.so+0x8e24e0], sa_mask[0]=11111111011111111101111111111110, sa_flags=SA_RESTART|SA_SIGINFO
SIGILL: [libjvm.so+0x8e24e0], sa_mask[0]=11111111011111111101111111111110, sa_flags=SA_RESTART|SA_SIGINFO
SIGUSR1: SIG_DFL, sa_mask[0]=00000000000000000000000000000000, sa_flags=none
SIGUSR2: [libjvm.so+0x8e3d10], sa_mask[0]=00100000000000000000000000000000, sa_flags=SA_RESTART|SA_SIGINFO
SIGHUP: [libjvm.so+0x8e50d0], sa_mask[0]=11111111011111111101111111111110, sa_flags=SA_RESTART|SA_SIGINFO
SIGINT: [libjvm.so+0x8e50d0], sa_mask[0]=11111111011111111101111111111110, sa_flags=SA_RESTART|SA_SIGINFO
SIGTERM: [libjvm.so+0x8e50d0], sa_mask[0]=11111111011111111101111111111110, sa_flags=SA_RESTART|SA_SIGINFO
SIGQUIT: [libjvm.so+0x8e50d0], sa_mask[0]=11111111011111111101111111111110, sa_flags=SA_RESTART|SA_SIGINFO


---------------  S Y S T E M  ---------------

OS:DISTRIB_ID=Ubuntu
DISTRIB_RELEASE=12.04
DISTRIB_CODENAME=precise
DISTRIB_DESCRIPTION="Ubuntu 12.04.4 LTS"

uname:Linux 3.2.0-64-generic #97-Ubuntu SMP Wed Jun 4 22:04:21 UTC 2014 x86_64
libc:glibc 2.15 NPTL 2.15 
rlimit: STACK 8192k, CORE infinity, NPROC 31449, NOFILE 4096, AS infinity
load average:1.79 0.49 0.27

/proc/meminfo:
MemTotal:        4049600 kB
MemFree:           86608 kB
Buffers:             172 kB
Cached:             8152 kB
SwapCached:            0 kB
Active:          3828568 kB
Inactive:           5340 kB
Active(anon):    3826772 kB
Inactive(anon):      716 kB
Active(file):       1796 kB
Inactive(file):     4624 kB
Unevictable:           0 kB
Mlocked:               0 kB
SwapTotal:             0 kB
SwapFree:              0 kB
Dirty:                28 kB
Writeback:           636 kB
AnonPages:       3826268 kB
Mapped:             3372 kB
Shmem:              1284 kB
Slab:              37512 kB
SReclaimable:      15292 kB
SUnreclaim:        22220 kB
KernelStack:        5456 kB
PageTables:        24876 kB
NFS_Unstable:          0 kB
Bounce:                0 kB
WritebackTmp:          0 kB
CommitLimit:     2024800 kB
Committed_AS:    5076084 kB
VmallocTotal:   34359738367 kB
VmallocUsed:       64252 kB
VmallocChunk:   34359671800 kB
HardwareCorrupted:     0 kB
AnonHugePages:         0 kB
HugePages_Total:       0
HugePages_Free:        0
HugePages_Rsvd:        0
HugePages_Surp:        0
Hugepagesize:       2048 kB
DirectMap4k:       75712 kB
DirectMap2M:     4118528 kB


CPU:total 4 (4 cores per cpu, 1 threads per core) family 6 model 70 stepping 1, cmov, cx8, fxsr, mmx, sse, sse2, sse3, ssse3, tsc

/proc/cpuinfo:
processor	: 0
vendor_id	: GenuineIntel
cpu family	: 6
model		: 70
model name	: Intel(R) Core(TM) i7-4850HQ CPU @ 2.30GHz
stepping	: 1
microcode	: 0x19
cpu MHz		: 2298.506
cache size	: 6144 KB
physical id	: 0
siblings	: 4
core id		: 0
cpu cores	: 4
apicid		: 0
initial apicid	: 0
fpu		: yes
fpu_exception	: yes
cpuid level	: 5
wp		: yes
flags		: fpu vme de pse tsc msr pae mce cx8 apic sep mtrr pge mca cmov pat pse36 clflush mmx fxsr sse sse2 ht syscall nx rdtscp lm constant_tsc rep_good nopl pni ssse3 lahf_lm
bogomips	: 4597.01
clflush size	: 64
cache_alignment	: 64
address sizes	: 39 bits physical, 48 bits virtual
power management:

processor	: 1
vendor_id	: GenuineIntel
cpu family	: 6
model		: 70
model name	: Intel(R) Core(TM) i7-4850HQ CPU @ 2.30GHz
stepping	: 1
microcode	: 0x19
cpu MHz		: 2298.506
cache size	: 6144 KB
physical id	: 0
siblings	: 4
core id		: 1
cpu cores	: 4
apicid		: 1
initial apicid	: 1
fpu		: yes
fpu_exception	: yes
cpuid level	: 5
wp		: yes
flags		: fpu vme de pse tsc msr pae mce cx8 apic sep mtrr pge mca cmov pat pse36 clflush mmx fxsr sse sse2 ht syscall nx rdtscp lm constant_tsc rep_good nopl pni ssse3 lahf_lm
bogomips	: 4522.10
clflush size	: 64
cache_alignment	: 64
address sizes	: 39 bits physical, 48 bits virtual
power management:

processor	: 2
vendor_id	: GenuineIntel
cpu family	: 6
model		: 70
model name	: Intel(R) Core(TM) i7-4850HQ CPU @ 2.30GHz
stepping	: 1
microcode	: 0x19
cpu MHz		: 2298.506
cache size	: 6144 KB
physical id	: 0
siblings	: 4
core id		: 2
cpu cores	: 4
apicid		: 2
initial apicid	: 2
fpu		: yes
fpu_exception	: yes
cpuid level	: 5
wp		: yes
flags		: fpu vme de pse tsc msr pae mce cx8 apic sep mtrr pge mca cmov pat pse36 clflush mmx fxsr sse sse2 ht syscall nx rdtscp lm constant_tsc rep_good nopl pni ssse3 lahf_lm
bogomips	: 4581.12
clflush size	: 64
cache_alignment	: 64
address sizes	: 39 bits physical, 48 bits virtual
power management:

processor	: 3
vendor_id	: GenuineIntel
cpu family	: 6
model		: 70
model name	: Intel(R) Core(TM) i7-4850HQ CPU @ 2.30GHz
stepping	: 1
microcode	: 0x19
cpu MHz		: 2298.506
cache size	: 6144 KB
physical id	: 0
siblings	: 4
core id		: 3
cpu cores	: 4
apicid		: 3
initial apicid	: 3
fpu		: yes
fpu_exception	: yes
cpuid level	: 5
wp		: yes
flags		: fpu vme de pse tsc msr pae mce cx8 apic sep mtrr pge mca cmov pat pse36 clflush mmx fxsr sse sse2 ht syscall nx rdtscp lm constant_tsc rep_good nopl pni ssse3 lahf_lm
bogomips	: 4582.53
clflush size	: 64
cache_alignment	: 64
address sizes	: 39 bits physical, 48 bits virtual
power management:



Memory: 4k page, physical 4049600k(86856k free), swap 0k(0k free)

vm_info: Java HotSpot(TM) 64-Bit Server VM (25.25-b02) for linux-amd64 JRE (1.8.0_25-b17), built on Sep 17 2014 17:32:11 by "java_re" with gcc 4.3.0 20080428 (Red Hat 4.3.0-8)

time: Mon Sep 14 09:44:42 2015
elapsed time: 11 seconds (0d 0h 0m 11s)

