#
# There is insufficient memory for the Java Runtime Environment to continue.
# Native memory allocation (mmap) failed to map 54001664 bytes for committing reserved memory.
# Possible reasons:
#   The system is out of physical RAM or swap space
#   In 32 bit mode, the process size limit was hit
# Possible solutions:
#   Reduce memory load on the system
#   Increase physical memory or swap space
#   Check if swap backing store is full
#   Use 64 bit Java on a 64 bit OS
#   Decrease Java heap size (-Xmx/-Xms)
#   Decrease number of Java threads
#   Decrease Java thread stack sizes (-Xss)
#   Set larger code cache with -XX:ReservedCodeCacheSize=
# This output file may be truncated or incomplete.
#
#  Out of Memory Error (os_linux.cpp:2671), pid=4359, tid=139970821412608
#
# JRE version: Java(TM) SE Runtime Environment (8.0_25-b17) (build 1.8.0_25-b17)
# Java VM: Java HotSpot(TM) 64-Bit Server VM (25.25-b02 mixed mode linux-amd64 compressed oops)
# Core dump written. Default location: /home/lrochette/GitHub/EC-Zendesk/src/core or core.4359
#

---------------  T H R E A D  ---------------

Current thread (0x00007f4d94073800):  VMThread [stack: 0x00007f4d7f06d000,0x00007f4d7f16e000] [id=4368]

Stack: [0x00007f4d7f06d000,0x00007f4d7f16e000],  sp=0x00007f4d7f16c1c0,  free space=1020k
Native frames: (J=compiled Java code, j=interpreted, Vv=VM code, C=native code)
V  [libjvm.so+0xa7923a]  VMError::report_and_die()+0x2ca
V  [libjvm.so+0x4e552b]  report_vm_out_of_memory(char const*, int, unsigned long, VMErrorType, char const*)+0x8b
V  [libjvm.so+0x8e5613]  os::Linux::commit_memory_impl(char*, unsigned long, bool)+0x103
V  [libjvm.so+0x8e5b69]  os::pd_commit_memory(char*, unsigned long, unsigned long, bool)+0x29
V  [libjvm.so+0x8df83a]  os::commit_memory(char*, unsigned long, unsigned long, bool)+0x2a
V  [libjvm.so+0x94f923]  PSVirtualSpace::expand_by(unsigned long)+0x53
V  [libjvm.so+0x940640]  PSOldGen::expand(unsigned long)+0x170
V  [libjvm.so+0x94084b]  PSOldGen::resize(unsigned long)+0x1cb
V  [libjvm.so+0x948441]  PSParallelCompact::invoke_no_policy(bool)+0x9d1
V  [libjvm.so+0x94da4d]  PSScavenge::invoke()+0x1ad
V  [libjvm.so+0x907800]  ParallelScavengeHeap::failed_mem_allocate(unsigned long)+0x70
V  [libjvm.so+0xa7a8b7]  VM_ParallelGCFailedAllocation::doit()+0x97
V  [libjvm.so+0xa81fd5]  VM_Operation::evaluate()+0x55
V  [libjvm.so+0xa803aa]  VMThread::evaluate_operation(VM_Operation*)+0xba
V  [libjvm.so+0xa8072e]  VMThread::loop()+0x1ce
V  [libjvm.so+0xa80ba0]  VMThread::run()+0x70
V  [libjvm.so+0x8e7d48]  java_start(Thread*)+0x108

VM_Operation (0x00007f4d9bbabf70): ParallelGCFailedAllocation, mode: safepoint, requested by thread 0x00007f4d9400a800


---------------  P R O C E S S  ---------------

Java Threads: ( => current thread )
  0x00007f4d944e6000 JavaThread "CompilationUnitBuilder" [_thread_blocked, id=4381, stack(0x00007f4d7e0da000,0x00007f4d7e1db000)]
  0x00007f4d400ed000 JavaThread "Keep-Alive-Timer" daemon [_thread_blocked, id=4379, stack(0x00007f4d7d5df000,0x00007f4d7d6e0000)]
  0x00007f4d40077000 JavaThread "Timer-0" daemon [_thread_blocked, id=4378, stack(0x00007f4d7df62000,0x00007f4d7e063000)]
  0x00007f4d940b3800 JavaThread "Service Thread" daemon [_thread_blocked, id=4375, stack(0x00007f4d7e69d000,0x00007f4d7e79e000)]
  0x00007f4d940b0800 JavaThread "C1 CompilerThread2" daemon [_thread_blocked, id=4374, stack(0x00007f4d7e79e000,0x00007f4d7e89f000)]
  0x00007f4d940ae800 JavaThread "C2 CompilerThread1" daemon [_thread_blocked, id=4373, stack(0x00007f4d7e89f000,0x00007f4d7e9a0000)]
  0x00007f4d940ac000 JavaThread "C2 CompilerThread0" daemon [_thread_blocked, id=4372, stack(0x00007f4d7e9a0000,0x00007f4d7eaa1000)]
  0x00007f4d940aa000 JavaThread "Signal Dispatcher" daemon [_thread_blocked, id=4371, stack(0x00007f4d7eaa1000,0x00007f4d7eba2000)]
  0x00007f4d9407c800 JavaThread "Finalizer" daemon [_thread_blocked, id=4370, stack(0x00007f4d7ee6b000,0x00007f4d7ef6c000)]
  0x00007f4d9407a800 JavaThread "Reference Handler" daemon [_thread_blocked, id=4369, stack(0x00007f4d7ef6c000,0x00007f4d7f06d000)]
  0x00007f4d9400a800 JavaThread "main" [_thread_blocked, id=4363, stack(0x00007f4d9baae000,0x00007f4d9bbaf000)]

Other Threads:
=>0x00007f4d94073800 VMThread [stack: 0x00007f4d7f06d000,0x00007f4d7f16e000] [id=4368]
  0x00007f4d940ba800 WatcherThread [stack: 0x00007f4d7e59c000,0x00007f4d7e69d000] [id=4376]

VM state:at safepoint (normal execution)

VM Mutex/Monitor currently owned by a thread:  ([mutex/lock_event])
[0x00007f4d94006330] ExpandHeap_lock - owner thread: 0x00007f4d94073800
[0x00007f4d940069b0] Threads_lock - owner thread: 0x00007f4d94073800
[0x00007f4d94006eb0] Heap_lock - owner thread: 0x00007f4d9400a800

Heap:
 PSYoungGen      total 58368K, used 0K [0x00000000fab00000, 0x0000000100000000, 0x0000000100000000)
  eden space 29696K, 0% used [0x00000000fab00000,0x00000000fab00000,0x00000000fc800000)
  from space 28672K, 0% used [0x00000000fe400000,0x00000000fe400000,0x0000000100000000)
  to   space 28672K, 0% used [0x00000000fc800000,0x00000000fc800000,0x00000000fe400000)
 ParOldGen       total 87552K, used 83720K [0x00000000f0000000, 0x00000000f5580000, 0x00000000fab00000)
  object space 87552K, 95% used [0x00000000f0000000,0x00000000f51c23e8,0x00000000f5580000)
 Metaspace       used 14004K, capacity 14386K, committed 14464K, reserved 1062912K
  class space    used 1559K, capacity 1651K, committed 1664K, reserved 1048576K

Card table byte_map: [0x00007f4d9ba2d000,0x00007f4d9baae000] byte_map_base: 0x00007f4d9b2ad000

Marking Bits: (ParMarkBitMap*) 0x00007f4d9af902c0
 Begin Bits: [0x00007f4d84800000, 0x00007f4d84c00000)
 End Bits:   [0x00007f4d84c00000, 0x00007f4d85000000)

Polling page: 0x00007f4d9bbd0000

CodeCache: size=245760Kb used=6547Kb max_used=6558Kb free=239213Kb
 bounds [0x00007f4d85000000, 0x00007f4d85670000, 0x00007f4d94000000]
 total_blobs=2262 nmethods=1929 adapters=248
 compilation: enabled

Compilation events (10 events):
Event: 5.452 Thread 0x00007f4d940b0800 1937       3       java.io.DataInputStream::readLong (128 bytes)
Event: 5.453 Thread 0x00007f4d940b0800 nmethod 1937 0x00007f4d856641d0 code [0x00007f4d85664360, 0x00007f4d85664708]
Event: 5.455 Thread 0x00007f4d940ae800 1938       4       java.io.DataInputStream::readFully (63 bytes)
Event: 5.478 Thread 0x00007f4d940ae800 nmethod 1938 0x00007f4d8566bf10 code [0x00007f4d8566c140, 0x00007f4d8566d200]
Event: 5.499 Thread 0x00007f4d940b0800 1939       3       com.google.gwt.dev.javac.JdtCompiler$JreIndex::addPackageRecursively (34 bytes)
Event: 5.499 Thread 0x00007f4d940b0800 nmethod 1939 0x00007f4d85663950 code [0x00007f4d85663b00, 0x00007f4d85664018]
Event: 5.499 Thread 0x00007f4d940b0800 1940       3       com.google.gwt.dev.javac.Shared::getSlashedPackageFrom (23 bytes)
Event: 5.499 Thread 0x00007f4d940b0800 nmethod 1940 0x00007f4d85663290 code [0x00007f4d85663420, 0x00007f4d85663818]
Event: 5.499 Thread 0x00007f4d940ac000 1941       4       java.util.HashSet::add (20 bytes)
Event: 5.501 Thread 0x00007f4d940ac000 nmethod 1941 0x00007f4d85662e90 code [0x00007f4d85662fe0, 0x00007f4d85663128]

GC Heap History (10 events):
Event: 4.101 GC heap after
Heap after GC invocations=7 (full 0):
 PSYoungGen      total 69632K, used 17380K [0x00000000fab00000, 0x0000000100000000, 0x0000000100000000)
  eden space 52224K, 0% used [0x00000000fab00000,0x00000000fab00000,0x00000000fde00000)
  from space 17408K, 99% used [0x00000000fde00000,0x00000000feef90d0,0x00000000fef00000)
  to   space 17408K, 0% used [0x00000000fef00000,0x00000000fef00000,0x0000000100000000)
 ParOldGen       total 45568K, used 45310K [0x00000000f0000000, 0x00000000f2c80000, 0x00000000fab00000)
  object space 45568K, 99% used [0x00000000f0000000,0x00000000f2c3f900,0x00000000f2c80000)
 Metaspace       used 12432K, capacity 12754K, committed 12800K, reserved 1060864K
  class space    used 1422K, capacity 1491K, committed 1536K, reserved 1048576K
}
Event: 4.102 GC heap before
{Heap before GC invocations=8 (full 1):
 PSYoungGen      total 69632K, used 17380K [0x00000000fab00000, 0x0000000100000000, 0x0000000100000000)
  eden space 52224K, 0% used [0x00000000fab00000,0x00000000fab00000,0x00000000fde00000)
  from space 17408K, 99% used [0x00000000fde00000,0x00000000feef90d0,0x00000000fef00000)
  to   space 17408K, 0% used [0x00000000fef00000,0x00000000fef00000,0x0000000100000000)
 ParOldGen       total 45568K, used 45310K [0x00000000f0000000, 0x00000000f2c80000, 0x00000000fab00000)
  object space 45568K, 99% used [0x00000000f0000000,0x00000000f2c3f900,0x00000000f2c80000)
 Metaspace       used 12432K, capacity 12754K, committed 12800K, reserved 1060864K
  class space    used 1422K, capacity 1491K, committed 1536K, reserved 1048576K
Event: 4.534 GC heap after
Heap after GC invocations=8 (full 1):
 PSYoungGen      total 69632K, used 9176K [0x00000000fab00000, 0x0000000100000000, 0x0000000100000000)
  eden space 52224K, 0% used [0x00000000fab00000,0x00000000fab00000,0x00000000fde00000)
  from space 17408K, 52% used [0x00000000fde00000,0x00000000fe6f6148,0x00000000fef00000)
  to   space 17408K, 0% used [0x00000000fef00000,0x00000000fef00000,0x0000000100000000)
 ParOldGen       total 87552K, used 45425K [0x00000000f0000000, 0x00000000f5580000, 0x00000000fab00000)
  object space 87552K, 51% used [0x00000000f0000000,0x00000000f2c5c728,0x00000000f5580000)
 Metaspace       used 12432K, capacity 12754K, committed 12800K, reserved 1060864K
  class space    used 1422K, capacity 1491K, committed 1536K, reserved 1048576K
}
Event: 4.955 GC heap before
{Heap before GC invocations=9 (full 1):
 PSYoungGen      total 69632K, used 61400K [0x00000000fab00000, 0x0000000100000000, 0x0000000100000000)
  eden space 52224K, 100% used [0x00000000fab00000,0x00000000fde00000,0x00000000fde00000)
  from space 17408K, 52% used [0x00000000fde00000,0x00000000fe6f6148,0x00000000fef00000)
  to   space 17408K, 0% used [0x00000000fef00000,0x00000000fef00000,0x0000000100000000)
 ParOldGen       total 87552K, used 45425K [0x00000000f0000000, 0x00000000f5580000, 0x00000000fab00000)
  object space 87552K, 51% used [0x00000000f0000000,0x00000000f2c5c728,0x00000000f5580000)
 Metaspace       used 12490K, capacity 12818K, committed 13056K, reserved 1060864K
  class space    used 1423K, capacity 1491K, committed 1536K, reserved 1048576K
Event: 4.984 GC heap after
Heap after GC invocations=9 (full 1):
 PSYoungGen      total 47104K, used 17383K [0x00000000fab00000, 0x0000000100000000, 0x0000000100000000)
  eden space 29696K, 0% used [0x00000000fab00000,0x00000000fab00000,0x00000000fc800000)
  from space 17408K, 99% used [0x00000000fef00000,0x00000000ffff9c98,0x0000000100000000)
  to   space 28672K, 0% used [0x00000000fc800000,0x00000000fc800000,0x00000000fe400000)
 ParOldGen       total 87552K, used 60534K [0x00000000f0000000, 0x00000000f5580000, 0x00000000fab00000)
  object space 87552K, 69% used [0x00000000f0000000,0x00000000f3b1dbf0,0x00000000f5580000)
 Metaspace       used 12490K, capacity 12818K, committed 13056K, reserved 1060864K
  class space    used 1423K, capacity 1491K, committed 1536K, reserved 1048576K
}
Event: 5.095 GC heap before
{Heap before GC invocations=10 (full 1):
 PSYoungGen      total 47104K, used 47079K [0x00000000fab00000, 0x0000000100000000, 0x0000000100000000)
  eden space 29696K, 100% used [0x00000000fab00000,0x00000000fc800000,0x00000000fc800000)
  from space 17408K, 99% used [0x00000000fef00000,0x00000000ffff9c98,0x0000000100000000)
  to   space 28672K, 0% used [0x00000000fc800000,0x00000000fc800000,0x00000000fe400000)
 ParOldGen       total 87552K, used 60534K [0x00000000f0000000, 0x00000000f5580000, 0x00000000fab00000)
  object space 87552K, 69% used [0x00000000f0000000,0x00000000f3b1dbf0,0x00000000f5580000)
 Metaspace       used 12490K, capacity 12818K, committed 13056K, reserved 1060864K
  class space    used 1423K, capacity 1491K, committed 1536K, reserved 1048576K
Event: 5.121 GC heap after
Heap after GC invocations=10 (full 1):
 PSYoungGen      total 58368K, used 27902K [0x00000000fab00000, 0x0000000100000000, 0x0000000100000000)
  eden space 29696K, 0% used [0x00000000fab00000,0x00000000fab00000,0x00000000fc800000)
  from space 28672K, 97% used [0x00000000fc800000,0x00000000fe33fb88,0x00000000fe400000)
  to   space 28672K, 0% used [0x00000000fe400000,0x00000000fe400000,0x0000000100000000)
 ParOldGen       total 87552K, used 63695K [0x00000000f0000000, 0x00000000f5580000, 0x00000000fab00000)
  object space 87552K, 72% used [0x00000000f0000000,0x00000000f3e33c00,0x00000000f5580000)
 Metaspace       used 12490K, capacity 12818K, committed 13056K, reserved 1060864K
  class space    used 1423K, capacity 1491K, committed 1536K, reserved 1048576K
}
Event: 5.503 GC heap before
{Heap before GC invocations=11 (full 1):
 PSYoungGen      total 58368K, used 57598K [0x00000000fab00000, 0x0000000100000000, 0x0000000100000000)
  eden space 29696K, 100% used [0x00000000fab00000,0x00000000fc800000,0x00000000fc800000)
  from space 28672K, 97% used [0x00000000fc800000,0x00000000fe33fb88,0x00000000fe400000)
  to   space 28672K, 0% used [0x00000000fe400000,0x00000000fe400000,0x0000000100000000)
 ParOldGen       total 87552K, used 63695K [0x00000000f0000000, 0x00000000f5580000, 0x00000000fab00000)
  object space 87552K, 72% used [0x00000000f0000000,0x00000000f3e33c00,0x00000000f5580000)
 Metaspace       used 14004K, capacity 14386K, committed 14464K, reserved 1062912K
  class space    used 1559K, capacity 1651K, committed 1664K, reserved 1048576K
Event: 5.641 GC heap after
Heap after GC invocations=11 (full 1):
 PSYoungGen      total 58368K, used 17617K [0x00000000fab00000, 0x0000000100000000, 0x0000000100000000)
  eden space 29696K, 0% used [0x00000000fab00000,0x00000000fab00000,0x00000000fc800000)
  from space 28672K, 61% used [0x00000000fe400000,0x00000000ff5344f0,0x0000000100000000)
  to   space 28672K, 0% used [0x00000000fc800000,0x00000000fc800000,0x00000000fe400000)
 ParOldGen       total 87552K, used 77428K [0x00000000f0000000, 0x00000000f5580000, 0x00000000fab00000)
  object space 87552K, 88% used [0x00000000f0000000,0x00000000f4b9d3d8,0x00000000f5580000)
 Metaspace       used 14004K, capacity 14386K, committed 14464K, reserved 1062912K
  class space    used 1559K, capacity 1651K, committed 1664K, reserved 1048576K
}
Event: 5.641 GC heap before
{Heap before GC invocations=12 (full 2):
 PSYoungGen      total 58368K, used 17617K [0x00000000fab00000, 0x0000000100000000, 0x0000000100000000)
  eden space 29696K, 0% used [0x00000000fab00000,0x00000000fab00000,0x00000000fc800000)
  from space 28672K, 61% used [0x00000000fe400000,0x00000000ff5344f0,0x0000000100000000)
  to   space 28672K, 0% used [0x00000000fc800000,0x00000000fc800000,0x00000000fe400000)
 ParOldGen       total 87552K, used 77428K [0x00000000f0000000, 0x00000000f5580000, 0x00000000fab00000)
  object space 87552K, 88% used [0x00000000f0000000,0x00000000f4b9d3d8,0x00000000f5580000)
 Metaspace       used 14004K, capacity 14386K, committed 14464K, reserved 1062912K
  class space    used 1559K, capacity 1651K, committed 1664K, reserved 1048576K

Deoptimization events (10 events):
Event: 3.676 Thread 0x00007f4d9400a800 Uncommon trap: reason=unreached action=reinterpret pc=0x00007f4d853c3164 method=java.util.HashMap.putVal(ILjava/lang/Object;Ljava/lang/Object;ZZ)Ljava/lang/Object; @ 193
Event: 5.228 Thread 0x00007f4d9400a800 Uncommon trap: reason=class_check action=maybe_recompile pc=0x00007f4d85637dc8 method=java.io.FilterInputStream.read([B)I @ 5
Event: 5.229 Thread 0x00007f4d9400a800 Uncommon trap: reason=class_check action=maybe_recompile pc=0x00007f4d85637dc8 method=java.io.FilterInputStream.read([B)I @ 5
Event: 5.231 Thread 0x00007f4d9400a800 Uncommon trap: reason=class_check action=maybe_recompile pc=0x00007f4d85637dc8 method=java.io.FilterInputStream.read([B)I @ 5
Event: 5.231 Thread 0x00007f4d9400a800 Uncommon trap: reason=class_check action=maybe_recompile pc=0x00007f4d85637dc8 method=java.io.FilterInputStream.read([B)I @ 5
Event: 5.348 Thread 0x00007f4d9400a800 Uncommon trap: reason=class_check action=maybe_recompile pc=0x00007f4d8546138c method=java.io.BufferedInputStream.read1([BII)I @ 39
Event: 5.348 Thread 0x00007f4d9400a800 Uncommon trap: reason=class_check action=maybe_recompile pc=0x00007f4d8546138c method=java.io.BufferedInputStream.read1([BII)I @ 39
Event: 5.350 Thread 0x00007f4d9400a800 Uncommon trap: reason=class_check action=maybe_recompile pc=0x00007f4d8546138c method=java.io.BufferedInputStream.read1([BII)I @ 39
Event: 5.350 Thread 0x00007f4d9400a800 Uncommon trap: reason=class_check action=maybe_recompile pc=0x00007f4d8546138c method=java.io.BufferedInputStream.read1([BII)I @ 39
Event: 5.369 Thread 0x00007f4d9400a800 Uncommon trap: reason=class_check action=maybe_recompile pc=0x00007f4d8544f9b8 method=java.io.BufferedInputStream.read1([BII)I @ 39

Internal exceptions (10 events):
Event: 5.479 Thread 0x00007f4d9400a800 Exception <a 'java/security/PrivilegedActionException'> (0x00000000fc52cc10) thrown at [/HUDSON/workspace/8-2-build-linux-amd64/jdk8u25/1514/hotspot/src/share/vm/prims/jvm.cpp, line 1312]
Event: 5.481 Thread 0x00007f4d9400a800 Exception <a 'java/security/PrivilegedActionException'> (0x00000000fc530d98) thrown at [/HUDSON/workspace/8-2-build-linux-amd64/jdk8u25/1514/hotspot/src/share/vm/prims/jvm.cpp, line 1312]
Event: 5.486 Thread 0x00007f4d9400a800 Exception <a 'java/security/PrivilegedActionException'> (0x00000000fc534ba8) thrown at [/HUDSON/workspace/8-2-build-linux-amd64/jdk8u25/1514/hotspot/src/share/vm/prims/jvm.cpp, line 1312]
Event: 5.486 Thread 0x00007f4d9400a800 Exception <a 'java/security/PrivilegedActionException'> (0x00000000fc538be0) thrown at [/HUDSON/workspace/8-2-build-linux-amd64/jdk8u25/1514/hotspot/src/share/vm/prims/jvm.cpp, line 1312]
Event: 5.489 Thread 0x00007f4d9400a800 Exception <a 'java/security/PrivilegedActionException'> (0x00000000fc53cd88) thrown at [/HUDSON/workspace/8-2-build-linux-amd64/jdk8u25/1514/hotspot/src/share/vm/prims/jvm.cpp, line 1312]
Event: 5.490 Thread 0x00007f4d9400a800 Exception <a 'java/security/PrivilegedActionException'> (0x00000000fc546ed8) thrown at [/HUDSON/workspace/8-2-build-linux-amd64/jdk8u25/1514/hotspot/src/share/vm/prims/jvm.cpp, line 1312]
Event: 5.491 Thread 0x00007f4d9400a800 Exception <a 'java/security/PrivilegedActionException'> (0x00000000fc54fa88) thrown at [/HUDSON/workspace/8-2-build-linux-amd64/jdk8u25/1514/hotspot/src/share/vm/prims/jvm.cpp, line 1312]
Event: 5.492 Thread 0x00007f4d9400a800 Exception <a 'java/security/PrivilegedActionException'> (0x00000000fc553ee0) thrown at [/HUDSON/workspace/8-2-build-linux-amd64/jdk8u25/1514/hotspot/src/share/vm/prims/jvm.cpp, line 1312]
Event: 5.493 Thread 0x00007f4d9400a800 Exception <a 'java/security/PrivilegedActionException'> (0x00000000fc558428) thrown at [/HUDSON/workspace/8-2-build-linux-amd64/jdk8u25/1514/hotspot/src/share/vm/prims/jvm.cpp, line 1312]
Event: 5.494 Thread 0x00007f4d9400a800 Exception <a 'java/security/PrivilegedActionException'> (0x00000000fc55dd98) thrown at [/HUDSON/workspace/8-2-build-linux-amd64/jdk8u25/1514/hotspot/src/share/vm/prims/jvm.cpp, line 1312]

Events (10 events):
Event: 5.490 loading class org/eclipse/jdt/internal/compiler/lookup/NestedTypeBinding done
Event: 5.491 loading class org/eclipse/jdt/internal/compiler/util/CompoundNameVector
Event: 5.491 loading class org/eclipse/jdt/internal/compiler/util/CompoundNameVector done
Event: 5.492 loading class org/eclipse/jdt/internal/compiler/util/SimpleNameVector
Event: 5.492 loading class org/eclipse/jdt/internal/compiler/util/SimpleNameVector done
Event: 5.493 loading class org/eclipse/jdt/internal/compiler/util/ObjectVector
Event: 5.493 loading class org/eclipse/jdt/internal/compiler/util/ObjectVector done
Event: 5.494 loading class com/google/gwt/dev/javac/JdtCompiler$JreIndex
Event: 5.494 loading class com/google/gwt/dev/javac/JdtCompiler$JreIndex done
Event: 5.503 Executing VM operation: ParallelGCFailedAllocation


Dynamic libraries:
00400000-00401000 r-xp 00000000 08:01 28954                              /opt/electriccloud/electriccommander/jre/bin/java
00600000-00601000 rw-p 00000000 08:01 28954                              /opt/electriccloud/electriccommander/jre/bin/java
016e0000-01701000 rw-p 00000000 00:00 0                                  [heap]
f0000000-f5580000 rw-p 00000000 00:00 0 
f8900000-fab00000 ---p 00000000 00:00 0 
fab00000-100000000 rw-p 00000000 00:00 0 
100000000-1001a0000 rw-p 00000000 00:00 0 
1001a0000-140000000 ---p 00000000 00:00 0 
7f4d38000000-7f4d38021000 rw-p 00000000 00:00 0 
7f4d38021000-7f4d3c000000 ---p 00000000 00:00 0 
7f4d40000000-7f4d4011e000 rw-p 00000000 00:00 0 
7f4d4011e000-7f4d44000000 ---p 00000000 00:00 0 
7f4d44000000-7f4d44021000 rw-p 00000000 00:00 0 
7f4d44021000-7f4d48000000 ---p 00000000 00:00 0 
7f4d48000000-7f4d48021000 rw-p 00000000 00:00 0 
7f4d48021000-7f4d4c000000 ---p 00000000 00:00 0 
7f4d4c000000-7f4d4c021000 rw-p 00000000 00:00 0 
7f4d4c021000-7f4d50000000 ---p 00000000 00:00 0 
7f4d50000000-7f4d50c76000 rw-p 00000000 00:00 0 
7f4d50c76000-7f4d54000000 ---p 00000000 00:00 0 
7f4d54000000-7f4d54494000 rw-p 00000000 00:00 0 
7f4d54494000-7f4d58000000 ---p 00000000 00:00 0 
7f4d58000000-7f4d58021000 rw-p 00000000 00:00 0 
7f4d58021000-7f4d5c000000 ---p 00000000 00:00 0 
7f4d5c000000-7f4d5d227000 rw-p 00000000 00:00 0 
7f4d5d227000-7f4d60000000 ---p 00000000 00:00 0 
7f4d60000000-7f4d60021000 rw-p 00000000 00:00 0 
7f4d60021000-7f4d64000000 ---p 00000000 00:00 0 
7f4d64000000-7f4d64021000 rw-p 00000000 00:00 0 
7f4d64021000-7f4d68000000 ---p 00000000 00:00 0 
7f4d68000000-7f4d68021000 rw-p 00000000 00:00 0 
7f4d68021000-7f4d6c000000 ---p 00000000 00:00 0 
7f4d6c000000-7f4d6c2f1000 rw-p 00000000 00:00 0 
7f4d6c2f1000-7f4d70000000 ---p 00000000 00:00 0 
7f4d70000000-7f4d70021000 rw-p 00000000 00:00 0 
7f4d70021000-7f4d74000000 ---p 00000000 00:00 0 
7f4d78000000-7f4d78021000 rw-p 00000000 00:00 0 
7f4d78021000-7f4d7c000000 ---p 00000000 00:00 0 
7f4d7c85d000-7f4d7c85e000 rw-p 00000000 00:00 0 
7f4d7c85e000-7f4d7c871000 r--s 00344000 08:01 29019                      /opt/electriccloud/electriccommander/jre/lib/resources.jar
7f4d7c871000-7f4d7c8f1000 rw-p 00000000 00:00 0 
7f4d7c8f1000-7f4d7ca71000 ---p 00000000 00:00 0 
7f4d7ca71000-7f4d7cc71000 rw-p 00000000 00:00 0 
7f4d7cc71000-7f4d7cc78000 r-xp 00000000 08:01 29031                      /opt/electriccloud/electriccommander/jre/lib/amd64/libawt_headless.so
7f4d7cc78000-7f4d7ce77000 ---p 00007000 08:01 29031                      /opt/electriccloud/electriccommander/jre/lib/amd64/libawt_headless.so
7f4d7ce77000-7f4d7ce78000 rw-p 00006000 08:01 29031                      /opt/electriccloud/electriccommander/jre/lib/amd64/libawt_headless.so
7f4d7ce78000-7f4d7cf1a000 r-xp 00000000 08:01 29030                      /opt/electriccloud/electriccommander/jre/lib/amd64/libawt.so
7f4d7cf1a000-7f4d7d11a000 ---p 000a2000 08:01 29030                      /opt/electriccloud/electriccommander/jre/lib/amd64/libawt.so
7f4d7d11a000-7f4d7d126000 rw-p 000a2000 08:01 29030                      /opt/electriccloud/electriccommander/jre/lib/amd64/libawt.so
7f4d7d126000-7f4d7d14a000 rw-p 00000000 00:00 0 
7f4d7d14a000-7f4d7d152000 r-xp 00000000 08:01 29078                      /opt/electriccloud/electriccommander/jre/lib/amd64/libmanagement.so
7f4d7d152000-7f4d7d352000 ---p 00008000 08:01 29078                      /opt/electriccloud/electriccommander/jre/lib/amd64/libmanagement.so
7f4d7d352000-7f4d7d353000 rw-p 00008000 08:01 29078                      /opt/electriccloud/electriccommander/jre/lib/amd64/libmanagement.so
7f4d7d353000-7f4d7d553000 rw-p 00000000 00:00 0 
7f4d7d553000-7f4d7d5df000 r--s 00fea000 08:01 29263                      /opt/electriccloud/electriccommander/jre/lib/ext/jfxrt.jar
7f4d7d5df000-7f4d7d5e2000 ---p 00000000 00:00 0 
7f4d7d5e2000-7f4d7d6e0000 rw-p 00000000 00:00 0 
7f4d7d6e0000-7f4d7d6f8000 r-xp 00000000 08:01 666278                     /lib/x86_64-linux-gnu/libresolv-2.15.so
7f4d7d6f8000-7f4d7d8f8000 ---p 00018000 08:01 666278                     /lib/x86_64-linux-gnu/libresolv-2.15.so
7f4d7d8f8000-7f4d7d8f9000 r--p 00018000 08:01 666278                     /lib/x86_64-linux-gnu/libresolv-2.15.so
7f4d7d8f9000-7f4d7d8fa000 rw-p 00019000 08:01 666278                     /lib/x86_64-linux-gnu/libresolv-2.15.so
7f4d7d8fa000-7f4d7d8fc000 rw-p 00000000 00:00 0 
7f4d7d8fc000-7f4d7d903000 r-xp 00000000 08:01 666279                     /lib/x86_64-linux-gnu/libnss_dns-2.15.so
7f4d7d903000-7f4d7db02000 ---p 00007000 08:01 666279                     /lib/x86_64-linux-gnu/libnss_dns-2.15.so
7f4d7db02000-7f4d7db03000 r--p 00006000 08:01 666279                     /lib/x86_64-linux-gnu/libnss_dns-2.15.so
7f4d7db03000-7f4d7db04000 rw-p 00007000 08:01 666279                     /lib/x86_64-linux-gnu/libnss_dns-2.15.so
7f4d7db04000-7f4d7db06000 r-xp 00000000 08:01 8389                       /lib/libnss_mdns4_minimal.so.2
7f4d7db06000-7f4d7dd05000 ---p 00002000 08:01 8389                       /lib/libnss_mdns4_minimal.so.2
7f4d7dd05000-7f4d7dd06000 r--p 00001000 08:01 8389                       /lib/libnss_mdns4_minimal.so.2
7f4d7dd06000-7f4d7dd07000 rw-p 00002000 08:01 8389                       /lib/libnss_mdns4_minimal.so.2
7f4d7dd0a000-7f4d7dd0e000 r--s 00093000 08:01 29007                      /opt/electriccloud/electriccommander/jre/lib/jsse.jar
7f4d7dd0e000-7f4d7dd25000 r--s 00175000 08:01 29267                      /opt/electriccloud/electriccommander/jre/lib/ext/nashorn.jar
7f4d7dd25000-7f4d7dd3b000 r-xp 00000000 08:01 29080                      /opt/electriccloud/electriccommander/jre/lib/amd64/libnet.so
7f4d7dd3b000-7f4d7df3b000 ---p 00016000 08:01 29080                      /opt/electriccloud/electriccommander/jre/lib/amd64/libnet.so
7f4d7df3b000-7f4d7df3c000 rw-p 00016000 08:01 29080                      /opt/electriccloud/electriccommander/jre/lib/amd64/libnet.so
7f4d7df3c000-7f4d7df58000 r--s 00393000 08:01 29260                      /opt/electriccloud/electriccommander/jre/lib/ext/cldrdata.jar
7f4d7df58000-7f4d7df62000 r--s 00116000 08:01 29264                      /opt/electriccloud/electriccommander/jre/lib/ext/localedata.jar
7f4d7df62000-7f4d7df65000 ---p 00000000 00:00 0 
7f4d7df65000-7f4d7e063000 rw-p 00000000 00:00 0 
7f4d7e063000-7f4d7e0b1000 r--s 0020a000 08:01 22411                      /opt/electriccloud/electriccommander/utils/commander-client.jar
7f4d7e0b1000-7f4d7e0da000 r--s 001ee000 08:01 32138                      /opt/electriccloud/CommanderSDK/lib/guava.jar
7f4d7e0da000-7f4d7e0dd000 ---p 00000000 00:00 0 
7f4d7e0dd000-7f4d7e223000 rw-p 00000000 00:00 0 
7f4d7e223000-7f4d7e3e6000 r--s 01df0000 08:01 32140                      /opt/electriccloud/CommanderSDK/lib/gwt-dev.jar
7f4d7e3e6000-7f4d7e40e000 rw-p 00000000 00:00 0 
7f4d7e40e000-7f4d7e513000 r--s 01a51000 08:01 32142                      /opt/electriccloud/CommanderSDK/lib/gwt-user.jar
7f4d7e513000-7f4d7e515000 r--s 00003000 08:01 33369                      /opt/electriccloud/electriccommander/plugins/EC-Admin-2.12.1.304/lib5/annotations.jar
7f4d7e515000-7f4d7e524000 r--s 0009a000 08:01 33373                      /opt/electriccloud/electriccommander/plugins/EC-Admin-2.12.1.304/lib5/guice.jar
7f4d7e524000-7f4d7e526000 r--s 00007000 08:01 33372                      /opt/electriccloud/electriccommander/plugins/EC-Admin-2.12.1.304/lib5/guice-assistedinject.jar
7f4d7e526000-7f4d7e527000 r--s 00000000 08:01 33375                      /opt/electriccloud/electriccommander/plugins/EC-Admin-2.12.1.304/lib5/javax.inject.jar
7f4d7e527000-7f4d7e537000 r--s 00087000 08:01 33374                      /opt/electriccloud/electriccommander/plugins/EC-Admin-2.12.1.304/lib5/gwtp-all-0.8-PATCH5.jar
7f4d7e537000-7f4d7e53f000 r--s 00044000 08:01 33371                      /opt/electriccloud/electriccommander/plugins/EC-Admin-2.12.1.304/lib5/gin-2.1.1.jar
7f4d7e53f000-7f4d7e54e000 r--s 00096000 08:01 33370                      /opt/electriccloud/electriccommander/plugins/EC-Admin-2.12.1.304/lib5/ec_internal.jar
7f4d7e54e000-7f4d7e59c000 r--s 0020a000 08:01 32350                      /opt/electriccloud/CommanderSDK/lib/commander-client.jar
7f4d7e59c000-7f4d7e59d000 ---p 00000000 00:00 0 
7f4d7e59d000-7f4d7e69d000 rw-p 00000000 00:00 0 
7f4d7e69d000-7f4d7e6a0000 ---p 00000000 00:00 0 
7f4d7e6a0000-7f4d7e79e000 rw-p 00000000 00:00 0 
7f4d7e79e000-7f4d7e7a1000 ---p 00000000 00:00 0 
7f4d7e7a1000-7f4d7e89f000 rw-p 00000000 00:00 0 
7f4d7e89f000-7f4d7e8a2000 ---p 00000000 00:00 0 
7f4d7e8a2000-7f4d7e9a0000 rw-p 00000000 00:00 0 
7f4d7e9a0000-7f4d7e9a3000 ---p 00000000 00:00 0 
7f4d7e9a3000-7f4d7eaa1000 rw-p 00000000 00:00 0 
7f4d7eaa1000-7f4d7eaa4000 ---p 00000000 00:00 0 
7f4d7eaa4000-7f4d7eba2000 rw-p 00000000 00:00 0 
7f4d7eba2000-7f4d7ee6b000 r--p 00000000 08:01 161003                     /usr/lib/locale/locale-archive
7f4d7ee6b000-7f4d7ee6e000 ---p 00000000 00:00 0 
7f4d7ee6e000-7f4d7ef6c000 rw-p 00000000 00:00 0 
7f4d7ef6c000-7f4d7ef6f000 ---p 00000000 00:00 0 
7f4d7ef6f000-7f4d7f06d000 rw-p 00000000 00:00 0 
7f4d7f06d000-7f4d7f06e000 ---p 00000000 00:00 0 
7f4d7f06e000-7f4d80000000 rw-p 00000000 00:00 0 
7f4d80000000-7f4d80021000 rw-p 00000000 00:00 0 
7f4d80021000-7f4d84000000 ---p 00000000 00:00 0 
7f4d84000000-7f4d85000000 rw-p 00000000 00:00 0 
7f4d85000000-7f4d85670000 rwxp 00000000 00:00 0 
7f4d85670000-7f4d94000000 ---p 00000000 00:00 0 
7f4d94000000-7f4d947d6000 rw-p 00000000 00:00 0 
7f4d947d6000-7f4d98000000 ---p 00000000 00:00 0 
7f4d98001000-7f4d98003000 r--s 00001000 08:01 29262                      /opt/electriccloud/electriccommander/jre/lib/ext/dnsns.jar
7f4d98003000-7f4d98010000 r--s 00073000 08:01 32137                      /opt/electriccloud/CommanderSDK/lib/ec-gwt.jar
7f4d98010000-7f4d9801c000 r--s 000b2000 08:01 32139                      /opt/electriccloud/CommanderSDK/lib/guava-gwt.jar
7f4d9801c000-7f4d9818d000 rw-p 00000000 00:00 0 
7f4d9818d000-7f4d98363000 r--s 03caa000 08:01 29020                      /opt/electriccloud/electriccommander/jre/lib/rt.jar
7f4d98363000-7f4d984dc000 rw-p 00000000 00:00 0 
7f4d984dc000-7f4d984dd000 ---p 00000000 00:00 0 
7f4d984dd000-7f4d985dd000 rw-p 00000000 00:00 0 
7f4d985dd000-7f4d985de000 ---p 00000000 00:00 0 
7f4d985de000-7f4d986de000 rw-p 00000000 00:00 0 
7f4d986de000-7f4d986df000 ---p 00000000 00:00 0 
7f4d986df000-7f4d987df000 rw-p 00000000 00:00 0 
7f4d987df000-7f4d987e0000 ---p 00000000 00:00 0 
7f4d987e0000-7f4d988fa000 rw-p 00000000 00:00 0 
7f4d988fa000-7f4d98ca0000 ---p 00000000 00:00 0 
7f4d98ca0000-7f4d98cba000 r-xp 00000000 08:01 29099                      /opt/electriccloud/electriccommander/jre/lib/amd64/libzip.so
7f4d98cba000-7f4d98eba000 ---p 0001a000 08:01 29099                      /opt/electriccloud/electriccommander/jre/lib/amd64/libzip.so
7f4d98eba000-7f4d98ebb000 rw-p 0001a000 08:01 29099                      /opt/electriccloud/electriccommander/jre/lib/amd64/libzip.so
7f4d98ebb000-7f4d98ec7000 r-xp 00000000 08:01 666277                     /lib/x86_64-linux-gnu/libnss_files-2.15.so
7f4d98ec7000-7f4d990c6000 ---p 0000c000 08:01 666277                     /lib/x86_64-linux-gnu/libnss_files-2.15.so
7f4d990c6000-7f4d990c7000 r--p 0000b000 08:01 666277                     /lib/x86_64-linux-gnu/libnss_files-2.15.so
7f4d990c7000-7f4d990c8000 rw-p 0000c000 08:01 666277                     /lib/x86_64-linux-gnu/libnss_files-2.15.so
7f4d990c8000-7f4d990d2000 r-xp 00000000 08:01 666281                     /lib/x86_64-linux-gnu/libnss_nis-2.15.so
7f4d990d2000-7f4d992d2000 ---p 0000a000 08:01 666281                     /lib/x86_64-linux-gnu/libnss_nis-2.15.so
7f4d992d2000-7f4d992d3000 r--p 0000a000 08:01 666281                     /lib/x86_64-linux-gnu/libnss_nis-2.15.so
7f4d992d3000-7f4d992d4000 rw-p 0000b000 08:01 666281                     /lib/x86_64-linux-gnu/libnss_nis-2.15.so
7f4d992d4000-7f4d992eb000 r-xp 00000000 08:01 666296                     /lib/x86_64-linux-gnu/libnsl-2.15.so
7f4d992eb000-7f4d994ea000 ---p 00017000 08:01 666296                     /lib/x86_64-linux-gnu/libnsl-2.15.so
7f4d994ea000-7f4d994eb000 r--p 00016000 08:01 666296                     /lib/x86_64-linux-gnu/libnsl-2.15.so
7f4d994eb000-7f4d994ec000 rw-p 00017000 08:01 666296                     /lib/x86_64-linux-gnu/libnsl-2.15.so
7f4d994ec000-7f4d994ee000 rw-p 00000000 00:00 0 
7f4d994ee000-7f4d994f6000 r-xp 00000000 08:01 666275                     /lib/x86_64-linux-gnu/libnss_compat-2.15.so
7f4d994f6000-7f4d996f5000 ---p 00008000 08:01 666275                     /lib/x86_64-linux-gnu/libnss_compat-2.15.so
7f4d996f5000-7f4d996f6000 r--p 00007000 08:01 666275                     /lib/x86_64-linux-gnu/libnss_compat-2.15.so
7f4d996f6000-7f4d996f7000 rw-p 00008000 08:01 666275                     /lib/x86_64-linux-gnu/libnss_compat-2.15.so
7f4d996f7000-7f4d99721000 r-xp 00000000 08:01 29052                      /opt/electriccloud/electriccommander/jre/lib/amd64/libjava.so
7f4d99721000-7f4d99921000 ---p 0002a000 08:01 29052                      /opt/electriccloud/electriccommander/jre/lib/amd64/libjava.so
7f4d99921000-7f4d99923000 rw-p 0002a000 08:01 29052                      /opt/electriccloud/electriccommander/jre/lib/amd64/libjava.so
7f4d99923000-7f4d99930000 r-xp 00000000 08:01 29098                      /opt/electriccloud/electriccommander/jre/lib/amd64/libverify.so
7f4d99930000-7f4d99b30000 ---p 0000d000 08:01 29098                      /opt/electriccloud/electriccommander/jre/lib/amd64/libverify.so
7f4d99b30000-7f4d99b32000 rw-p 0000d000 08:01 29098                      /opt/electriccloud/electriccommander/jre/lib/amd64/libverify.so
7f4d99b32000-7f4d99b39000 r-xp 00000000 08:01 666280                     /lib/x86_64-linux-gnu/librt-2.15.so
7f4d99b39000-7f4d99d38000 ---p 00007000 08:01 666280                     /lib/x86_64-linux-gnu/librt-2.15.so
7f4d99d38000-7f4d99d39000 r--p 00006000 08:01 666280                     /lib/x86_64-linux-gnu/librt-2.15.so
7f4d99d39000-7f4d99d3a000 rw-p 00007000 08:01 666280                     /lib/x86_64-linux-gnu/librt-2.15.so
7f4d99d3a000-7f4d99e35000 r-xp 00000000 08:01 666284                     /lib/x86_64-linux-gnu/libm-2.15.so
7f4d99e35000-7f4d9a034000 ---p 000fb000 08:01 666284                     /lib/x86_64-linux-gnu/libm-2.15.so
7f4d9a034000-7f4d9a035000 r--p 000fa000 08:01 666284                     /lib/x86_64-linux-gnu/libm-2.15.so
7f4d9a035000-7f4d9a036000 rw-p 000fb000 08:01 666284                     /lib/x86_64-linux-gnu/libm-2.15.so
7f4d9a036000-7f4d9aca3000 r-xp 00000000 08:01 29106                      /opt/electriccloud/electriccommander/jre/lib/amd64/server/libjvm.so
7f4d9aca3000-7f4d9aea2000 ---p 00c6d000 08:01 29106                      /opt/electriccloud/electriccommander/jre/lib/amd64/server/libjvm.so
7f4d9aea2000-7f4d9af78000 rw-p 00c6c000 08:01 29106                      /opt/electriccloud/electriccommander/jre/lib/amd64/server/libjvm.so
7f4d9af78000-7f4d9afbb000 rw-p 00000000 00:00 0 
7f4d9afbb000-7f4d9b170000 r-xp 00000000 08:01 666273                     /lib/x86_64-linux-gnu/libc-2.15.so
7f4d9b170000-7f4d9b370000 ---p 001b5000 08:01 666273                     /lib/x86_64-linux-gnu/libc-2.15.so
7f4d9b370000-7f4d9b374000 r--p 001b5000 08:01 666273                     /lib/x86_64-linux-gnu/libc-2.15.so
7f4d9b374000-7f4d9b376000 rw-p 001b9000 08:01 666273                     /lib/x86_64-linux-gnu/libc-2.15.so
7f4d9b376000-7f4d9b37b000 rw-p 00000000 00:00 0 
7f4d9b37b000-7f4d9b37d000 r-xp 00000000 08:01 666288                     /lib/x86_64-linux-gnu/libdl-2.15.so
7f4d9b37d000-7f4d9b57d000 ---p 00002000 08:01 666288                     /lib/x86_64-linux-gnu/libdl-2.15.so
7f4d9b57d000-7f4d9b57e000 r--p 00002000 08:01 666288                     /lib/x86_64-linux-gnu/libdl-2.15.so
7f4d9b57e000-7f4d9b57f000 rw-p 00003000 08:01 666288                     /lib/x86_64-linux-gnu/libdl-2.15.so
7f4d9b57f000-7f4d9b594000 r-xp 00000000 08:01 29102                      /opt/electriccloud/electriccommander/jre/lib/amd64/jli/libjli.so
7f4d9b594000-7f4d9b793000 ---p 00015000 08:01 29102                      /opt/electriccloud/electriccommander/jre/lib/amd64/jli/libjli.so
7f4d9b793000-7f4d9b794000 rw-p 00014000 08:01 29102                      /opt/electriccloud/electriccommander/jre/lib/amd64/jli/libjli.so
7f4d9b794000-7f4d9b7ac000 r-xp 00000000 08:01 666282                     /lib/x86_64-linux-gnu/libpthread-2.15.so
7f4d9b7ac000-7f4d9b9ab000 ---p 00018000 08:01 666282                     /lib/x86_64-linux-gnu/libpthread-2.15.so
7f4d9b9ab000-7f4d9b9ac000 r--p 00017000 08:01 666282                     /lib/x86_64-linux-gnu/libpthread-2.15.so
7f4d9b9ac000-7f4d9b9ad000 rw-p 00018000 08:01 666282                     /lib/x86_64-linux-gnu/libpthread-2.15.so
7f4d9b9ad000-7f4d9b9b1000 rw-p 00000000 00:00 0 
7f4d9b9b1000-7f4d9b9d3000 r-xp 00000000 08:01 666285                     /lib/x86_64-linux-gnu/ld-2.15.so
7f4d9b9d4000-7f4d9b9d7000 r--s 0003a000 08:01 29271                      /opt/electriccloud/electriccommander/jre/lib/ext/sunpkcs11.jar
7f4d9b9d7000-7f4d9ba02000 rw-p 00000000 00:00 0 
7f4d9ba02000-7f4d9ba2d000 ---p 00000000 00:00 0 
7f4d9ba2d000-7f4d9ba58000 rw-p 00000000 00:00 0 
7f4d9ba58000-7f4d9ba82000 ---p 00000000 00:00 0 
7f4d9ba82000-7f4d9baad000 rw-p 00000000 00:00 0 
7f4d9baad000-7f4d9baae000 rw-p 00000000 00:00 0 
7f4d9baae000-7f4d9bab1000 ---p 00000000 00:00 0 
7f4d9bab1000-7f4d9bbb3000 rw-p 00000000 00:00 0 
7f4d9bbb3000-7f4d9bbb4000 r--s 00009000 08:01 29268                      /opt/electriccloud/electriccommander/jre/lib/ext/sunec.jar
7f4d9bbb4000-7f4d9bbb5000 r--s 00010000 08:01 29272                      /opt/electriccloud/electriccommander/jre/lib/ext/zipfs.jar
7f4d9bbb5000-7f4d9bbba000 r--s 0003f000 08:01 29270                      /opt/electriccloud/electriccommander/jre/lib/ext/sunjce_provider.jar
7f4d9bbba000-7f4d9bbbb000 r--s 00000000 08:01 32143                      /opt/electriccloud/CommanderSDK/lib/jcip-annotations.jar
7f4d9bbbb000-7f4d9bbbd000 r--s 00004000 08:01 32134                      /opt/electriccloud/CommanderSDK/lib/annotations.jar
7f4d9bbbd000-7f4d9bbbf000 r--s 0000e000 08:01 32146                      /opt/electriccloud/CommanderSDK/lib/validation-api-1.0.0.GA-sources.jar
7f4d9bbbf000-7f4d9bbc2000 r--s 00009000 08:01 32145                      /opt/electriccloud/CommanderSDK/lib/validation-api-1.0.0.GA.jar
7f4d9bbc2000-7f4d9bbc7000 rw-p 00000000 00:00 0 
7f4d9bbc7000-7f4d9bbcf000 rw-s 00000000 08:01 34287                      /tmp/hsperfdata_lrochette/4359
7f4d9bbcf000-7f4d9bbd0000 rw-p 00000000 00:00 0 
7f4d9bbd0000-7f4d9bbd1000 ---p 00000000 00:00 0 
7f4d9bbd1000-7f4d9bbd3000 rw-p 00000000 00:00 0 
7f4d9bbd3000-7f4d9bbd4000 r--p 00022000 08:01 666285                     /lib/x86_64-linux-gnu/ld-2.15.so
7f4d9bbd4000-7f4d9bbd6000 rw-p 00023000 08:01 666285                     /lib/x86_64-linux-gnu/ld-2.15.so
7fff309ab000-7fff309cc000 rw-p 00000000 00:00 0                          [stack]
7fff309ff000-7fff30a00000 r-xp 00000000 00:00 0                          [vdso]
ffffffffff600000-ffffffffff601000 r-xp 00000000 00:00 0                  [vsyscall]

VM Arguments:
jvm_args: -Xmx256m 
java_command: com.google.gwt.dev.Compiler -war /home/lrochette/GitHub/EC-Zendesk/src/out/gwt-out/htdocs/war -logLevel INFO -style OBF -localWorkers 1 ecplugins.Zendesk.ConfigurationManagement
java_class_path (initial): /opt/electriccloud/CommanderSDK/lib/commander-client.jar:/opt/electriccloud/electriccommander/plugins/EC-Admin-2.12.1.304/lib5/ec_internal.jar:/opt/electriccloud/electriccommander/plugins/EC-Admin-2.12.1.304/lib5/gin-2.1.1.jar:/opt/electriccloud/electriccommander/plugins/EC-Admin-2.12.1.304/lib5/gwtp-all-0.8-PATCH5.jar:/opt/electriccloud/electriccommander/plugins/EC-Admin-2.12.1.304/lib5/javax.inject.jar:/opt/electriccloud/electriccommander/plugins/EC-Admin-2.12.1.304/lib5/guice-assistedinject.jar:/opt/electriccloud/electriccommander/plugins/EC-Admin-2.12.1.304/lib5/guice.jar:/opt/electriccloud/electriccommander/plugins/EC-Admin-2.12.1.304/lib5/annotations.jar:/opt/electriccloud/CommanderSDK/lib/gwt-user.jar:/opt/electriccloud/CommanderSDK/lib/gwt-dev.jar:/opt/electriccloud/CommanderSDK/lib/validation-api-1.0.0.GA.jar:/opt/electriccloud/CommanderSDK/lib/validation-api-1.0.0.GA-sources.jar:/opt/electriccloud/CommanderSDK/lib/guava.jar:/opt/electriccloud/CommanderSDK/lib/guava-gwt.jar:/opt/electriccloud/CommanderSDK/lib/annotations.jar:/opt/electriccloud/CommanderSDK/lib/jcip-annotations.jar:/home/lrochette/GitHub/EC-Zendesk/src/src:/opt/electriccloud/CommanderSDK/lib/ec-gwt.jar:/opt/electriccloud/electriccommander/utils/commander-client.jar
Launcher Type: SUN_STANDARD

Environment Variables:
JAVA_HOME=/opt/electriccloud/electriccommander/jre
PATH=/home/lrochette/com:/home/lrochette/bin:/usr/local/bin:/usr/bin:/bin:/usr/local/games:/usr/games:/opt/electriccloud/electriccommander/bin
SHELL=/bin/bash

Signal Handlers:
SIGSEGV: [libjvm.so+0xa79a80], sa_mask[0]=11111111011111111101111111111110, sa_flags=SA_RESTART|SA_SIGINFO
SIGBUS: [libjvm.so+0xa79a80], sa_mask[0]=11111111011111111101111111111110, sa_flags=SA_RESTART|SA_SIGINFO
SIGFPE: [libjvm.so+0x8e24e0], sa_mask[0]=11111111011111111101111111111110, sa_flags=SA_RESTART|SA_SIGINFO
SIGPIPE: [libjvm.so+0x8e24e0], sa_mask[0]=11111111011111111101111111111110, sa_flags=SA_RESTART|SA_SIGINFO
SIGXFSZ: [libjvm.so+0x8e24e0], sa_mask[0]=11111111011111111101111111111110, sa_flags=SA_RESTART|SA_SIGINFO
SIGILL: [libjvm.so+0x8e24e0], sa_mask[0]=11111111011111111101111111111110, sa_flags=SA_RESTART|SA_SIGINFO
SIGUSR1: SIG_DFL, sa_mask[0]=00000000000000000000000000000000, sa_flags=none
SIGUSR2: [libjvm.so+0x8e3d10], sa_mask[0]=00100000000000000000000000000000, sa_flags=SA_RESTART|SA_SIGINFO
SIGHUP: [libjvm.so+0x8e50d0], sa_mask[0]=11111111011111111101111111111110, sa_flags=SA_RESTART|SA_SIGINFO
SIGINT: [libjvm.so+0x8e50d0], sa_mask[0]=11111111011111111101111111111110, sa_flags=SA_RESTART|SA_SIGINFO
SIGTERM: [libjvm.so+0x8e50d0], sa_mask[0]=11111111011111111101111111111110, sa_flags=SA_RESTART|SA_SIGINFO
SIGQUIT: [libjvm.so+0x8e50d0], sa_mask[0]=11111111011111111101111111111110, sa_flags=SA_RESTART|SA_SIGINFO


---------------  S Y S T E M  ---------------

OS:DISTRIB_ID=Ubuntu
DISTRIB_RELEASE=12.04
DISTRIB_CODENAME=precise
DISTRIB_DESCRIPTION="Ubuntu 12.04.4 LTS"

uname:Linux 3.2.0-64-generic #97-Ubuntu SMP Wed Jun 4 22:04:21 UTC 2014 x86_64
libc:glibc 2.15 NPTL 2.15 
rlimit: STACK 8192k, CORE infinity, NPROC 31449, NOFILE 4096, AS infinity
load average:1.20 0.61 0.39

/proc/meminfo:
MemTotal:        4049600 kB
MemFree:           85304 kB
Buffers:             600 kB
Cached:            66484 kB
SwapCached:            0 kB
Active:          3804188 kB
Inactive:          30292 kB
Active(anon):    3767540 kB
Inactive(anon):      716 kB
Active(file):      36648 kB
Inactive(file):    29576 kB
Unevictable:           0 kB
Mlocked:               0 kB
SwapTotal:             0 kB
SwapFree:              0 kB
Dirty:                68 kB
Writeback:             0 kB
AnonPages:       3766788 kB
Mapped:            29096 kB
Shmem:              1284 kB
Slab:              40392 kB
SReclaimable:      18128 kB
SUnreclaim:        22264 kB
KernelStack:        5464 kB
PageTables:        24696 kB
NFS_Unstable:          0 kB
Bounce:                0 kB
WritebackTmp:          0 kB
CommitLimit:     2024800 kB
Committed_AS:    5006840 kB
VmallocTotal:   34359738367 kB
VmallocUsed:       64252 kB
VmallocChunk:   34359671800 kB
HardwareCorrupted:     0 kB
AnonHugePages:         0 kB
HugePages_Total:       0
HugePages_Free:        0
HugePages_Rsvd:        0
HugePages_Surp:        0
Hugepagesize:       2048 kB
DirectMap4k:       75712 kB
DirectMap2M:     4118528 kB


CPU:total 4 (4 cores per cpu, 1 threads per core) family 6 model 70 stepping 1, cmov, cx8, fxsr, mmx, sse, sse2, sse3, ssse3, tsc

/proc/cpuinfo:
processor	: 0
vendor_id	: GenuineIntel
cpu family	: 6
model		: 70
model name	: Intel(R) Core(TM) i7-4850HQ CPU @ 2.30GHz
stepping	: 1
microcode	: 0x19
cpu MHz		: 2298.506
cache size	: 6144 KB
physical id	: 0
siblings	: 4
core id		: 0
cpu cores	: 4
apicid		: 0
initial apicid	: 0
fpu		: yes
fpu_exception	: yes
cpuid level	: 5
wp		: yes
flags		: fpu vme de pse tsc msr pae mce cx8 apic sep mtrr pge mca cmov pat pse36 clflush mmx fxsr sse sse2 ht syscall nx rdtscp lm constant_tsc rep_good nopl pni ssse3 lahf_lm
bogomips	: 4597.01
clflush size	: 64
cache_alignment	: 64
address sizes	: 39 bits physical, 48 bits virtual
power management:

processor	: 1
vendor_id	: GenuineIntel
cpu family	: 6
model		: 70
model name	: Intel(R) Core(TM) i7-4850HQ CPU @ 2.30GHz
stepping	: 1
microcode	: 0x19
cpu MHz		: 2298.506
cache size	: 6144 KB
physical id	: 0
siblings	: 4
core id		: 1
cpu cores	: 4
apicid		: 1
initial apicid	: 1
fpu		: yes
fpu_exception	: yes
cpuid level	: 5
wp		: yes
flags		: fpu vme de pse tsc msr pae mce cx8 apic sep mtrr pge mca cmov pat pse36 clflush mmx fxsr sse sse2 ht syscall nx rdtscp lm constant_tsc rep_good nopl pni ssse3 lahf_lm
bogomips	: 4522.10
clflush size	: 64
cache_alignment	: 64
address sizes	: 39 bits physical, 48 bits virtual
power management:

processor	: 2
vendor_id	: GenuineIntel
cpu family	: 6
model		: 70
model name	: Intel(R) Core(TM) i7-4850HQ CPU @ 2.30GHz
stepping	: 1
microcode	: 0x19
cpu MHz		: 2298.506
cache size	: 6144 KB
physical id	: 0
siblings	: 4
core id		: 2
cpu cores	: 4
apicid		: 2
initial apicid	: 2
fpu		: yes
fpu_exception	: yes
cpuid level	: 5
wp		: yes
flags		: fpu vme de pse tsc msr pae mce cx8 apic sep mtrr pge mca cmov pat pse36 clflush mmx fxsr sse sse2 ht syscall nx rdtscp lm constant_tsc rep_good nopl pni ssse3 lahf_lm
bogomips	: 4581.12
clflush size	: 64
cache_alignment	: 64
address sizes	: 39 bits physical, 48 bits virtual
power management:

processor	: 3
vendor_id	: GenuineIntel
cpu family	: 6
model		: 70
model name	: Intel(R) Core(TM) i7-4850HQ CPU @ 2.30GHz
stepping	: 1
microcode	: 0x19
cpu MHz		: 2298.506
cache size	: 6144 KB
physical id	: 0
siblings	: 4
core id		: 3
cpu cores	: 4
apicid		: 3
initial apicid	: 3
fpu		: yes
fpu_exception	: yes
cpuid level	: 5
wp		: yes
flags		: fpu vme de pse tsc msr pae mce cx8 apic sep mtrr pge mca cmov pat pse36 clflush mmx fxsr sse sse2 ht syscall nx rdtscp lm constant_tsc rep_good nopl pni ssse3 lahf_lm
bogomips	: 4582.53
clflush size	: 64
cache_alignment	: 64
address sizes	: 39 bits physical, 48 bits virtual
power management:



Memory: 4k page, physical 4049600k(85304k free), swap 0k(0k free)

vm_info: Java HotSpot(TM) 64-Bit Server VM (25.25-b02) for linux-amd64 JRE (1.8.0_25-b17), built on Sep 17 2014 17:32:11 by "java_re" with gcc 4.3.0 20080428 (Red Hat 4.3.0-8)

time: Mon Sep 14 09:13:09 2015
elapsed time: 6 seconds (0d 0h 0m 6s)

